SF:/Users/kangzengchen/source/buka/buka-works/phi-kernel-tools/src/background_shell.rs
FN:130,_RNvMs0_NtCs4CJuKGlgFPJ_16phi_kernel_tools16background_shellNtB5_14ShellTaskEntry10child_pgid
FN:135,_RNvMs0_NtCs4CJuKGlgFPJ_16phi_kernel_tools16background_shellNtB5_14ShellTaskEntry12bound_buffer
FN:113,_RNvMs0_NtCs4CJuKGlgFPJ_16phi_kernel_tools16background_shellNtB5_14ShellTaskEntry13append_stderr
FN:106,_RNvMs0_NtCs4CJuKGlgFPJ_16phi_kernel_tools16background_shellNtB5_14ShellTaskEntry13append_stdout
FN:120,_RNvMs0_NtCs4CJuKGlgFPJ_16phi_kernel_tools16background_shellNtB5_14ShellTaskEntry13set_exit_code
FN:92,_RNvMs0_NtCs4CJuKGlgFPJ_16phi_kernel_tools16background_shellNtB5_14ShellTaskEntry3new
FN:125,_RNvMs0_NtCs4CJuKGlgFPJ_16phi_kernel_tools16background_shellNtB5_14ShellTaskEntry8set_pgid
FN:173,_RNvMs1_NtCs4CJuKGlgFPJ_16phi_kernel_tools16background_shellNtB5_22BackgroundTaskSnapshot12from_generic
FN:300,_RNvMs3_NtCs4CJuKGlgFPJ_16phi_kernel_tools16background_shellNtB5_22BackgroundTaskRegistry12snapshot_all
FN:246,_RNvMs3_NtCs4CJuKGlgFPJ_16phi_kernel_tools16background_shellNtB5_22BackgroundTaskRegistry13append_output
FN:281,_RNvMs3_NtCs4CJuKGlgFPJ_16phi_kernel_tools16background_shellNtB5_22BackgroundTaskRegistry13update_status
FN:211,_RNvMs3_NtCs4CJuKGlgFPJ_16phi_kernel_tools16background_shellNtB5_22BackgroundTaskRegistry3new
FN:326,_RNvMs3_NtCs4CJuKGlgFPJ_16phi_kernel_tools16background_shellNtB5_22BackgroundTaskRegistry4wait
FN:334,_RNvMs3_NtCs4CJuKGlgFPJ_16phi_kernel_tools16background_shellNtB5_22BackgroundTaskRegistry5watch
FN:312,_RNvMs3_NtCs4CJuKGlgFPJ_16phi_kernel_tools16background_shellNtB5_22BackgroundTaskRegistry6cancel
FN:268,_RNvMs3_NtCs4CJuKGlgFPJ_16phi_kernel_tools16background_shellNtB5_22BackgroundTaskRegistry6finish
FN:221,_RNvMs3_NtCs4CJuKGlgFPJ_16phi_kernel_tools16background_shellNtB5_22BackgroundTaskRegistry8register
FN:258,_RNvMs3_NtCs4CJuKGlgFPJ_16phi_kernel_tools16background_shellNtB5_22BackgroundTaskRegistry8set_pgid
FN:343,_RNvMs3_NtCs4CJuKGlgFPJ_16phi_kernel_tools16background_shellNtB5_22BackgroundTaskRegistry8shutdown
FN:291,_RNvMs3_NtCs4CJuKGlgFPJ_16phi_kernel_tools16background_shellNtB5_22BackgroundTaskRegistry8snapshot
FN:286,_RNvMs3_NtCs4CJuKGlgFPJ_16phi_kernel_tools16background_shellNtB5_22BackgroundTaskRegistry9set_error
FN:371,_RNvMs4_NtCs4CJuKGlgFPJ_16phi_kernel_tools16background_shellNtB5_14TaskOutputTool3new
FN:532,_RNvMs5_NtCs4CJuKGlgFPJ_16phi_kernel_tools16background_shellNtB5_14TaskCancelTool3new
FN:376,_RNvNtCs4CJuKGlgFPJ_16phi_kernel_tools16background_shell13format_status
FN:39,_RNvXNtCs4CJuKGlgFPJ_16phi_kernel_tools16background_shellNtB2_20BackgroundTaskStatusNtNtNtB4_13task_registry6traits10TaskStatus11is_terminal
FN:43,_RNvXNtCs4CJuKGlgFPJ_16phi_kernel_tools16background_shellNtB2_20BackgroundTaskStatusNtNtNtB4_13task_registry6traits10TaskStatus14is_wake_worthy
FN:202,_RNvXs2_NtCs4CJuKGlgFPJ_16phi_kernel_tools16background_shellNtB5_22BackgroundTaskRegistryNtNtCslWxY2MhVcag_4core3fmt5Debug3fmt
FN:85,_RNvXs_NtCs4CJuKGlgFPJ_16phi_kernel_tools16background_shellNtB4_14ShellTaskEntryNtNtNtB6_13task_registry6traits9TaskEntry10set_status
FN:77,_RNvXs_NtCs4CJuKGlgFPJ_16phi_kernel_tools16background_shellNtB4_14ShellTaskEntryNtNtNtB6_13task_registry6traits9TaskEntry2id
FN:81,_RNvXs_NtCs4CJuKGlgFPJ_16phi_kernel_tools16background_shellNtB4_14ShellTaskEntryNtNtNtB6_13task_registry6traits9TaskEntry6status
FN:459,_RNvXsf_NtCs4CJuKGlgFPJ_16phi_kernel_tools16background_shellNtB5_14TaskOutputToolNtNtCs2fHrdbyvnro_10agent_base4tool4Tool10timeout_ms
FN:422,_RNvXsf_NtCs4CJuKGlgFPJ_16phi_kernel_tools16background_shellNtB5_14TaskOutputToolNtNtCs2fHrdbyvnro_10agent_base4tool4Tool11description
FN:465,_RNvXsf_NtCs4CJuKGlgFPJ_16phi_kernel_tools16background_shellNtB5_14TaskOutputToolNtNtCs2fHrdbyvnro_10agent_base4tool4Tool4call
FN:418,_RNvXsf_NtCs4CJuKGlgFPJ_16phi_kernel_tools16background_shellNtB5_14TaskOutputToolNtNtCs2fHrdbyvnro_10agent_base4tool4Tool4name
FN:426,_RNvXsf_NtCs4CJuKGlgFPJ_16phi_kernel_tools16background_shellNtB5_14TaskOutputToolNtNtCs2fHrdbyvnro_10agent_base4tool4Tool6schema
FN:449,_RNvXsf_NtCs4CJuKGlgFPJ_16phi_kernel_tools16background_shellNtB5_14TaskOutputToolNtNtCs2fHrdbyvnro_10agent_base4tool4Tool8metadata
FN:543,_RNvXsh_NtCs4CJuKGlgFPJ_16phi_kernel_tools16background_shellNtB5_14TaskCancelToolNtNtCs2fHrdbyvnro_10agent_base4tool4Tool11description
FN:570,_RNvXsh_NtCs4CJuKGlgFPJ_16phi_kernel_tools16background_shellNtB5_14TaskCancelToolNtNtCs2fHrdbyvnro_10agent_base4tool4Tool4call
FN:539,_RNvXsh_NtCs4CJuKGlgFPJ_16phi_kernel_tools16background_shellNtB5_14TaskCancelToolNtNtCs2fHrdbyvnro_10agent_base4tool4Tool4name
FN:547,_RNvXsh_NtCs4CJuKGlgFPJ_16phi_kernel_tools16background_shellNtB5_14TaskCancelToolNtNtCs2fHrdbyvnro_10agent_base4tool4Tool6schema
FN:560,_RNvXsh_NtCs4CJuKGlgFPJ_16phi_kernel_tools16background_shellNtB5_14TaskCancelToolNtNtCs2fHrdbyvnro_10agent_base4tool4Tool8metadata
FN:330,_RNCNCNvMs3_NtCs4CJuKGlgFPJ_16phi_kernel_tools16background_shellNtB9_22BackgroundTaskRegistry4wait00Bb_
FN:491,_RNCNCNvXsf_NtCs4CJuKGlgFPJ_16phi_kernel_tools16background_shellNtB9_14TaskOutputToolNtNtCs2fHrdbyvnro_10agent_base4tool4Tool4call00Bb_
FN:508,_RNCNCNvXsf_NtCs4CJuKGlgFPJ_16phi_kernel_tools16background_shellNtB9_14TaskOutputToolNtNtCs2fHrdbyvnro_10agent_base4tool4Tool4call0s_0Bb_
FN:247,_RNCNvMs3_NtCs4CJuKGlgFPJ_16phi_kernel_tools16background_shellNtB7_22BackgroundTaskRegistry13append_output0B9_
FN:326,_RNCNvMs3_NtCs4CJuKGlgFPJ_16phi_kernel_tools16background_shellNtB7_22BackgroundTaskRegistry4wait0B9_
FN:270,_RNCNvMs3_NtCs4CJuKGlgFPJ_16phi_kernel_tools16background_shellNtB7_22BackgroundTaskRegistry6finish0B9_
FN:238,_RNCNvMs3_NtCs4CJuKGlgFPJ_16phi_kernel_tools16background_shellNtB7_22BackgroundTaskRegistry8register0B9_
FN:259,_RNCNvMs3_NtCs4CJuKGlgFPJ_16phi_kernel_tools16background_shellNtB7_22BackgroundTaskRegistry8set_pgid0B9_
FN:349,_RNCNvMs3_NtCs4CJuKGlgFPJ_16phi_kernel_tools16background_shellNtB7_22BackgroundTaskRegistry8shutdown0B9_
FN:350,_RNCNvMs3_NtCs4CJuKGlgFPJ_16phi_kernel_tools16background_shellNtB7_22BackgroundTaskRegistry8shutdowns_0B9_
FN:294,_RNCNvMs3_NtCs4CJuKGlgFPJ_16phi_kernel_tools16background_shellNtB7_22BackgroundTaskRegistry8snapshot0B9_
FN:330,_RNCNCNvMs3_NtCsq9ymPQYH72_16phi_kernel_tools16background_shellNtB9_22BackgroundTaskRegistry4wait00Bb_
FN:491,_RNCNCNvXsf_NtCsq9ymPQYH72_16phi_kernel_tools16background_shellNtB9_14TaskOutputToolNtNtCs2fHrdbyvnro_10agent_base4tool4Tool4call00Bb_
FN:508,_RNCNCNvXsf_NtCsq9ymPQYH72_16phi_kernel_tools16background_shellNtB9_14TaskOutputToolNtNtCs2fHrdbyvnro_10agent_base4tool4Tool4call0s_0Bb_
FN:326,_RNCNvMs3_NtCsq9ymPQYH72_16phi_kernel_tools16background_shellNtB7_22BackgroundTaskRegistry4wait0B9_
FN:349,_RNCNvMs3_NtCsq9ymPQYH72_16phi_kernel_tools16background_shellNtB7_22BackgroundTaskRegistry8shutdown0B9_
FN:350,_RNCNvMs3_NtCsq9ymPQYH72_16phi_kernel_tools16background_shellNtB7_22BackgroundTaskRegistry8shutdowns_0B9_
FN:130,_RNvMs0_NtCsq9ymPQYH72_16phi_kernel_tools16background_shellNtB5_14ShellTaskEntry10child_pgid
FN:326,_RNvMs3_NtCsq9ymPQYH72_16phi_kernel_tools16background_shellNtB5_22BackgroundTaskRegistry4wait
FN:334,_RNvMs3_NtCsq9ymPQYH72_16phi_kernel_tools16background_shellNtB5_22BackgroundTaskRegistry5watch
FN:312,_RNvMs3_NtCsq9ymPQYH72_16phi_kernel_tools16background_shellNtB5_22BackgroundTaskRegistry6cancel
FN:343,_RNvMs3_NtCsq9ymPQYH72_16phi_kernel_tools16background_shellNtB5_22BackgroundTaskRegistry8shutdown
FN:371,_RNvMs4_NtCsq9ymPQYH72_16phi_kernel_tools16background_shellNtB5_14TaskOutputTool3new
FN:532,_RNvMs5_NtCsq9ymPQYH72_16phi_kernel_tools16background_shellNtB5_14TaskCancelTool3new
FN:376,_RNvNtCsq9ymPQYH72_16phi_kernel_tools16background_shell13format_status
FN:43,_RNvXNtCsq9ymPQYH72_16phi_kernel_tools16background_shellNtB2_20BackgroundTaskStatusNtNtNtB4_13task_registry6traits10TaskStatus14is_wake_worthy
FN:202,_RNvXs2_NtCsq9ymPQYH72_16phi_kernel_tools16background_shellNtB5_22BackgroundTaskRegistryNtNtCslWxY2MhVcag_4core3fmt5Debug3fmt
FN:459,_RNvXsf_NtCsq9ymPQYH72_16phi_kernel_tools16background_shellNtB5_14TaskOutputToolNtNtCs2fHrdbyvnro_10agent_base4tool4Tool10timeout_ms
FN:422,_RNvXsf_NtCsq9ymPQYH72_16phi_kernel_tools16background_shellNtB5_14TaskOutputToolNtNtCs2fHrdbyvnro_10agent_base4tool4Tool11description
FN:465,_RNvXsf_NtCsq9ymPQYH72_16phi_kernel_tools16background_shellNtB5_14TaskOutputToolNtNtCs2fHrdbyvnro_10agent_base4tool4Tool4call
FN:418,_RNvXsf_NtCsq9ymPQYH72_16phi_kernel_tools16background_shellNtB5_14TaskOutputToolNtNtCs2fHrdbyvnro_10agent_base4tool4Tool4name
FN:426,_RNvXsf_NtCsq9ymPQYH72_16phi_kernel_tools16background_shellNtB5_14TaskOutputToolNtNtCs2fHrdbyvnro_10agent_base4tool4Tool6schema
FN:449,_RNvXsf_NtCsq9ymPQYH72_16phi_kernel_tools16background_shellNtB5_14TaskOutputToolNtNtCs2fHrdbyvnro_10agent_base4tool4Tool8metadata
FN:543,_RNvXsh_NtCsq9ymPQYH72_16phi_kernel_tools16background_shellNtB5_14TaskCancelToolNtNtCs2fHrdbyvnro_10agent_base4tool4Tool11description
FN:570,_RNvXsh_NtCsq9ymPQYH72_16phi_kernel_tools16background_shellNtB5_14TaskCancelToolNtNtCs2fHrdbyvnro_10agent_base4tool4Tool4call
FN:539,_RNvXsh_NtCsq9ymPQYH72_16phi_kernel_tools16background_shellNtB5_14TaskCancelToolNtNtCs2fHrdbyvnro_10agent_base4tool4Tool4name
FN:547,_RNvXsh_NtCsq9ymPQYH72_16phi_kernel_tools16background_shellNtB5_14TaskCancelToolNtNtCs2fHrdbyvnro_10agent_base4tool4Tool6schema
FN:560,_RNvXsh_NtCsq9ymPQYH72_16phi_kernel_tools16background_shellNtB5_14TaskCancelToolNtNtCs2fHrdbyvnro_10agent_base4tool4Tool8metadata
FN:247,_RNCNvMs3_NtCsq9ymPQYH72_16phi_kernel_tools16background_shellNtB7_22BackgroundTaskRegistry13append_output0B9_
FN:270,_RNCNvMs3_NtCsq9ymPQYH72_16phi_kernel_tools16background_shellNtB7_22BackgroundTaskRegistry6finish0B9_
FN:238,_RNCNvMs3_NtCsq9ymPQYH72_16phi_kernel_tools16background_shellNtB7_22BackgroundTaskRegistry8register0B9_
FN:259,_RNCNvMs3_NtCsq9ymPQYH72_16phi_kernel_tools16background_shellNtB7_22BackgroundTaskRegistry8set_pgid0B9_
FN:294,_RNCNvMs3_NtCsq9ymPQYH72_16phi_kernel_tools16background_shellNtB7_22BackgroundTaskRegistry8snapshot0B9_
FN:604,_RNvNtNtCsq9ymPQYH72_16phi_kernel_tools16background_shell5tests5setup
FN:613,_RNvNtNtCsq9ymPQYH72_16phi_kernel_tools16background_shell5testss_22register_returns_bg_id
FN:668,_RNvNtNtCsq9ymPQYH72_16phi_kernel_tools16background_shell5testss_25terminal_state_protection
FN:631,_RNvNtNtCsq9ymPQYH72_16phi_kernel_tools16background_shell5testss_27register_respects_max_tasks
FN:657,_RNvNtNtCsq9ymPQYH72_16phi_kernel_tools16background_shell5testss_30finish_sets_done_and_exit_code
FN:621,_RNvNtNtCsq9ymPQYH72_16phi_kernel_tools16background_shell5testss_32register_records_command_and_dir
FN:643,_RNvNtNtCsq9ymPQYH72_16phi_kernel_tools16background_shell5testss_34register_allows_new_after_terminal
FN:681,_RNvNtNtCsq9ymPQYH72_16phi_kernel_tools16background_shell5testss_35snapshot_all_gc_removes_old_entries
FN:135,_RNvMs0_NtCsq9ymPQYH72_16phi_kernel_tools16background_shellNtB5_14ShellTaskEntry12bound_buffer
FN:113,_RNvMs0_NtCsq9ymPQYH72_16phi_kernel_tools16background_shellNtB5_14ShellTaskEntry13append_stderr
FN:106,_RNvMs0_NtCsq9ymPQYH72_16phi_kernel_tools16background_shellNtB5_14ShellTaskEntry13append_stdout
FN:120,_RNvMs0_NtCsq9ymPQYH72_16phi_kernel_tools16background_shellNtB5_14ShellTaskEntry13set_exit_code
FN:92,_RNvMs0_NtCsq9ymPQYH72_16phi_kernel_tools16background_shellNtB5_14ShellTaskEntry3new
FN:125,_RNvMs0_NtCsq9ymPQYH72_16phi_kernel_tools16background_shellNtB5_14ShellTaskEntry8set_pgid
FN:173,_RNvMs1_NtCsq9ymPQYH72_16phi_kernel_tools16background_shellNtB5_22BackgroundTaskSnapshot12from_generic
FN:300,_RNvMs3_NtCsq9ymPQYH72_16phi_kernel_tools16background_shellNtB5_22BackgroundTaskRegistry12snapshot_all
FN:246,_RNvMs3_NtCsq9ymPQYH72_16phi_kernel_tools16background_shellNtB5_22BackgroundTaskRegistry13append_output
FN:281,_RNvMs3_NtCsq9ymPQYH72_16phi_kernel_tools16background_shellNtB5_22BackgroundTaskRegistry13update_status
FN:211,_RNvMs3_NtCsq9ymPQYH72_16phi_kernel_tools16background_shellNtB5_22BackgroundTaskRegistry3new
FN:268,_RNvMs3_NtCsq9ymPQYH72_16phi_kernel_tools16background_shellNtB5_22BackgroundTaskRegistry6finish
FN:221,_RNvMs3_NtCsq9ymPQYH72_16phi_kernel_tools16background_shellNtB5_22BackgroundTaskRegistry8register
FN:258,_RNvMs3_NtCsq9ymPQYH72_16phi_kernel_tools16background_shellNtB5_22BackgroundTaskRegistry8set_pgid
FN:291,_RNvMs3_NtCsq9ymPQYH72_16phi_kernel_tools16background_shellNtB5_22BackgroundTaskRegistry8snapshot
FN:286,_RNvMs3_NtCsq9ymPQYH72_16phi_kernel_tools16background_shellNtB5_22BackgroundTaskRegistry9set_error
FN:39,_RNvXNtCsq9ymPQYH72_16phi_kernel_tools16background_shellNtB2_20BackgroundTaskStatusNtNtNtB4_13task_registry6traits10TaskStatus11is_terminal
FN:85,_RNvXs_NtCsq9ymPQYH72_16phi_kernel_tools16background_shellNtB4_14ShellTaskEntryNtNtNtB6_13task_registry6traits9TaskEntry10set_status
FN:77,_RNvXs_NtCsq9ymPQYH72_16phi_kernel_tools16background_shellNtB4_14ShellTaskEntryNtNtNtB6_13task_registry6traits9TaskEntry2id
FN:81,_RNvXs_NtCsq9ymPQYH72_16phi_kernel_tools16background_shellNtB4_14ShellTaskEntryNtNtNtB6_13task_registry6traits9TaskEntry6status
FNDA:0,_RNvMs0_NtCs4CJuKGlgFPJ_16phi_kernel_tools16background_shellNtB5_14ShellTaskEntry10child_pgid
FNDA:6,_RNvMs0_NtCs4CJuKGlgFPJ_16phi_kernel_tools16background_shellNtB5_14ShellTaskEntry12bound_buffer
FNDA:0,_RNvMs0_NtCs4CJuKGlgFPJ_16phi_kernel_tools16background_shellNtB5_14ShellTaskEntry13append_stderr
FNDA:6,_RNvMs0_NtCs4CJuKGlgFPJ_16phi_kernel_tools16background_shellNtB5_14ShellTaskEntry13append_stdout
FNDA:4,_RNvMs0_NtCs4CJuKGlgFPJ_16phi_kernel_tools16background_shellNtB5_14ShellTaskEntry13set_exit_code
FNDA:10,_RNvMs0_NtCs4CJuKGlgFPJ_16phi_kernel_tools16background_shellNtB5_14ShellTaskEntry3new
FNDA:6,_RNvMs0_NtCs4CJuKGlgFPJ_16phi_kernel_tools16background_shellNtB5_14ShellTaskEntry8set_pgid
FNDA:11,_RNvMs1_NtCs4CJuKGlgFPJ_16phi_kernel_tools16background_shellNtB5_22BackgroundTaskSnapshot12from_generic
FNDA:1,_RNvMs3_NtCs4CJuKGlgFPJ_16phi_kernel_tools16background_shellNtB5_22BackgroundTaskRegistry12snapshot_all
FNDA:6,_RNvMs3_NtCs4CJuKGlgFPJ_16phi_kernel_tools16background_shellNtB5_22BackgroundTaskRegistry13append_output
FNDA:2,_RNvMs3_NtCs4CJuKGlgFPJ_16phi_kernel_tools16background_shellNtB5_22BackgroundTaskRegistry13update_status
FNDA:8,_RNvMs3_NtCs4CJuKGlgFPJ_16phi_kernel_tools16background_shellNtB5_22BackgroundTaskRegistry3new
FNDA:6,_RNvMs3_NtCs4CJuKGlgFPJ_16phi_kernel_tools16background_shellNtB5_22BackgroundTaskRegistry4wait
FNDA:0,_RNvMs3_NtCs4CJuKGlgFPJ_16phi_kernel_tools16background_shellNtB5_22BackgroundTaskRegistry5watch
FNDA:1,_RNvMs3_NtCs4CJuKGlgFPJ_16phi_kernel_tools16background_shellNtB5_22BackgroundTaskRegistry6cancel
FNDA:4,_RNvMs3_NtCs4CJuKGlgFPJ_16phi_kernel_tools16background_shellNtB5_22BackgroundTaskRegistry6finish
FNDA:10,_RNvMs3_NtCs4CJuKGlgFPJ_16phi_kernel_tools16background_shellNtB5_22BackgroundTaskRegistry8register
FNDA:6,_RNvMs3_NtCs4CJuKGlgFPJ_16phi_kernel_tools16background_shellNtB5_22BackgroundTaskRegistry8set_pgid
FNDA:0,_RNvMs3_NtCs4CJuKGlgFPJ_16phi_kernel_tools16background_shellNtB5_22BackgroundTaskRegistry8shutdown
FNDA:6,_RNvMs3_NtCs4CJuKGlgFPJ_16phi_kernel_tools16background_shellNtB5_22BackgroundTaskRegistry8snapshot
FNDA:1,_RNvMs3_NtCs4CJuKGlgFPJ_16phi_kernel_tools16background_shellNtB5_22BackgroundTaskRegistry9set_error
FNDA:8,_RNvMs4_NtCs4CJuKGlgFPJ_16phi_kernel_tools16background_shellNtB5_14TaskOutputTool3new
FNDA:8,_RNvMs5_NtCs4CJuKGlgFPJ_16phi_kernel_tools16background_shellNtB5_14TaskCancelTool3new
FNDA:8,_RNvNtCs4CJuKGlgFPJ_16phi_kernel_tools16background_shell13format_status
FNDA:35,_RNvXNtCs4CJuKGlgFPJ_16phi_kernel_tools16background_shellNtB2_20BackgroundTaskStatusNtNtNtB4_13task_registry6traits10TaskStatus11is_terminal
FNDA:0,_RNvXNtCs4CJuKGlgFPJ_16phi_kernel_tools16background_shellNtB2_20BackgroundTaskStatusNtNtNtB4_13task_registry6traits10TaskStatus14is_wake_worthy
FNDA:0,_RNvXs2_NtCs4CJuKGlgFPJ_16phi_kernel_tools16background_shellNtB5_22BackgroundTaskRegistryNtNtCslWxY2MhVcag_4core3fmt5Debug3fmt
FNDA:7,_RNvXs_NtCs4CJuKGlgFPJ_16phi_kernel_tools16background_shellNtB4_14ShellTaskEntryNtNtNtB6_13task_registry6traits9TaskEntry10set_status
FNDA:9,_RNvXs_NtCs4CJuKGlgFPJ_16phi_kernel_tools16background_shellNtB4_14ShellTaskEntryNtNtNtB6_13task_registry6traits9TaskEntry2id
FNDA:38,_RNvXs_NtCs4CJuKGlgFPJ_16phi_kernel_tools16background_shellNtB4_14ShellTaskEntryNtNtNtB6_13task_registry6traits9TaskEntry6status
FNDA:0,_RNvXsf_NtCs4CJuKGlgFPJ_16phi_kernel_tools16background_shellNtB5_14TaskOutputToolNtNtCs2fHrdbyvnro_10agent_base4tool4Tool10timeout_ms
FNDA:0,_RNvXsf_NtCs4CJuKGlgFPJ_16phi_kernel_tools16background_shellNtB5_14TaskOutputToolNtNtCs2fHrdbyvnro_10agent_base4tool4Tool11description
FNDA:9,_RNvXsf_NtCs4CJuKGlgFPJ_16phi_kernel_tools16background_shellNtB5_14TaskOutputToolNtNtCs2fHrdbyvnro_10agent_base4tool4Tool4call
FNDA:0,_RNvXsf_NtCs4CJuKGlgFPJ_16phi_kernel_tools16background_shellNtB5_14TaskOutputToolNtNtCs2fHrdbyvnro_10agent_base4tool4Tool4name
FNDA:0,_RNvXsf_NtCs4CJuKGlgFPJ_16phi_kernel_tools16background_shellNtB5_14TaskOutputToolNtNtCs2fHrdbyvnro_10agent_base4tool4Tool6schema
FNDA:0,_RNvXsf_NtCs4CJuKGlgFPJ_16phi_kernel_tools16background_shellNtB5_14TaskOutputToolNtNtCs2fHrdbyvnro_10agent_base4tool4Tool8metadata
FNDA:0,_RNvXsh_NtCs4CJuKGlgFPJ_16phi_kernel_tools16background_shellNtB5_14TaskCancelToolNtNtCs2fHrdbyvnro_10agent_base4tool4Tool11description
FNDA:1,_RNvXsh_NtCs4CJuKGlgFPJ_16phi_kernel_tools16background_shellNtB5_14TaskCancelToolNtNtCs2fHrdbyvnro_10agent_base4tool4Tool4call
FNDA:0,_RNvXsh_NtCs4CJuKGlgFPJ_16phi_kernel_tools16background_shellNtB5_14TaskCancelToolNtNtCs2fHrdbyvnro_10agent_base4tool4Tool4name
FNDA:0,_RNvXsh_NtCs4CJuKGlgFPJ_16phi_kernel_tools16background_shellNtB5_14TaskCancelToolNtNtCs2fHrdbyvnro_10agent_base4tool4Tool6schema
FNDA:0,_RNvXsh_NtCs4CJuKGlgFPJ_16phi_kernel_tools16background_shellNtB5_14TaskCancelToolNtNtCs2fHrdbyvnro_10agent_base4tool4Tool8metadata
FNDA:6,_RNCNCNvMs3_NtCs4CJuKGlgFPJ_16phi_kernel_tools16background_shellNtB9_22BackgroundTaskRegistry4wait00Bb_
FNDA:0,_RNCNCNvXsf_NtCs4CJuKGlgFPJ_16phi_kernel_tools16background_shellNtB9_14TaskOutputToolNtNtCs2fHrdbyvnro_10agent_base4tool4Tool4call00Bb_
FNDA:0,_RNCNCNvXsf_NtCs4CJuKGlgFPJ_16phi_kernel_tools16background_shellNtB9_14TaskOutputToolNtNtCs2fHrdbyvnro_10agent_base4tool4Tool4call0s_0Bb_
FNDA:6,_RNCNvMs3_NtCs4CJuKGlgFPJ_16phi_kernel_tools16background_shellNtB7_22BackgroundTaskRegistry13append_output0B9_
FNDA:6,_RNCNvMs3_NtCs4CJuKGlgFPJ_16phi_kernel_tools16background_shellNtB7_22BackgroundTaskRegistry4wait0B9_
FNDA:4,_RNCNvMs3_NtCs4CJuKGlgFPJ_16phi_kernel_tools16background_shellNtB7_22BackgroundTaskRegistry6finish0B9_
FNDA:1,_RNCNvMs3_NtCs4CJuKGlgFPJ_16phi_kernel_tools16background_shellNtB7_22BackgroundTaskRegistry8register0B9_
FNDA:6,_RNCNvMs3_NtCs4CJuKGlgFPJ_16phi_kernel_tools16background_shellNtB7_22BackgroundTaskRegistry8set_pgid0B9_
FNDA:0,_RNCNvMs3_NtCs4CJuKGlgFPJ_16phi_kernel_tools16background_shellNtB7_22BackgroundTaskRegistry8shutdown0B9_
FNDA:0,_RNCNvMs3_NtCs4CJuKGlgFPJ_16phi_kernel_tools16background_shellNtB7_22BackgroundTaskRegistry8shutdowns_0B9_
FNDA:5,_RNCNvMs3_NtCs4CJuKGlgFPJ_16phi_kernel_tools16background_shellNtB7_22BackgroundTaskRegistry8snapshot0B9_
FNDA:0,_RNCNCNvMs3_NtCsq9ymPQYH72_16phi_kernel_tools16background_shellNtB9_22BackgroundTaskRegistry4wait00Bb_
FNDA:0,_RNCNCNvXsf_NtCsq9ymPQYH72_16phi_kernel_tools16background_shellNtB9_14TaskOutputToolNtNtCs2fHrdbyvnro_10agent_base4tool4Tool4call00Bb_
FNDA:0,_RNCNCNvXsf_NtCsq9ymPQYH72_16phi_kernel_tools16background_shellNtB9_14TaskOutputToolNtNtCs2fHrdbyvnro_10agent_base4tool4Tool4call0s_0Bb_
FNDA:0,_RNCNvMs3_NtCsq9ymPQYH72_16phi_kernel_tools16background_shellNtB7_22BackgroundTaskRegistry4wait0B9_
FNDA:0,_RNCNvMs3_NtCsq9ymPQYH72_16phi_kernel_tools16background_shellNtB7_22BackgroundTaskRegistry8shutdown0B9_
FNDA:0,_RNCNvMs3_NtCsq9ymPQYH72_16phi_kernel_tools16background_shellNtB7_22BackgroundTaskRegistry8shutdowns_0B9_
FNDA:0,_RNvMs0_NtCsq9ymPQYH72_16phi_kernel_tools16background_shellNtB5_14ShellTaskEntry10child_pgid
FNDA:0,_RNvMs3_NtCsq9ymPQYH72_16phi_kernel_tools16background_shellNtB5_22BackgroundTaskRegistry4wait
FNDA:0,_RNvMs3_NtCsq9ymPQYH72_16phi_kernel_tools16background_shellNtB5_22BackgroundTaskRegistry5watch
FNDA:0,_RNvMs3_NtCsq9ymPQYH72_16phi_kernel_tools16background_shellNtB5_22BackgroundTaskRegistry6cancel
FNDA:0,_RNvMs3_NtCsq9ymPQYH72_16phi_kernel_tools16background_shellNtB5_22BackgroundTaskRegistry8shutdown
FNDA:0,_RNvMs4_NtCsq9ymPQYH72_16phi_kernel_tools16background_shellNtB5_14TaskOutputTool3new
FNDA:0,_RNvMs5_NtCsq9ymPQYH72_16phi_kernel_tools16background_shellNtB5_14TaskCancelTool3new
FNDA:0,_RNvNtCsq9ymPQYH72_16phi_kernel_tools16background_shell13format_status
FNDA:0,_RNvXNtCsq9ymPQYH72_16phi_kernel_tools16background_shellNtB2_20BackgroundTaskStatusNtNtNtB4_13task_registry6traits10TaskStatus14is_wake_worthy
FNDA:0,_RNvXs2_NtCsq9ymPQYH72_16phi_kernel_tools16background_shellNtB5_22BackgroundTaskRegistryNtNtCslWxY2MhVcag_4core3fmt5Debug3fmt
FNDA:0,_RNvXsf_NtCsq9ymPQYH72_16phi_kernel_tools16background_shellNtB5_14TaskOutputToolNtNtCs2fHrdbyvnro_10agent_base4tool4Tool10timeout_ms
FNDA:0,_RNvXsf_NtCsq9ymPQYH72_16phi_kernel_tools16background_shellNtB5_14TaskOutputToolNtNtCs2fHrdbyvnro_10agent_base4tool4Tool11description
FNDA:0,_RNvXsf_NtCsq9ymPQYH72_16phi_kernel_tools16background_shellNtB5_14TaskOutputToolNtNtCs2fHrdbyvnro_10agent_base4tool4Tool4call
FNDA:0,_RNvXsf_NtCsq9ymPQYH72_16phi_kernel_tools16background_shellNtB5_14TaskOutputToolNtNtCs2fHrdbyvnro_10agent_base4tool4Tool4name
FNDA:0,_RNvXsf_NtCsq9ymPQYH72_16phi_kernel_tools16background_shellNtB5_14TaskOutputToolNtNtCs2fHrdbyvnro_10agent_base4tool4Tool6schema
FNDA:0,_RNvXsf_NtCsq9ymPQYH72_16phi_kernel_tools16background_shellNtB5_14TaskOutputToolNtNtCs2fHrdbyvnro_10agent_base4tool4Tool8metadata
FNDA:0,_RNvXsh_NtCsq9ymPQYH72_16phi_kernel_tools16background_shellNtB5_14TaskCancelToolNtNtCs2fHrdbyvnro_10agent_base4tool4Tool11description
FNDA:0,_RNvXsh_NtCsq9ymPQYH72_16phi_kernel_tools16background_shellNtB5_14TaskCancelToolNtNtCs2fHrdbyvnro_10agent_base4tool4Tool4call
FNDA:0,_RNvXsh_NtCsq9ymPQYH72_16phi_kernel_tools16background_shellNtB5_14TaskCancelToolNtNtCs2fHrdbyvnro_10agent_base4tool4Tool4name
FNDA:0,_RNvXsh_NtCsq9ymPQYH72_16phi_kernel_tools16background_shellNtB5_14TaskCancelToolNtNtCs2fHrdbyvnro_10agent_base4tool4Tool6schema
FNDA:0,_RNvXsh_NtCsq9ymPQYH72_16phi_kernel_tools16background_shellNtB5_14TaskCancelToolNtNtCs2fHrdbyvnro_10agent_base4tool4Tool8metadata
FNDA:0,_RNCNvMs3_NtCsq9ymPQYH72_16phi_kernel_tools16background_shellNtB7_22BackgroundTaskRegistry13append_output0B9_
FNDA:4,_RNCNvMs3_NtCsq9ymPQYH72_16phi_kernel_tools16background_shellNtB7_22BackgroundTaskRegistry6finish0B9_
FNDA:1,_RNCNvMs3_NtCsq9ymPQYH72_16phi_kernel_tools16background_shellNtB7_22BackgroundTaskRegistry8register0B9_
FNDA:0,_RNCNvMs3_NtCsq9ymPQYH72_16phi_kernel_tools16background_shellNtB7_22BackgroundTaskRegistry8set_pgid0B9_
FNDA:3,_RNCNvMs3_NtCsq9ymPQYH72_16phi_kernel_tools16background_shellNtB7_22BackgroundTaskRegistry8snapshot0B9_
FNDA:7,_RNvNtNtCsq9ymPQYH72_16phi_kernel_tools16background_shell5tests5setup
FNDA:1,_RNvNtNtCsq9ymPQYH72_16phi_kernel_tools16background_shell5testss_22register_returns_bg_id
FNDA:1,_RNvNtNtCsq9ymPQYH72_16phi_kernel_tools16background_shell5testss_25terminal_state_protection
FNDA:1,_RNvNtNtCsq9ymPQYH72_16phi_kernel_tools16background_shell5testss_27register_respects_max_tasks
FNDA:1,_RNvNtNtCsq9ymPQYH72_16phi_kernel_tools16background_shell5testss_30finish_sets_done_and_exit_code
FNDA:1,_RNvNtNtCsq9ymPQYH72_16phi_kernel_tools16background_shell5testss_32register_records_command_and_dir
FNDA:1,_RNvNtNtCsq9ymPQYH72_16phi_kernel_tools16background_shell5testss_34register_allows_new_after_terminal
FNDA:1,_RNvNtNtCsq9ymPQYH72_16phi_kernel_tools16background_shell5testss_35snapshot_all_gc_removes_old_entries
FNDA:0,_RNvMs0_NtCsq9ymPQYH72_16phi_kernel_tools16background_shellNtB5_14ShellTaskEntry12bound_buffer
FNDA:0,_RNvMs0_NtCsq9ymPQYH72_16phi_kernel_tools16background_shellNtB5_14ShellTaskEntry13append_stderr
FNDA:0,_RNvMs0_NtCsq9ymPQYH72_16phi_kernel_tools16background_shellNtB5_14ShellTaskEntry13append_stdout
FNDA:4,_RNvMs0_NtCsq9ymPQYH72_16phi_kernel_tools16background_shellNtB5_14ShellTaskEntry13set_exit_code
FNDA:11,_RNvMs0_NtCsq9ymPQYH72_16phi_kernel_tools16background_shellNtB5_14ShellTaskEntry3new
FNDA:0,_RNvMs0_NtCsq9ymPQYH72_16phi_kernel_tools16background_shellNtB5_14ShellTaskEntry8set_pgid
FNDA:4,_RNvMs1_NtCsq9ymPQYH72_16phi_kernel_tools16background_shellNtB5_22BackgroundTaskSnapshot12from_generic
FNDA:2,_RNvMs3_NtCsq9ymPQYH72_16phi_kernel_tools16background_shellNtB5_22BackgroundTaskRegistry12snapshot_all
FNDA:0,_RNvMs3_NtCsq9ymPQYH72_16phi_kernel_tools16background_shellNtB5_22BackgroundTaskRegistry13append_output
FNDA:1,_RNvMs3_NtCsq9ymPQYH72_16phi_kernel_tools16background_shellNtB5_22BackgroundTaskRegistry13update_status
FNDA:7,_RNvMs3_NtCsq9ymPQYH72_16phi_kernel_tools16background_shellNtB5_22BackgroundTaskRegistry3new
FNDA:4,_RNvMs3_NtCsq9ymPQYH72_16phi_kernel_tools16background_shellNtB5_22BackgroundTaskRegistry6finish
FNDA:11,_RNvMs3_NtCsq9ymPQYH72_16phi_kernel_tools16background_shellNtB5_22BackgroundTaskRegistry8register
FNDA:0,_RNvMs3_NtCsq9ymPQYH72_16phi_kernel_tools16background_shellNtB5_22BackgroundTaskRegistry8set_pgid
FNDA:3,_RNvMs3_NtCsq9ymPQYH72_16phi_kernel_tools16background_shellNtB5_22BackgroundTaskRegistry8snapshot
FNDA:1,_RNvMs3_NtCsq9ymPQYH72_16phi_kernel_tools16background_shellNtB5_22BackgroundTaskRegistry9set_error
FNDA:15,_RNvXNtCsq9ymPQYH72_16phi_kernel_tools16background_shellNtB2_20BackgroundTaskStatusNtNtNtB4_13task_registry6traits10TaskStatus11is_terminal
FNDA:4,_RNvXs_NtCsq9ymPQYH72_16phi_kernel_tools16background_shellNtB4_14ShellTaskEntryNtNtNtB6_13task_registry6traits9TaskEntry10set_status
FNDA:10,_RNvXs_NtCsq9ymPQYH72_16phi_kernel_tools16background_shellNtB4_14ShellTaskEntryNtNtNtB6_13task_registry6traits9TaskEntry2id
FNDA:15,_RNvXs_NtCsq9ymPQYH72_16phi_kernel_tools16background_shellNtB4_14ShellTaskEntryNtNtNtB6_13task_registry6traits9TaskEntry6status
FNF:60
FNH:41
DA:39,50
DA:40,50
DA:41,50
DA:43,0
DA:44,0
DA:45,0
DA:50,0
DA:77,19
DA:78,19
DA:79,19
DA:81,53
DA:82,53
DA:83,53
DA:85,11
DA:86,11
DA:87,11
DA:92,21
DA:93,21
DA:94,21
DA:95,21
DA:96,21
DA:97,21
DA:98,21
DA:99,21
DA:100,21
DA:101,21
DA:102,21
DA:103,21
DA:106,6
DA:107,6
DA:108,6
DA:109,6
DA:110,6
DA:113,0
DA:114,0
DA:115,0
DA:116,0
DA:117,0
DA:120,8
DA:121,8
DA:122,8
DA:125,6
DA:126,6
DA:127,6
DA:130,0
DA:131,0
DA:132,0
DA:135,6
DA:140,6
DA:141,6
DA:142,0
DA:144,0
DA:145,0
DA:146,0
DA:147,0
DA:149,0
DA:150,6
DA:173,15
DA:174,15
DA:175,15
DA:176,15
DA:177,15
DA:178,15
DA:179,15
DA:180,15
DA:181,15
DA:182,15
DA:183,15
DA:184,15
DA:185,15
DA:202,0
DA:203,0
DA:204,0
DA:205,0
DA:206,0
DA:211,15
DA:212,15
DA:213,15
DA:214,15
DA:215,15
DA:221,21
DA:222,21
DA:223,21
DA:224,21
DA:225,21
DA:226,21
DA:227,21
DA:228,21
DA:229,21
DA:230,21
DA:231,21
DA:232,21
DA:233,21
DA:236,21
DA:237,21
DA:238,21
DA:240,19
DA:241,21
DA:246,6
DA:247,6
DA:248,6
DA:249,6
DA:250,6
DA:251,6
DA:252,0
DA:253,6
DA:254,6
DA:255,6
DA:258,6
DA:259,6
DA:260,6
DA:261,6
DA:262,6
DA:268,8
DA:270,8
DA:271,8
DA:272,8
DA:274,8
DA:275,8
DA:281,3
DA:282,3
DA:283,3
DA:286,2
DA:287,2
DA:288,2
DA:291,9
DA:292,9
DA:293,9
DA:294,9
DA:295,9
DA:300,3
DA:301,3
DA:302,3
DA:303,3
DA:304,3
DA:305,3
DA:306,3
DA:312,1
DA:313,1
DA:314,1
DA:315,1
DA:316,1
DA:317,1
DA:318,1
DA:319,1
DA:320,1
DA:326,6
DA:327,6
DA:328,6
DA:329,6
DA:330,6
DA:331,6
DA:334,0
DA:335,0
DA:336,0
DA:343,0
DA:346,0
DA:347,0
DA:348,0
DA:349,0
DA:350,0
DA:351,0
DA:354,0
DA:355,0
DA:356,0
DA:358,0
DA:359,0
DA:371,8
DA:372,8
DA:373,8
DA:376,8
DA:377,8
DA:378,8
DA:379,0
DA:380,0
DA:381,0
DA:382,0
DA:383,0
DA:385,5
DA:386,5
DA:387,5
DA:388,5
DA:389,5
DA:390,5
DA:392,1
DA:393,1
DA:394,1
DA:395,1
DA:396,1
DA:397,1
DA:399,1
DA:400,1
DA:401,1
DA:402,1
DA:403,1
DA:404,1
DA:406,1
DA:407,1
DA:408,1
DA:409,1
DA:410,1
DA:411,1
DA:414,8
DA:418,0
DA:419,0
DA:420,0
DA:422,0
DA:423,0
DA:424,0
DA:426,0
DA:427,0
DA:428,0
DA:429,0
DA:430,0
DA:431,0
DA:432,0
DA:434,0
DA:435,0
DA:436,0
DA:437,0
DA:439,0
DA:440,0
DA:441,0
DA:442,0
DA:445,0
DA:447,0
DA:449,0
DA:450,0
DA:451,0
DA:452,0
DA:453,0
DA:454,0
DA:455,0
DA:456,0
DA:457,0
DA:459,0
DA:462,0
DA:463,0
DA:465,9
DA:491,0
DA:508,0
DA:522,9
DA:532,8
DA:533,8
DA:534,8
DA:539,0
DA:540,0
DA:541,0
DA:543,0
DA:544,0
DA:545,0
DA:547,0
DA:548,0
DA:549,0
DA:550,0
DA:551,0
DA:552,0
DA:553,0
DA:556,0
DA:558,0
DA:560,0
DA:561,0
DA:562,0
DA:563,0
DA:564,0
DA:565,0
DA:566,0
DA:567,0
DA:568,0
DA:570,1
DA:596,1
DA:604,7
DA:605,7
DA:606,7
DA:607,7
DA:608,7
DA:613,1
DA:614,1
DA:615,1
DA:616,1
DA:617,1
DA:618,1
DA:621,1
DA:622,1
DA:623,1
DA:624,1
DA:625,1
DA:626,1
DA:627,1
DA:628,1
DA:631,1
DA:632,1
DA:633,1
DA:634,1
DA:635,1
DA:636,1
DA:637,1
DA:638,1
DA:639,1
DA:640,1
DA:643,1
DA:644,1
DA:645,1
DA:646,1
DA:647,1
DA:648,1
DA:649,1
DA:650,1
DA:651,1
DA:652,1
DA:657,1
DA:658,1
DA:659,1
DA:660,1
DA:661,1
DA:662,1
DA:663,1
DA:664,1
DA:665,1
DA:668,1
DA:669,1
DA:670,1
DA:671,1
DA:673,1
DA:674,1
DA:675,1
DA:676,1
DA:681,1
DA:682,1
DA:683,1
DA:684,1
DA:687,1
DA:688,1
DA:691,1
DA:692,1
DA:693,1
BRF:0
BRH:0
LF:345
LH:238
end_of_record
SF:/Users/kangzengchen/source/buka/buka-works/phi-kernel-tools/src/context_rotation/handoff.rs
FN:161,_RNCNCNvNtNtCs4CJuKGlgFPJ_16phi_kernel_tools16context_rotation7handoff12ledger_entrys5_00B9_
FN:184,_RNCNvNtNtCs4CJuKGlgFPJ_16phi_kernel_tools16context_rotation7handoff10line_range0B7_
FN:185,_RNCNvNtNtCs4CJuKGlgFPJ_16phi_kernel_tools16context_rotation7handoff10line_ranges_0B7_
FN:105,_RNCNvNtNtCs4CJuKGlgFPJ_16phi_kernel_tools16context_rotation7handoff12ledger_entry0B7_
FN:113,_RNCNvNtNtCs4CJuKGlgFPJ_16phi_kernel_tools16context_rotation7handoff12ledger_entrys0_0B7_
FN:118,_RNCNvNtNtCs4CJuKGlgFPJ_16phi_kernel_tools16context_rotation7handoff12ledger_entrys1_0B7_
FN:138,_RNCNvNtNtCs4CJuKGlgFPJ_16phi_kernel_tools16context_rotation7handoff12ledger_entrys2_0B7_
FN:139,_RNCNvNtNtCs4CJuKGlgFPJ_16phi_kernel_tools16context_rotation7handoff12ledger_entrys3_0B7_
FN:143,_RNCNvNtNtCs4CJuKGlgFPJ_16phi_kernel_tools16context_rotation7handoff12ledger_entrys4_0B7_
FN:161,_RNCNvNtNtCs4CJuKGlgFPJ_16phi_kernel_tools16context_rotation7handoff12ledger_entrys5_0B7_
FN:109,_RNCNvNtNtCs4CJuKGlgFPJ_16phi_kernel_tools16context_rotation7handoff12ledger_entrys_0B7_
FN:177,_RNCNvNtNtCs4CJuKGlgFPJ_16phi_kernel_tools16context_rotation7handoff9str_field0B7_
FN:179,_RNCNvNtNtCs4CJuKGlgFPJ_16phi_kernel_tools16context_rotation7handoff9str_fields0_0B7_
FN:178,_RNCNvNtNtCs4CJuKGlgFPJ_16phi_kernel_tools16context_rotation7handoff9str_fields_0B7_
FN:183,_RNvNtNtCs4CJuKGlgFPJ_16phi_kernel_tools16context_rotation7handoff10line_range
FN:100,_RNvNtNtCs4CJuKGlgFPJ_16phi_kernel_tools16context_rotation7handoff12ledger_entry
FN:37,_RNvNtNtCs4CJuKGlgFPJ_16phi_kernel_tools16context_rotation7handoff14extract_ledger
FN:200,_RNvNtNtCs4CJuKGlgFPJ_16phi_kernel_tools16context_rotation7handoff14truncate_chars
FN:171,_RNvNtNtCs4CJuKGlgFPJ_16phi_kernel_tools16context_rotation7handoff5parse
FN:194,_RNvNtNtCs4CJuKGlgFPJ_16phi_kernel_tools16context_rotation7handoff8one_line
FN:175,_RNvNtNtCs4CJuKGlgFPJ_16phi_kernel_tools16context_rotation7handoff9str_field
FN:227,_RNvNtNtNtCsq9ymPQYH72_16phi_kernel_tools16context_rotation7handoff5tests4call
FN:214,_RNvNtNtNtCsq9ymPQYH72_16phi_kernel_tools16context_rotation7handoff5tests9assistant
FN:293,_RNvNtNtNtCsq9ymPQYH72_16phi_kernel_tools16context_rotation7handoff5testss_21dedups_repeated_reads
FN:367,_RNvNtNtNtCsq9ymPQYH72_16phi_kernel_tools16context_rotation7handoff5testss_24empty_window_yields_none
FN:280,_RNvNtNtNtCsq9ymPQYH72_16phi_kernel_tools16context_rotation7handoff5testss_25notes_writes_are_recorded
FN:354,_RNvNtNtNtCsq9ymPQYH72_16phi_kernel_tools16context_rotation7handoff5testss_26spawn_agent_uses_task_name
FN:236,_RNvNtNtNtCsq9ymPQYH72_16phi_kernel_tools16context_rotation7handoff5testss_30extracts_work_actions_in_order
FN:264,_RNvNtNtNtCsq9ymPQYH72_16phi_kernel_tools16context_rotation7handoff5testss_33excludes_context_management_churn
FN:325,_RNvNtNtNtCsq9ymPQYH72_16phi_kernel_tools16context_rotation7handoff5testss_40long_command_and_narration_are_truncated
FN:308,_RNvNtNtNtCsq9ymPQYH72_16phi_kernel_tools16context_rotation7handoff5testss_42keeps_most_recent_entries_when_overflowing
FN:341,_RNvNtNtNtCsq9ymPQYH72_16phi_kernel_tools16context_rotation7handoff5testss_45unknown_tool_falls_back_to_name_and_first_arg
FN:161,_RNCNCNvNtNtCsq9ymPQYH72_16phi_kernel_tools16context_rotation7handoff12ledger_entrys5_00B9_
FN:184,_RNCNvNtNtCsq9ymPQYH72_16phi_kernel_tools16context_rotation7handoff10line_range0B7_
FN:185,_RNCNvNtNtCsq9ymPQYH72_16phi_kernel_tools16context_rotation7handoff10line_ranges_0B7_
FN:105,_RNCNvNtNtCsq9ymPQYH72_16phi_kernel_tools16context_rotation7handoff12ledger_entry0B7_
FN:113,_RNCNvNtNtCsq9ymPQYH72_16phi_kernel_tools16context_rotation7handoff12ledger_entrys0_0B7_
FN:118,_RNCNvNtNtCsq9ymPQYH72_16phi_kernel_tools16context_rotation7handoff12ledger_entrys1_0B7_
FN:138,_RNCNvNtNtCsq9ymPQYH72_16phi_kernel_tools16context_rotation7handoff12ledger_entrys2_0B7_
FN:139,_RNCNvNtNtCsq9ymPQYH72_16phi_kernel_tools16context_rotation7handoff12ledger_entrys3_0B7_
FN:143,_RNCNvNtNtCsq9ymPQYH72_16phi_kernel_tools16context_rotation7handoff12ledger_entrys4_0B7_
FN:161,_RNCNvNtNtCsq9ymPQYH72_16phi_kernel_tools16context_rotation7handoff12ledger_entrys5_0B7_
FN:109,_RNCNvNtNtCsq9ymPQYH72_16phi_kernel_tools16context_rotation7handoff12ledger_entrys_0B7_
FN:177,_RNCNvNtNtCsq9ymPQYH72_16phi_kernel_tools16context_rotation7handoff9str_field0B7_
FN:179,_RNCNvNtNtCsq9ymPQYH72_16phi_kernel_tools16context_rotation7handoff9str_fields0_0B7_
FN:178,_RNCNvNtNtCsq9ymPQYH72_16phi_kernel_tools16context_rotation7handoff9str_fields_0B7_
FN:183,_RNvNtNtCsq9ymPQYH72_16phi_kernel_tools16context_rotation7handoff10line_range
FN:100,_RNvNtNtCsq9ymPQYH72_16phi_kernel_tools16context_rotation7handoff12ledger_entry
FN:37,_RNvNtNtCsq9ymPQYH72_16phi_kernel_tools16context_rotation7handoff14extract_ledger
FN:200,_RNvNtNtCsq9ymPQYH72_16phi_kernel_tools16context_rotation7handoff14truncate_chars
FN:171,_RNvNtNtCsq9ymPQYH72_16phi_kernel_tools16context_rotation7handoff5parse
FN:194,_RNvNtNtCsq9ymPQYH72_16phi_kernel_tools16context_rotation7handoff8one_line
FN:175,_RNvNtNtCsq9ymPQYH72_16phi_kernel_tools16context_rotation7handoff9str_field
FNDA:0,_RNCNCNvNtNtCs4CJuKGlgFPJ_16phi_kernel_tools16context_rotation7handoff12ledger_entrys5_00B9_
FNDA:0,_RNCNvNtNtCs4CJuKGlgFPJ_16phi_kernel_tools16context_rotation7handoff10line_range0B7_
FNDA:0,_RNCNvNtNtCs4CJuKGlgFPJ_16phi_kernel_tools16context_rotation7handoff10line_ranges_0B7_
FNDA:0,_RNCNvNtNtCs4CJuKGlgFPJ_16phi_kernel_tools16context_rotation7handoff12ledger_entry0B7_
FNDA:0,_RNCNvNtNtCs4CJuKGlgFPJ_16phi_kernel_tools16context_rotation7handoff12ledger_entrys0_0B7_
FNDA:0,_RNCNvNtNtCs4CJuKGlgFPJ_16phi_kernel_tools16context_rotation7handoff12ledger_entrys1_0B7_
FNDA:0,_RNCNvNtNtCs4CJuKGlgFPJ_16phi_kernel_tools16context_rotation7handoff12ledger_entrys2_0B7_
FNDA:0,_RNCNvNtNtCs4CJuKGlgFPJ_16phi_kernel_tools16context_rotation7handoff12ledger_entrys3_0B7_
FNDA:0,_RNCNvNtNtCs4CJuKGlgFPJ_16phi_kernel_tools16context_rotation7handoff12ledger_entrys4_0B7_
FNDA:0,_RNCNvNtNtCs4CJuKGlgFPJ_16phi_kernel_tools16context_rotation7handoff12ledger_entrys5_0B7_
FNDA:0,_RNCNvNtNtCs4CJuKGlgFPJ_16phi_kernel_tools16context_rotation7handoff12ledger_entrys_0B7_
FNDA:0,_RNCNvNtNtCs4CJuKGlgFPJ_16phi_kernel_tools16context_rotation7handoff9str_field0B7_
FNDA:0,_RNCNvNtNtCs4CJuKGlgFPJ_16phi_kernel_tools16context_rotation7handoff9str_fields0_0B7_
FNDA:0,_RNCNvNtNtCs4CJuKGlgFPJ_16phi_kernel_tools16context_rotation7handoff9str_fields_0B7_
FNDA:0,_RNvNtNtCs4CJuKGlgFPJ_16phi_kernel_tools16context_rotation7handoff10line_range
FNDA:0,_RNvNtNtCs4CJuKGlgFPJ_16phi_kernel_tools16context_rotation7handoff12ledger_entry
FNDA:0,_RNvNtNtCs4CJuKGlgFPJ_16phi_kernel_tools16context_rotation7handoff14extract_ledger
FNDA:0,_RNvNtNtCs4CJuKGlgFPJ_16phi_kernel_tools16context_rotation7handoff14truncate_chars
FNDA:0,_RNvNtNtCs4CJuKGlgFPJ_16phi_kernel_tools16context_rotation7handoff5parse
FNDA:0,_RNvNtNtCs4CJuKGlgFPJ_16phi_kernel_tools16context_rotation7handoff8one_line
FNDA:0,_RNvNtNtCs4CJuKGlgFPJ_16phi_kernel_tools16context_rotation7handoff9str_field
FNDA:55,_RNvNtNtNtCsq9ymPQYH72_16phi_kernel_tools16context_rotation7handoff5tests4call
FNDA:9,_RNvNtNtNtCsq9ymPQYH72_16phi_kernel_tools16context_rotation7handoff5tests9assistant
FNDA:1,_RNvNtNtNtCsq9ymPQYH72_16phi_kernel_tools16context_rotation7handoff5testss_21dedups_repeated_reads
FNDA:1,_RNvNtNtNtCsq9ymPQYH72_16phi_kernel_tools16context_rotation7handoff5testss_24empty_window_yields_none
FNDA:1,_RNvNtNtNtCsq9ymPQYH72_16phi_kernel_tools16context_rotation7handoff5testss_25notes_writes_are_recorded
FNDA:1,_RNvNtNtNtCsq9ymPQYH72_16phi_kernel_tools16context_rotation7handoff5testss_26spawn_agent_uses_task_name
FNDA:1,_RNvNtNtNtCsq9ymPQYH72_16phi_kernel_tools16context_rotation7handoff5testss_30extracts_work_actions_in_order
FNDA:1,_RNvNtNtNtCsq9ymPQYH72_16phi_kernel_tools16context_rotation7handoff5testss_33excludes_context_management_churn
FNDA:1,_RNvNtNtNtCsq9ymPQYH72_16phi_kernel_tools16context_rotation7handoff5testss_40long_command_and_narration_are_truncated
FNDA:1,_RNvNtNtNtCsq9ymPQYH72_16phi_kernel_tools16context_rotation7handoff5testss_42keeps_most_recent_entries_when_overflowing
FNDA:1,_RNvNtNtNtCsq9ymPQYH72_16phi_kernel_tools16context_rotation7handoff5testss_45unknown_tool_falls_back_to_name_and_first_arg
FNDA:2,_RNCNCNvNtNtCsq9ymPQYH72_16phi_kernel_tools16context_rotation7handoff12ledger_entrys5_00B9_
FNDA:1,_RNCNvNtNtCsq9ymPQYH72_16phi_kernel_tools16context_rotation7handoff10line_range0B7_
FNDA:1,_RNCNvNtNtCsq9ymPQYH72_16phi_kernel_tools16context_rotation7handoff10line_ranges_0B7_
FNDA:45,_RNCNvNtNtCsq9ymPQYH72_16phi_kernel_tools16context_rotation7handoff12ledger_entry0B7_
FNDA:1,_RNCNvNtNtCsq9ymPQYH72_16phi_kernel_tools16context_rotation7handoff12ledger_entrys0_0B7_
FNDA:2,_RNCNvNtNtCsq9ymPQYH72_16phi_kernel_tools16context_rotation7handoff12ledger_entrys1_0B7_
FNDA:0,_RNCNvNtNtCsq9ymPQYH72_16phi_kernel_tools16context_rotation7handoff12ledger_entrys2_0B7_
FNDA:1,_RNCNvNtNtCsq9ymPQYH72_16phi_kernel_tools16context_rotation7handoff12ledger_entrys3_0B7_
FNDA:1,_RNCNvNtNtCsq9ymPQYH72_16phi_kernel_tools16context_rotation7handoff12ledger_entrys4_0B7_
FNDA:1,_RNCNvNtNtCsq9ymPQYH72_16phi_kernel_tools16context_rotation7handoff12ledger_entrys5_0B7_
FNDA:0,_RNCNvNtNtCsq9ymPQYH72_16phi_kernel_tools16context_rotation7handoff12ledger_entrys_0B7_
FNDA:50,_RNCNvNtNtCsq9ymPQYH72_16phi_kernel_tools16context_rotation7handoff9str_field0B7_
FNDA:50,_RNCNvNtNtCsq9ymPQYH72_16phi_kernel_tools16context_rotation7handoff9str_fields0_0B7_
FNDA:50,_RNCNvNtNtCsq9ymPQYH72_16phi_kernel_tools16context_rotation7handoff9str_fields_0B7_
FNDA:45,_RNvNtNtCsq9ymPQYH72_16phi_kernel_tools16context_rotation7handoff10line_range
FNDA:55,_RNvNtNtCsq9ymPQYH72_16phi_kernel_tools16context_rotation7handoff12ledger_entry
FNDA:9,_RNvNtNtCsq9ymPQYH72_16phi_kernel_tools16context_rotation7handoff14extract_ledger
FNDA:57,_RNvNtNtCsq9ymPQYH72_16phi_kernel_tools16context_rotation7handoff14truncate_chars
FNDA:52,_RNvNtNtCsq9ymPQYH72_16phi_kernel_tools16context_rotation7handoff5parse
FNDA:5,_RNvNtNtCsq9ymPQYH72_16phi_kernel_tools16context_rotation7handoff8one_line
FNDA:51,_RNvNtNtCsq9ymPQYH72_16phi_kernel_tools16context_rotation7handoff9str_field
FNF:32
FNH:30
DA:37,9
DA:38,9
DA:39,9
DA:41,11
DA:43,9
DA:44,9
DA:46,11
DA:48,9
DA:49,2
DA:50,2
DA:51,2
DA:52,2
DA:53,2
DA:54,7
DA:55,9
DA:56,55
DA:57,55
DA:58,52
DA:59,51
DA:60,51
DA:61,51
DA:63,1
DA:64,2
DA:67,9
DA:68,2
DA:69,7
DA:71,7
DA:72,7
DA:73,7
DA:74,7
DA:75,1
DA:76,6
DA:77,41
DA:78,41
DA:79,41
DA:80,41
DA:81,41
DA:82,7
DA:83,2
DA:84,2
DA:85,2
DA:86,5
DA:87,7
DA:88,7
DA:91,7
DA:92,0
DA:93,0
DA:94,7
DA:95,7
DA:96,9
DA:100,55
DA:101,55
DA:103,55
DA:104,45
DA:105,45
DA:107,10
DA:108,0
DA:109,0
DA:111,10
DA:112,1
DA:113,1
DA:115,9
DA:116,2
DA:117,2
DA:118,2
DA:120,7
DA:121,0
DA:122,0
DA:123,0
DA:124,0
DA:125,0
DA:128,7
DA:129,1
DA:130,1
DA:131,0
DA:132,1
DA:135,6
DA:136,1
DA:137,1
DA:138,1
DA:139,1
DA:141,5
DA:142,1
DA:143,1
DA:146,4
DA:147,3
DA:148,3
DA:149,3
DA:150,3
DA:151,2
DA:152,1
DA:153,3
DA:158,1
DA:159,1
DA:160,1
DA:161,2
DA:162,1
DA:163,1
DA:164,0
DA:168,52
DA:169,55
DA:171,52
DA:172,52
DA:173,52
DA:175,51
DA:176,51
DA:177,51
DA:178,51
DA:179,51
DA:180,51
DA:183,45
DA:184,45
DA:185,45
DA:186,45
DA:187,1
DA:188,0
DA:189,44
DA:191,45
DA:194,5
DA:195,5
DA:196,5
DA:200,57
DA:201,57
DA:202,55
DA:204,2
DA:205,2
DA:207,57
DA:214,9
DA:216,9
DA:217,7
DA:219,2
DA:221,9
DA:222,9
DA:223,9
DA:225,9
DA:227,55
DA:228,55
DA:229,55
DA:230,55
DA:231,55
DA:232,55
DA:233,55
DA:236,1
DA:237,1
DA:238,1
DA:239,1
DA:240,1
DA:241,1
DA:242,1
DA:243,1
DA:244,1
DA:246,1
DA:247,1
DA:248,1
DA:250,1
DA:253,1
DA:254,1
DA:255,1
DA:256,1
DA:257,1
DA:258,1
DA:259,1
DA:260,1
DA:261,1
DA:264,1
DA:265,1
DA:266,1
DA:267,1
DA:268,1
DA:269,1
DA:270,1
DA:271,1
DA:272,1
DA:276,1
DA:277,1
DA:280,1
DA:281,1
DA:282,1
DA:283,1
DA:284,1
DA:285,1
DA:288,1
DA:289,1
DA:290,1
DA:293,1
DA:294,1
DA:295,1
DA:296,1
DA:297,1
DA:298,1
DA:299,1
DA:302,1
DA:303,1
DA:304,1
DA:305,1
DA:308,1
DA:309,1
DA:310,40
DA:311,40
DA:312,40
DA:313,40
DA:314,40
DA:315,40
DA:316,1
DA:317,1
DA:318,1
DA:320,1
DA:321,1
DA:322,1
DA:325,1
DA:326,1
DA:327,1
DA:328,1
DA:329,1
DA:330,1
DA:331,1
DA:332,1
DA:335,1
DA:336,1
DA:337,1
DA:338,1
DA:341,1
DA:342,1
DA:343,1
DA:344,1
DA:345,1
DA:346,1
DA:349,1
DA:350,1
DA:351,1
DA:354,1
DA:355,1
DA:356,1
DA:357,1
DA:358,1
DA:359,1
DA:362,1
DA:363,1
DA:364,1
DA:367,1
DA:368,1
DA:369,1
DA:370,1
DA:371,1
DA:373,1
DA:374,1
BRF:0
BRH:0
LF:260
LH:246
end_of_record
SF:/Users/kangzengchen/source/buka/buka-works/phi-kernel-tools/src/context_rotation/history.rs
FN:252,_RNvMNtNtCs4CJuKGlgFPJ_16phi_kernel_tools16context_rotation7historyNtB2_12HistoryStore10list_items
FN:222,_RNvMNtNtCs4CJuKGlgFPJ_16phi_kernel_tools16context_rotation7historyNtB2_12HistoryStore10session_id
FN:230,_RNvMNtNtCs4CJuKGlgFPJ_16phi_kernel_tools16context_rotation7historyNtB2_12HistoryStore12list_windows
FN:238,_RNvMNtNtCs4CJuKGlgFPJ_16phi_kernel_tools16context_rotation7historyNtB2_12HistoryStore12read_records
FN:186,_RNvMNtNtCs4CJuKGlgFPJ_16phi_kernel_tools16context_rotation7historyNtB2_12HistoryStore13load_metadata
FN:147,_RNvMNtNtCs4CJuKGlgFPJ_16phi_kernel_tools16context_rotation7historyNtB2_12HistoryStore14archive_window
FN:331,_RNvMNtNtCs4CJuKGlgFPJ_16phi_kernel_tools16context_rotation7historyNtB2_12HistoryStore15search_contents
FN:200,_RNvMNtNtCs4CJuKGlgFPJ_16phi_kernel_tools16context_rotation7historyNtB2_12HistoryStore15update_metadata
FN:137,_RNvMNtNtCs4CJuKGlgFPJ_16phi_kernel_tools16context_rotation7historyNtB2_12HistoryStore3new
FN:308,_RNvMNtNtCs4CJuKGlgFPJ_16phi_kernel_tools16context_rotation7historyNtB2_12HistoryStore9read_item
FN:69,_RNvNtNtCs4CJuKGlgFPJ_16phi_kernel_tools16context_rotation7history12message_name
FN:49,_RNvNtNtCs4CJuKGlgFPJ_16phi_kernel_tools16context_rotation7history12message_role
FN:100,_RNvNtNtCs4CJuKGlgFPJ_16phi_kernel_tools16context_rotation7history12truncate_str
FN:59,_RNvNtNtCs4CJuKGlgFPJ_16phi_kernel_tools16context_rotation7history15message_content
FN:392,_RNvNtNtCs4CJuKGlgFPJ_16phi_kernel_tools16context_rotation7history16read_thread_hint
FN:109,_RNvNtNtCs4CJuKGlgFPJ_16phi_kernel_tools16context_rotation7history21extract_match_preview
FN:265,_RNCNvMNtNtCs4CJuKGlgFPJ_16phi_kernel_tools16context_rotation7historyNtB4_12HistoryStore10list_items0B8_
FN:225,_RNCNvMNtNtCs4CJuKGlgFPJ_16phi_kernel_tools16context_rotation7historyNtB4_12HistoryStore10session_id0B8_
FN:232,_RNCNvMNtNtCs4CJuKGlgFPJ_16phi_kernel_tools16context_rotation7historyNtB4_12HistoryStore12list_windows0B8_
FN:244,_RNCNvMNtNtCs4CJuKGlgFPJ_16phi_kernel_tools16context_rotation7historyNtB4_12HistoryStore12read_records0B8_
FN:190,_RNCNvMNtNtCs4CJuKGlgFPJ_16phi_kernel_tools16context_rotation7historyNtB4_12HistoryStore13load_metadata0B8_
FN:343,_RNCNvMNtNtCs4CJuKGlgFPJ_16phi_kernel_tools16context_rotation7historyNtB4_12HistoryStore15search_contents0B8_
FN:205,_RNCNvMNtNtCs4CJuKGlgFPJ_16phi_kernel_tools16context_rotation7historyNtB4_12HistoryStore15update_metadata0B8_
FN:316,_RNCNvMNtNtCs4CJuKGlgFPJ_16phi_kernel_tools16context_rotation7historyNtB4_12HistoryStore9read_item0B8_
FN:252,_RNvMNtNtCsq9ymPQYH72_16phi_kernel_tools16context_rotation7historyNtB2_12HistoryStore10list_items
FN:222,_RNvMNtNtCsq9ymPQYH72_16phi_kernel_tools16context_rotation7historyNtB2_12HistoryStore10session_id
FN:230,_RNvMNtNtCsq9ymPQYH72_16phi_kernel_tools16context_rotation7historyNtB2_12HistoryStore12list_windows
FN:238,_RNvMNtNtCsq9ymPQYH72_16phi_kernel_tools16context_rotation7historyNtB2_12HistoryStore12read_records
FN:186,_RNvMNtNtCsq9ymPQYH72_16phi_kernel_tools16context_rotation7historyNtB2_12HistoryStore13load_metadata
FN:147,_RNvMNtNtCsq9ymPQYH72_16phi_kernel_tools16context_rotation7historyNtB2_12HistoryStore14archive_window
FN:331,_RNvMNtNtCsq9ymPQYH72_16phi_kernel_tools16context_rotation7historyNtB2_12HistoryStore15search_contents
FN:200,_RNvMNtNtCsq9ymPQYH72_16phi_kernel_tools16context_rotation7historyNtB2_12HistoryStore15update_metadata
FN:137,_RNvMNtNtCsq9ymPQYH72_16phi_kernel_tools16context_rotation7historyNtB2_12HistoryStore3new
FN:308,_RNvMNtNtCsq9ymPQYH72_16phi_kernel_tools16context_rotation7historyNtB2_12HistoryStore9read_item
FN:69,_RNvNtNtCsq9ymPQYH72_16phi_kernel_tools16context_rotation7history12message_name
FN:49,_RNvNtNtCsq9ymPQYH72_16phi_kernel_tools16context_rotation7history12message_role
FN:100,_RNvNtNtCsq9ymPQYH72_16phi_kernel_tools16context_rotation7history12truncate_str
FN:59,_RNvNtNtCsq9ymPQYH72_16phi_kernel_tools16context_rotation7history15message_content
FN:392,_RNvNtNtCsq9ymPQYH72_16phi_kernel_tools16context_rotation7history16read_thread_hint
FN:109,_RNvNtNtCsq9ymPQYH72_16phi_kernel_tools16context_rotation7history21extract_match_preview
FN:421,_RNCNvNtNtNtCsq9ymPQYH72_16phi_kernel_tools16context_rotation7history5tests13make_messages0B9_
FN:607,_RNCNvNtNtNtCsq9ymPQYH72_16phi_kernel_tools16context_rotation7history5testss_26list_items_filters_by_role0B9_
FN:620,_RNCNvNtNtNtCsq9ymPQYH72_16phi_kernel_tools16context_rotation7history5testss_28list_items_filters_by_window0B9_
FN:265,_RNCNvMNtNtCsq9ymPQYH72_16phi_kernel_tools16context_rotation7historyNtB4_12HistoryStore10list_items0B8_
FN:225,_RNCNvMNtNtCsq9ymPQYH72_16phi_kernel_tools16context_rotation7historyNtB4_12HistoryStore10session_id0B8_
FN:232,_RNCNvMNtNtCsq9ymPQYH72_16phi_kernel_tools16context_rotation7historyNtB4_12HistoryStore12list_windows0B8_
FN:244,_RNCNvMNtNtCsq9ymPQYH72_16phi_kernel_tools16context_rotation7historyNtB4_12HistoryStore12read_records0B8_
FN:190,_RNCNvMNtNtCsq9ymPQYH72_16phi_kernel_tools16context_rotation7historyNtB4_12HistoryStore13load_metadata0B8_
FN:343,_RNCNvMNtNtCsq9ymPQYH72_16phi_kernel_tools16context_rotation7historyNtB4_12HistoryStore15search_contents0B8_
FN:205,_RNCNvMNtNtCsq9ymPQYH72_16phi_kernel_tools16context_rotation7historyNtB4_12HistoryStore15update_metadata0B8_
FN:316,_RNCNvMNtNtCsq9ymPQYH72_16phi_kernel_tools16context_rotation7historyNtB4_12HistoryStore9read_item0B8_
FN:419,_RNvNtNtNtCsq9ymPQYH72_16phi_kernel_tools16context_rotation7history5tests13make_messages
FN:530,_RNvNtNtNtCsq9ymPQYH72_16phi_kernel_tools16context_rotation7history5testss_22archive_empty_messages
FN:634,_RNvNtNtNtCsq9ymPQYH72_16phi_kernel_tools16context_rotation7history5testss_23list_items_recent_first
FN:481,_RNvNtNtNtCsq9ymPQYH72_16phi_kernel_tools16context_rotation7history5testss_24archive_updates_metadata
FN:624,_RNvNtNtNtCsq9ymPQYH72_16phi_kernel_tools16context_rotation7history5testss_25list_items_respects_limit
FN:647,_RNvNtNtNtCsq9ymPQYH72_16phi_kernel_tools16context_rotation7history5testss_25read_item_returns_content
FN:430,_RNvNtNtNtCsq9ymPQYH72_16phi_kernel_tools16context_rotation7history5testss_26archive_creates_jsonl_file
FN:601,_RNvNtNtNtCsq9ymPQYH72_16phi_kernel_tools16context_rotation7history5testss_26list_items_filters_by_role
FN:682,_RNvNtNtNtCsq9ymPQYH72_16phi_kernel_tools16context_rotation7history5testss_27search_contents_finds_match
FN:446,_RNvNtNtNtCsq9ymPQYH72_16phi_kernel_tools16context_rotation7history5testss_28archive_jsonl_format_correct
FN:612,_RNvNtNtNtCsq9ymPQYH72_16phi_kernel_tools16context_rotation7history5testss_28list_items_filters_by_window
FN:753,_RNvNtNtNtCsq9ymPQYH72_16phi_kernel_tools16context_rotation7history5testss_30search_contents_across_windows
FN:734,_RNvNtNtNtCsq9ymPQYH72_16phi_kernel_tools16context_rotation7history5testss_30search_contents_respects_limit
FN:588,_RNvNtNtNtCsq9ymPQYH72_16phi_kernel_tools16context_rotation7history5testss_31list_items_returns_all_messages
FN:509,_RNvNtNtNtCsq9ymPQYH72_16phi_kernel_tools16context_rotation7history5testss_31list_windows_returns_sorted_ids
FN:660,_RNvNtNtNtCsq9ymPQYH72_16phi_kernel_tools16context_rotation7history5testss_31read_item_with_offset_and_limit
FN:715,_RNvNtNtNtCsq9ymPQYH72_16phi_kernel_tools16context_rotation7history5testss_31search_contents_filters_by_role
FN:541,_RNvNtNtNtCsq9ymPQYH72_16phi_kernel_tools16context_rotation7history5testss_32read_thread_hint_returns_content
FN:559,_RNvNtNtNtCsq9ymPQYH72_16phi_kernel_tools16context_rotation7history5testss_32read_thread_hint_skips_oversized
FN:703,_RNvNtNtNtCsq9ymPQYH72_16phi_kernel_tools16context_rotation7history5testss_32search_contents_case_insensitive
FN:497,_RNvNtNtNtCsq9ymPQYH72_16phi_kernel_tools16context_rotation7history5testss_34archive_overwrites_existing_window
FN:673,_RNvNtNtNtCsq9ymPQYH72_16phi_kernel_tools16context_rotation7history5testss_34read_item_returns_none_for_missing
FN:571,_RNvNtNtNtCsq9ymPQYH72_16phi_kernel_tools16context_rotation7history5testss_36read_thread_hint_accepts_exactly_4kb
FN:521,_RNvNtNtNtCsq9ymPQYH72_16phi_kernel_tools16context_rotation7history5testss_42load_metadata_returns_default_when_missing
FN:552,_RNvNtNtNtCsq9ymPQYH72_16phi_kernel_tools16context_rotation7history5testss_42read_thread_hint_returns_none_when_missing
FNDA:0,_RNvMNtNtCs4CJuKGlgFPJ_16phi_kernel_tools16context_rotation7historyNtB2_12HistoryStore10list_items
FNDA:0,_RNvMNtNtCs4CJuKGlgFPJ_16phi_kernel_tools16context_rotation7historyNtB2_12HistoryStore10session_id
FNDA:0,_RNvMNtNtCs4CJuKGlgFPJ_16phi_kernel_tools16context_rotation7historyNtB2_12HistoryStore12list_windows
FNDA:0,_RNvMNtNtCs4CJuKGlgFPJ_16phi_kernel_tools16context_rotation7historyNtB2_12HistoryStore12read_records
FNDA:0,_RNvMNtNtCs4CJuKGlgFPJ_16phi_kernel_tools16context_rotation7historyNtB2_12HistoryStore13load_metadata
FNDA:0,_RNvMNtNtCs4CJuKGlgFPJ_16phi_kernel_tools16context_rotation7historyNtB2_12HistoryStore14archive_window
FNDA:0,_RNvMNtNtCs4CJuKGlgFPJ_16phi_kernel_tools16context_rotation7historyNtB2_12HistoryStore15search_contents
FNDA:0,_RNvMNtNtCs4CJuKGlgFPJ_16phi_kernel_tools16context_rotation7historyNtB2_12HistoryStore15update_metadata
FNDA:0,_RNvMNtNtCs4CJuKGlgFPJ_16phi_kernel_tools16context_rotation7historyNtB2_12HistoryStore3new
FNDA:0,_RNvMNtNtCs4CJuKGlgFPJ_16phi_kernel_tools16context_rotation7historyNtB2_12HistoryStore9read_item
FNDA:0,_RNvNtNtCs4CJuKGlgFPJ_16phi_kernel_tools16context_rotation7history12message_name
FNDA:0,_RNvNtNtCs4CJuKGlgFPJ_16phi_kernel_tools16context_rotation7history12message_role
FNDA:0,_RNvNtNtCs4CJuKGlgFPJ_16phi_kernel_tools16context_rotation7history12truncate_str
FNDA:0,_RNvNtNtCs4CJuKGlgFPJ_16phi_kernel_tools16context_rotation7history15message_content
FNDA:0,_RNvNtNtCs4CJuKGlgFPJ_16phi_kernel_tools16context_rotation7history16read_thread_hint
FNDA:0,_RNvNtNtCs4CJuKGlgFPJ_16phi_kernel_tools16context_rotation7history21extract_match_preview
FNDA:0,_RNCNvMNtNtCs4CJuKGlgFPJ_16phi_kernel_tools16context_rotation7historyNtB4_12HistoryStore10list_items0B8_
FNDA:0,_RNCNvMNtNtCs4CJuKGlgFPJ_16phi_kernel_tools16context_rotation7historyNtB4_12HistoryStore10session_id0B8_
FNDA:0,_RNCNvMNtNtCs4CJuKGlgFPJ_16phi_kernel_tools16context_rotation7historyNtB4_12HistoryStore12list_windows0B8_
FNDA:0,_RNCNvMNtNtCs4CJuKGlgFPJ_16phi_kernel_tools16context_rotation7historyNtB4_12HistoryStore12read_records0B8_
FNDA:0,_RNCNvMNtNtCs4CJuKGlgFPJ_16phi_kernel_tools16context_rotation7historyNtB4_12HistoryStore13load_metadata0B8_
FNDA:0,_RNCNvMNtNtCs4CJuKGlgFPJ_16phi_kernel_tools16context_rotation7historyNtB4_12HistoryStore15search_contents0B8_
FNDA:0,_RNCNvMNtNtCs4CJuKGlgFPJ_16phi_kernel_tools16context_rotation7historyNtB4_12HistoryStore15update_metadata0B8_
FNDA:0,_RNCNvMNtNtCs4CJuKGlgFPJ_16phi_kernel_tools16context_rotation7historyNtB4_12HistoryStore9read_item0B8_
FNDA:18,_RNvMNtNtCsq9ymPQYH72_16phi_kernel_tools16context_rotation7historyNtB2_12HistoryStore10list_items
FNDA:40,_RNvMNtNtCsq9ymPQYH72_16phi_kernel_tools16context_rotation7historyNtB2_12HistoryStore10session_id
FNDA:27,_RNvMNtNtCsq9ymPQYH72_16phi_kernel_tools16context_rotation7historyNtB2_12HistoryStore12list_windows
FNDA:58,_RNvMNtNtCsq9ymPQYH72_16phi_kernel_tools16context_rotation7historyNtB2_12HistoryStore12read_records
FNDA:86,_RNvMNtNtCsq9ymPQYH72_16phi_kernel_tools16context_rotation7historyNtB2_12HistoryStore13load_metadata
FNDA:52,_RNvMNtNtCsq9ymPQYH72_16phi_kernel_tools16context_rotation7historyNtB2_12HistoryStore14archive_window
FNDA:10,_RNvMNtNtCsq9ymPQYH72_16phi_kernel_tools16context_rotation7historyNtB2_12HistoryStore15search_contents
FNDA:52,_RNvMNtNtCsq9ymPQYH72_16phi_kernel_tools16context_rotation7historyNtB2_12HistoryStore15update_metadata
FNDA:42,_RNvMNtNtCsq9ymPQYH72_16phi_kernel_tools16context_rotation7historyNtB2_12HistoryStore3new
FNDA:8,_RNvMNtNtCsq9ymPQYH72_16phi_kernel_tools16context_rotation7historyNtB2_12HistoryStore9read_item
FNDA:139,_RNvNtNtCsq9ymPQYH72_16phi_kernel_tools16context_rotation7history12message_name
FNDA:139,_RNvNtNtCsq9ymPQYH72_16phi_kernel_tools16context_rotation7history12message_role
FNDA:74,_RNvNtNtCsq9ymPQYH72_16phi_kernel_tools16context_rotation7history12truncate_str
FNDA:139,_RNvNtNtCsq9ymPQYH72_16phi_kernel_tools16context_rotation7history15message_content
FNDA:4,_RNvNtNtCsq9ymPQYH72_16phi_kernel_tools16context_rotation7history16read_thread_hint
FNDA:11,_RNvNtNtCsq9ymPQYH72_16phi_kernel_tools16context_rotation7history21extract_match_preview
FNDA:56,_RNCNvNtNtNtCsq9ymPQYH72_16phi_kernel_tools16context_rotation7history5tests13make_messages0B9_
FNDA:2,_RNCNvNtNtNtCsq9ymPQYH72_16phi_kernel_tools16context_rotation7history5testss_26list_items_filters_by_role0B9_
FNDA:3,_RNCNvNtNtNtCsq9ymPQYH72_16phi_kernel_tools16context_rotation7history5testss_28list_items_filters_by_window0B9_
FNDA:35,_RNCNvMNtNtCsq9ymPQYH72_16phi_kernel_tools16context_rotation7historyNtB4_12HistoryStore10list_items0B8_
FNDA:40,_RNCNvMNtNtCsq9ymPQYH72_16phi_kernel_tools16context_rotation7historyNtB4_12HistoryStore10session_id0B8_
FNDA:51,_RNCNvMNtNtCsq9ymPQYH72_16phi_kernel_tools16context_rotation7historyNtB4_12HistoryStore12list_windows0B8_
FNDA:126,_RNCNvMNtNtCsq9ymPQYH72_16phi_kernel_tools16context_rotation7historyNtB4_12HistoryStore12read_records0B8_
FNDA:0,_RNCNvMNtNtCsq9ymPQYH72_16phi_kernel_tools16context_rotation7historyNtB4_12HistoryStore13load_metadata0B8_
FNDA:13,_RNCNvMNtNtCsq9ymPQYH72_16phi_kernel_tools16context_rotation7historyNtB4_12HistoryStore15search_contents0B8_
FNDA:22,_RNCNvMNtNtCsq9ymPQYH72_16phi_kernel_tools16context_rotation7historyNtB4_12HistoryStore15update_metadata0B8_
FNDA:6,_RNCNvMNtNtCsq9ymPQYH72_16phi_kernel_tools16context_rotation7historyNtB4_12HistoryStore9read_item0B8_
FNDA:14,_RNvNtNtNtCsq9ymPQYH72_16phi_kernel_tools16context_rotation7history5tests13make_messages
FNDA:1,_RNvNtNtNtCsq9ymPQYH72_16phi_kernel_tools16context_rotation7history5testss_22archive_empty_messages
FNDA:1,_RNvNtNtNtCsq9ymPQYH72_16phi_kernel_tools16context_rotation7history5testss_23list_items_recent_first
FNDA:1,_RNvNtNtNtCsq9ymPQYH72_16phi_kernel_tools16context_rotation7history5testss_24archive_updates_metadata
FNDA:1,_RNvNtNtNtCsq9ymPQYH72_16phi_kernel_tools16context_rotation7history5testss_25list_items_respects_limit
FNDA:1,_RNvNtNtNtCsq9ymPQYH72_16phi_kernel_tools16context_rotation7history5testss_25read_item_returns_content
FNDA:1,_RNvNtNtNtCsq9ymPQYH72_16phi_kernel_tools16context_rotation7history5testss_26archive_creates_jsonl_file
FNDA:1,_RNvNtNtNtCsq9ymPQYH72_16phi_kernel_tools16context_rotation7history5testss_26list_items_filters_by_role
FNDA:1,_RNvNtNtNtCsq9ymPQYH72_16phi_kernel_tools16context_rotation7history5testss_27search_contents_finds_match
FNDA:1,_RNvNtNtNtCsq9ymPQYH72_16phi_kernel_tools16context_rotation7history5testss_28archive_jsonl_format_correct
FNDA:1,_RNvNtNtNtCsq9ymPQYH72_16phi_kernel_tools16context_rotation7history5testss_28list_items_filters_by_window
FNDA:1,_RNvNtNtNtCsq9ymPQYH72_16phi_kernel_tools16context_rotation7history5testss_30search_contents_across_windows
FNDA:1,_RNvNtNtNtCsq9ymPQYH72_16phi_kernel_tools16context_rotation7history5testss_30search_contents_respects_limit
FNDA:1,_RNvNtNtNtCsq9ymPQYH72_16phi_kernel_tools16context_rotation7history5testss_31list_items_returns_all_messages
FNDA:1,_RNvNtNtNtCsq9ymPQYH72_16phi_kernel_tools16context_rotation7history5testss_31list_windows_returns_sorted_ids
FNDA:1,_RNvNtNtNtCsq9ymPQYH72_16phi_kernel_tools16context_rotation7history5testss_31read_item_with_offset_and_limit
FNDA:1,_RNvNtNtNtCsq9ymPQYH72_16phi_kernel_tools16context_rotation7history5testss_31search_contents_filters_by_role
FNDA:1,_RNvNtNtNtCsq9ymPQYH72_16phi_kernel_tools16context_rotation7history5testss_32read_thread_hint_returns_content
FNDA:1,_RNvNtNtNtCsq9ymPQYH72_16phi_kernel_tools16context_rotation7history5testss_32read_thread_hint_skips_oversized
FNDA:1,_RNvNtNtNtCsq9ymPQYH72_16phi_kernel_tools16context_rotation7history5testss_32search_contents_case_insensitive
FNDA:1,_RNvNtNtNtCsq9ymPQYH72_16phi_kernel_tools16context_rotation7history5testss_34archive_overwrites_existing_window
FNDA:1,_RNvNtNtNtCsq9ymPQYH72_16phi_kernel_tools16context_rotation7history5testss_34read_item_returns_none_for_missing
FNDA:1,_RNvNtNtNtCsq9ymPQYH72_16phi_kernel_tools16context_rotation7history5testss_36read_thread_hint_accepts_exactly_4kb
FNDA:1,_RNvNtNtNtCsq9ymPQYH72_16phi_kernel_tools16context_rotation7history5testss_42load_metadata_returns_default_when_missing
FNDA:1,_RNvNtNtNtCsq9ymPQYH72_16phi_kernel_tools16context_rotation7history5testss_42read_thread_hint_returns_none_when_missing
FNF:52
FNH:51
DA:49,139
DA:50,139
DA:51,0
DA:52,60
DA:53,43
DA:54,36
DA:55,0
DA:57,139
DA:59,139
DA:60,139
DA:61,0
DA:62,60
DA:63,43
DA:64,36
DA:65,0
DA:67,139
DA:69,139
DA:70,139
DA:71,36
DA:72,103
DA:74,139
DA:100,74
DA:101,74
DA:102,74
DA:104,0
DA:106,74
DA:109,11
DA:110,11
DA:111,11
DA:112,11
DA:113,11
DA:114,11
DA:115,11
DA:116,0
DA:118,11
DA:121,0
DA:123,11
DA:137,42
DA:138,42
DA:139,42
DA:140,42
DA:141,42
DA:147,52
DA:148,52
DA:149,52
DA:150,52
DA:151,52
DA:153,52
DA:154,52
DA:157,52
DA:158,52
DA:159,52
DA:160,52
DA:161,52
DA:162,52
DA:163,52
DA:165,52
DA:166,139
DA:167,139
DA:168,139
DA:169,139
DA:170,139
DA:171,139
DA:172,139
DA:173,139
DA:174,139
DA:175,139
DA:177,52
DA:180,52
DA:182,52
DA:183,52
DA:186,86
DA:187,86
DA:188,86
DA:189,46
DA:190,0
DA:191,0
DA:192,0
DA:193,40
DA:194,40
DA:195,40
DA:196,40
DA:198,86
DA:200,52
DA:201,52
DA:202,52
DA:205,52
DA:206,1
DA:207,1
DA:208,51
DA:209,51
DA:210,51
DA:211,51
DA:212,51
DA:213,51
DA:214,51
DA:216,52
DA:217,52
DA:218,52
DA:219,52
DA:220,52
DA:222,40
DA:223,40
DA:224,40
DA:225,40
DA:226,40
DA:227,40
DA:230,27
DA:231,27
DA:232,51
DA:233,27
DA:234,27
DA:235,27
DA:238,58
DA:239,58
DA:240,58
DA:241,58
DA:242,56
DA:243,56
DA:244,126
DA:245,56
DA:246,56
DA:247,58
DA:252,18
DA:253,18
DA:254,18
DA:255,18
DA:256,18
DA:257,18
DA:258,18
DA:259,18
DA:260,18
DA:261,2
DA:263,16
DA:264,16
DA:265,35
DA:266,16
DA:270,18
DA:271,37
DA:272,37
DA:273,37
DA:274,0
DA:276,85
DA:277,85
DA:278,12
DA:280,9
DA:281,76
DA:282,76
DA:283,1
DA:284,1
DA:285,2
DA:287,73
DA:288,74
DA:289,74
DA:290,74
DA:291,74
DA:292,74
DA:293,74
DA:294,74
DA:298,18
DA:299,2
DA:300,16
DA:301,18
DA:302,18
DA:303,18
DA:308,8
DA:309,8
DA:310,8
DA:311,8
DA:312,8
DA:313,8
DA:314,8
DA:315,8
DA:316,6
DA:318,6
DA:319,6
DA:320,6
DA:321,6
DA:322,5
DA:323,1
DA:325,6
DA:326,8
DA:331,10
DA:332,10
DA:333,10
DA:334,10
DA:335,10
DA:336,10
DA:337,10
DA:338,10
DA:339,0
DA:341,10
DA:342,10
DA:343,13
DA:344,10
DA:348,10
DA:349,10
DA:351,13
DA:352,13
DA:353,13
DA:354,0
DA:356,26
DA:357,26
DA:358,2
DA:360,1
DA:361,25
DA:362,25
DA:363,14
DA:364,11
DA:366,11
DA:367,11
DA:368,11
DA:369,11
DA:370,11
DA:371,11
DA:372,11
DA:373,11
DA:374,11
DA:375,1
DA:376,10
DA:380,9
DA:381,10
DA:392,4
DA:393,4
DA:394,4
DA:395,4
DA:396,4
DA:397,4
DA:399,4
DA:400,3
DA:401,1
DA:402,0
DA:403,0
DA:407,1
DA:408,2
DA:409,2
DA:410,4
DA:419,14
DA:420,14
DA:421,56
DA:422,23
DA:423,18
DA:424,15
DA:425,56
DA:426,14
DA:427,14
DA:430,1
DA:431,1
DA:432,1
DA:433,1
DA:434,1
DA:436,1
DA:437,1
DA:438,1
DA:439,1
DA:440,1
DA:441,1
DA:442,1
DA:443,1
DA:446,1
DA:447,1
DA:448,1
DA:449,1
DA:450,1
DA:451,1
DA:452,1
DA:454,1
DA:456,1
DA:457,1
DA:458,1
DA:459,1
DA:460,1
DA:461,1
DA:462,1
DA:463,1
DA:464,1
DA:467,1
DA:468,1
DA:469,1
DA:470,1
DA:471,1
DA:472,1
DA:475,1
DA:476,1
DA:477,1
DA:478,1
DA:481,1
DA:482,1
DA:483,1
DA:484,1
DA:485,1
DA:487,1
DA:488,1
DA:489,1
DA:490,1
DA:491,1
DA:492,1
DA:493,1
DA:494,1
DA:497,1
DA:498,1
DA:499,1
DA:500,1
DA:501,1
DA:503,1
DA:504,1
DA:505,1
DA:506,1
DA:509,1
DA:510,1
DA:511,1
DA:512,1
DA:513,1
DA:514,1
DA:516,1
DA:517,1
DA:518,1
DA:521,1
DA:522,1
DA:523,1
DA:524,1
DA:525,1
DA:526,1
DA:527,1
DA:530,1
DA:531,1
DA:532,1
DA:533,1
DA:534,1
DA:536,1
DA:537,1
DA:538,1
DA:541,1
DA:542,1
DA:543,1
DA:544,1
DA:545,1
DA:547,1
DA:548,1
DA:549,1
DA:552,1
DA:553,1
DA:554,1
DA:555,1
DA:556,1
DA:559,1
DA:560,1
DA:561,1
DA:562,1
DA:564,1
DA:566,1
DA:567,1
DA:568,1
DA:571,1
DA:572,1
DA:573,1
DA:574,1
DA:575,1
DA:576,1
DA:577,1
DA:579,1
DA:581,1
DA:582,1
DA:583,1
DA:588,1
DA:589,1
DA:590,1
DA:591,1
DA:593,1
DA:594,1
DA:595,1
DA:596,1
DA:597,1
DA:598,1
DA:601,1
DA:602,1
DA:603,1
DA:604,1
DA:606,1
DA:607,2
DA:608,1
DA:609,1
DA:612,1
DA:613,1
DA:614,1
DA:615,1
DA:616,1
DA:618,1
DA:619,1
DA:620,3
DA:621,1
DA:624,1
DA:625,1
DA:626,1
DA:627,1
DA:629,1
DA:630,1
DA:631,1
DA:634,1
DA:635,1
DA:636,1
DA:637,1
DA:639,1
DA:640,1
DA:641,1
DA:642,1
DA:647,1
DA:648,1
DA:649,1
DA:650,1
DA:651,1
DA:652,1
DA:654,1
DA:655,1
DA:656,1
DA:657,1
DA:660,1
DA:661,1
DA:662,1
DA:663,1
DA:664,1
DA:665,1
DA:667,1
DA:668,1
DA:669,1
DA:670,1
DA:673,1
DA:674,1
DA:675,1
DA:676,1
DA:677,1
DA:682,1
DA:683,1
DA:684,1
DA:685,1
DA:686,1
DA:688,1
DA:689,1
DA:690,1
DA:691,1
DA:693,1
DA:695,1
DA:696,1
DA:697,1
DA:698,1
DA:699,1
DA:700,1
DA:703,1
DA:704,1
DA:705,1
DA:706,1
DA:707,1
DA:708,1
DA:710,1
DA:711,1
DA:712,1
DA:715,1
DA:716,1
DA:717,1
DA:718,1
DA:719,1
DA:721,1
DA:722,1
DA:723,1
DA:724,1
DA:726,1
DA:728,1
DA:729,1
DA:730,1
DA:731,1
DA:734,1
DA:735,1
DA:736,1
DA:737,1
DA:738,1
DA:740,1
DA:741,1
DA:742,1
DA:743,1
DA:744,1
DA:746,1
DA:748,1
DA:749,1
DA:750,1
DA:753,1
DA:754,1
DA:755,1
DA:756,1
DA:757,1
DA:758,1
DA:759,1
DA:760,1
DA:761,1
DA:763,1
DA:764,1
DA:765,1
BRF:0
BRH:0
LF:506
LH:491
end_of_record
SF:/Users/kangzengchen/source/buka/buka-works/phi-kernel-tools/src/context_rotation/history_tools.rs
FN:53,_RNvMNtNtCs4CJuKGlgFPJ_16phi_kernel_tools16context_rotation13history_toolsNtB2_22HistoryListWindowsTool3new
FN:245,_RNvMs0_NtNtCs4CJuKGlgFPJ_16phi_kernel_tools16context_rotation13history_toolsNtB5_19HistoryReadItemTool3new
FN:361,_RNvMs1_NtNtCs4CJuKGlgFPJ_16phi_kernel_tools16context_rotation13history_toolsNtB5_25HistorySearchContentsTool3new
FN:138,_RNvMs_NtNtCs4CJuKGlgFPJ_16phi_kernel_tools16context_rotation13history_toolsNtB4_20HistoryListItemsTool3new
FN:31,_RNvNtNtCs4CJuKGlgFPJ_16phi_kernel_tools16context_rotation13history_tools18truncate_to_tokens
FN:465,_RNvNtNtCs4CJuKGlgFPJ_16phi_kernel_tools16context_rotation13history_tools20create_history_tools
FN:64,_RNvXs2_NtNtCs4CJuKGlgFPJ_16phi_kernel_tools16context_rotation13history_toolsNtB5_22HistoryListWindowsToolNtNtCs2fHrdbyvnro_10agent_base4tool4Tool11description
FN:94,_RNvXs2_NtNtCs4CJuKGlgFPJ_16phi_kernel_tools16context_rotation13history_toolsNtB5_22HistoryListWindowsToolNtNtCs2fHrdbyvnro_10agent_base4tool4Tool4call
FN:60,_RNvXs2_NtNtCs4CJuKGlgFPJ_16phi_kernel_tools16context_rotation13history_toolsNtB5_22HistoryListWindowsToolNtNtCs2fHrdbyvnro_10agent_base4tool4Tool4name
FN:68,_RNvXs2_NtNtCs4CJuKGlgFPJ_16phi_kernel_tools16context_rotation13history_toolsNtB5_22HistoryListWindowsToolNtNtCs2fHrdbyvnro_10agent_base4tool4Tool6schema
FN:84,_RNvXs2_NtNtCs4CJuKGlgFPJ_16phi_kernel_tools16context_rotation13history_toolsNtB5_22HistoryListWindowsToolNtNtCs2fHrdbyvnro_10agent_base4tool4Tool8metadata
FN:149,_RNvXs3_NtNtCs4CJuKGlgFPJ_16phi_kernel_tools16context_rotation13history_toolsNtB5_20HistoryListItemsToolNtNtCs2fHrdbyvnro_10agent_base4tool4Tool11description
FN:191,_RNvXs3_NtNtCs4CJuKGlgFPJ_16phi_kernel_tools16context_rotation13history_toolsNtB5_20HistoryListItemsToolNtNtCs2fHrdbyvnro_10agent_base4tool4Tool4call
FN:145,_RNvXs3_NtNtCs4CJuKGlgFPJ_16phi_kernel_tools16context_rotation13history_toolsNtB5_20HistoryListItemsToolNtNtCs2fHrdbyvnro_10agent_base4tool4Tool4name
FN:153,_RNvXs3_NtNtCs4CJuKGlgFPJ_16phi_kernel_tools16context_rotation13history_toolsNtB5_20HistoryListItemsToolNtNtCs2fHrdbyvnro_10agent_base4tool4Tool6schema
FN:181,_RNvXs3_NtNtCs4CJuKGlgFPJ_16phi_kernel_tools16context_rotation13history_toolsNtB5_20HistoryListItemsToolNtNtCs2fHrdbyvnro_10agent_base4tool4Tool8metadata
FN:256,_RNvXs4_NtNtCs4CJuKGlgFPJ_16phi_kernel_tools16context_rotation13history_toolsNtB5_19HistoryReadItemToolNtNtCs2fHrdbyvnro_10agent_base4tool4Tool11description
FN:296,_RNvXs4_NtNtCs4CJuKGlgFPJ_16phi_kernel_tools16context_rotation13history_toolsNtB5_19HistoryReadItemToolNtNtCs2fHrdbyvnro_10agent_base4tool4Tool4call
FN:252,_RNvXs4_NtNtCs4CJuKGlgFPJ_16phi_kernel_tools16context_rotation13history_toolsNtB5_19HistoryReadItemToolNtNtCs2fHrdbyvnro_10agent_base4tool4Tool4name
FN:261,_RNvXs4_NtNtCs4CJuKGlgFPJ_16phi_kernel_tools16context_rotation13history_toolsNtB5_19HistoryReadItemToolNtNtCs2fHrdbyvnro_10agent_base4tool4Tool6schema
FN:286,_RNvXs4_NtNtCs4CJuKGlgFPJ_16phi_kernel_tools16context_rotation13history_toolsNtB5_19HistoryReadItemToolNtNtCs2fHrdbyvnro_10agent_base4tool4Tool8metadata
FN:372,_RNvXs5_NtNtCs4CJuKGlgFPJ_16phi_kernel_tools16context_rotation13history_toolsNtB5_25HistorySearchContentsToolNtNtCs2fHrdbyvnro_10agent_base4tool4Tool11description
FN:411,_RNvXs5_NtNtCs4CJuKGlgFPJ_16phi_kernel_tools16context_rotation13history_toolsNtB5_25HistorySearchContentsToolNtNtCs2fHrdbyvnro_10agent_base4tool4Tool4call
FN:368,_RNvXs5_NtNtCs4CJuKGlgFPJ_16phi_kernel_tools16context_rotation13history_toolsNtB5_25HistorySearchContentsToolNtNtCs2fHrdbyvnro_10agent_base4tool4Tool4name
FN:376,_RNvXs5_NtNtCs4CJuKGlgFPJ_16phi_kernel_tools16context_rotation13history_toolsNtB5_25HistorySearchContentsToolNtNtCs2fHrdbyvnro_10agent_base4tool4Tool6schema
FN:401,_RNvXs5_NtNtCs4CJuKGlgFPJ_16phi_kernel_tools16context_rotation13history_toolsNtB5_25HistorySearchContentsToolNtNtCs2fHrdbyvnro_10agent_base4tool4Tool8metadata
FN:195,_RNCNCNvXs3_NtNtCs4CJuKGlgFPJ_16phi_kernel_tools16context_rotation13history_toolsNtB9_20HistoryListItemsToolNtNtCs2fHrdbyvnro_10agent_base4tool4Tool4call00Bd_
FN:219,_RNCNCNvXs3_NtNtCs4CJuKGlgFPJ_16phi_kernel_tools16context_rotation13history_toolsNtB9_20HistoryListItemsToolNtNtCs2fHrdbyvnro_10agent_base4tool4Tool4call0s_0Bd_
FN:316,_RNCNCNvXs4_NtNtCs4CJuKGlgFPJ_16phi_kernel_tools16context_rotation13history_toolsNtB9_19HistoryReadItemToolNtNtCs2fHrdbyvnro_10agent_base4tool4Tool4call00Bd_
FN:321,_RNCNCNvXs4_NtNtCs4CJuKGlgFPJ_16phi_kernel_tools16context_rotation13history_toolsNtB9_19HistoryReadItemToolNtNtCs2fHrdbyvnro_10agent_base4tool4Tool4call0s_0Bd_
FN:429,_RNCNCNvXs5_NtNtCs4CJuKGlgFPJ_16phi_kernel_tools16context_rotation13history_toolsNtB9_25HistorySearchContentsToolNtNtCs2fHrdbyvnro_10agent_base4tool4Tool4call00Bd_
FN:447,_RNCNCNvXs5_NtNtCs4CJuKGlgFPJ_16phi_kernel_tools16context_rotation13history_toolsNtB9_25HistorySearchContentsToolNtNtCs2fHrdbyvnro_10agent_base4tool4Tool4call0s_0Bd_
FN:53,_RNvMNtNtCsq9ymPQYH72_16phi_kernel_tools16context_rotation13history_toolsNtB2_22HistoryListWindowsTool3new
FN:245,_RNvMs0_NtNtCsq9ymPQYH72_16phi_kernel_tools16context_rotation13history_toolsNtB5_19HistoryReadItemTool3new
FN:361,_RNvMs1_NtNtCsq9ymPQYH72_16phi_kernel_tools16context_rotation13history_toolsNtB5_25HistorySearchContentsTool3new
FN:138,_RNvMs_NtNtCsq9ymPQYH72_16phi_kernel_tools16context_rotation13history_toolsNtB4_20HistoryListItemsTool3new
FN:31,_RNvNtNtCsq9ymPQYH72_16phi_kernel_tools16context_rotation13history_tools18truncate_to_tokens
FN:465,_RNvNtNtCsq9ymPQYH72_16phi_kernel_tools16context_rotation13history_tools20create_history_tools
FN:64,_RNvXs2_NtNtCsq9ymPQYH72_16phi_kernel_tools16context_rotation13history_toolsNtB5_22HistoryListWindowsToolNtNtCs2fHrdbyvnro_10agent_base4tool4Tool11description
FN:94,_RNvXs2_NtNtCsq9ymPQYH72_16phi_kernel_tools16context_rotation13history_toolsNtB5_22HistoryListWindowsToolNtNtCs2fHrdbyvnro_10agent_base4tool4Tool4call
FN:60,_RNvXs2_NtNtCsq9ymPQYH72_16phi_kernel_tools16context_rotation13history_toolsNtB5_22HistoryListWindowsToolNtNtCs2fHrdbyvnro_10agent_base4tool4Tool4name
FN:68,_RNvXs2_NtNtCsq9ymPQYH72_16phi_kernel_tools16context_rotation13history_toolsNtB5_22HistoryListWindowsToolNtNtCs2fHrdbyvnro_10agent_base4tool4Tool6schema
FN:84,_RNvXs2_NtNtCsq9ymPQYH72_16phi_kernel_tools16context_rotation13history_toolsNtB5_22HistoryListWindowsToolNtNtCs2fHrdbyvnro_10agent_base4tool4Tool8metadata
FN:149,_RNvXs3_NtNtCsq9ymPQYH72_16phi_kernel_tools16context_rotation13history_toolsNtB5_20HistoryListItemsToolNtNtCs2fHrdbyvnro_10agent_base4tool4Tool11description
FN:191,_RNvXs3_NtNtCsq9ymPQYH72_16phi_kernel_tools16context_rotation13history_toolsNtB5_20HistoryListItemsToolNtNtCs2fHrdbyvnro_10agent_base4tool4Tool4call
FN:145,_RNvXs3_NtNtCsq9ymPQYH72_16phi_kernel_tools16context_rotation13history_toolsNtB5_20HistoryListItemsToolNtNtCs2fHrdbyvnro_10agent_base4tool4Tool4name
FN:153,_RNvXs3_NtNtCsq9ymPQYH72_16phi_kernel_tools16context_rotation13history_toolsNtB5_20HistoryListItemsToolNtNtCs2fHrdbyvnro_10agent_base4tool4Tool6schema
FN:181,_RNvXs3_NtNtCsq9ymPQYH72_16phi_kernel_tools16context_rotation13history_toolsNtB5_20HistoryListItemsToolNtNtCs2fHrdbyvnro_10agent_base4tool4Tool8metadata
FN:256,_RNvXs4_NtNtCsq9ymPQYH72_16phi_kernel_tools16context_rotation13history_toolsNtB5_19HistoryReadItemToolNtNtCs2fHrdbyvnro_10agent_base4tool4Tool11description
FN:296,_RNvXs4_NtNtCsq9ymPQYH72_16phi_kernel_tools16context_rotation13history_toolsNtB5_19HistoryReadItemToolNtNtCs2fHrdbyvnro_10agent_base4tool4Tool4call
FN:252,_RNvXs4_NtNtCsq9ymPQYH72_16phi_kernel_tools16context_rotation13history_toolsNtB5_19HistoryReadItemToolNtNtCs2fHrdbyvnro_10agent_base4tool4Tool4name
FN:261,_RNvXs4_NtNtCsq9ymPQYH72_16phi_kernel_tools16context_rotation13history_toolsNtB5_19HistoryReadItemToolNtNtCs2fHrdbyvnro_10agent_base4tool4Tool6schema
FN:286,_RNvXs4_NtNtCsq9ymPQYH72_16phi_kernel_tools16context_rotation13history_toolsNtB5_19HistoryReadItemToolNtNtCs2fHrdbyvnro_10agent_base4tool4Tool8metadata
FN:372,_RNvXs5_NtNtCsq9ymPQYH72_16phi_kernel_tools16context_rotation13history_toolsNtB5_25HistorySearchContentsToolNtNtCs2fHrdbyvnro_10agent_base4tool4Tool11description
FN:411,_RNvXs5_NtNtCsq9ymPQYH72_16phi_kernel_tools16context_rotation13history_toolsNtB5_25HistorySearchContentsToolNtNtCs2fHrdbyvnro_10agent_base4tool4Tool4call
FN:368,_RNvXs5_NtNtCsq9ymPQYH72_16phi_kernel_tools16context_rotation13history_toolsNtB5_25HistorySearchContentsToolNtNtCs2fHrdbyvnro_10agent_base4tool4Tool4name
FN:376,_RNvXs5_NtNtCsq9ymPQYH72_16phi_kernel_tools16context_rotation13history_toolsNtB5_25HistorySearchContentsToolNtNtCs2fHrdbyvnro_10agent_base4tool4Tool6schema
FN:401,_RNvXs5_NtNtCsq9ymPQYH72_16phi_kernel_tools16context_rotation13history_toolsNtB5_25HistorySearchContentsToolNtNtCs2fHrdbyvnro_10agent_base4tool4Tool8metadata
FN:513,_RNvNtNtNtCsq9ymPQYH72_16phi_kernel_tools16context_rotation13history_tools5tests11setup_store
FN:482,_RNvNtNtNtCsq9ymPQYH72_16phi_kernel_tools16context_rotation13history_tools5tests3ctx
FN:503,_RNvNtNtNtCsq9ymPQYH72_16phi_kernel_tools16context_rotation13history_tools5tests4text
FN:649,_RNvNtNtNtCsq9ymPQYH72_16phi_kernel_tools16context_rotation13history_tools5testss_15search_no_match
FN:540,_RNvNtNtNtCsq9ymPQYH72_16phi_kernel_tools16context_rotation13history_tools5testss_18list_windows_empty
FN:617,_RNvNtNtNtCsq9ymPQYH72_16phi_kernel_tools16context_rotation13history_tools5testss_18search_finds_match
FN:604,_RNvNtNtNtCsq9ymPQYH72_16phi_kernel_tools16context_rotation13history_tools5testss_19read_item_not_found
FN:588,_RNvNtNtNtCsq9ymPQYH72_16phi_kernel_tools16context_rotation13history_tools5testss_21read_item_with_offset
FN:550,_RNvNtNtNtCsq9ymPQYH72_16phi_kernel_tools16context_rotation13history_tools5testss_22list_items_returns_all
FN:717,_RNvNtNtNtCsq9ymPQYH72_16phi_kernel_tools16context_rotation13history_tools5testss_23list_items_recent_first
FN:629,_RNvNtNtNtCsq9ymPQYH72_16phi_kernel_tools16context_rotation13history_tools5testss_23search_case_insensitive
FN:782,_RNvNtNtNtCsq9ymPQYH72_16phi_kernel_tools16context_rotation13history_tools5testss_23search_finds_by_content
FN:704,_RNvNtNtNtCsq9ymPQYH72_16phi_kernel_tools16context_rotation13history_tools5testss_25list_items_respects_limit
FN:575,_RNvNtNtNtCsq9ymPQYH72_16phi_kernel_tools16context_rotation13history_tools5testss_25read_item_returns_content
FN:563,_RNvNtNtNtCsq9ymPQYH72_16phi_kernel_tools16context_rotation13history_tools5testss_26list_items_filters_by_role
FN:763,_RNvNtNtNtCsq9ymPQYH72_16phi_kernel_tools16context_rotation13history_tools5testss_26read_item_with_limit_chars
FN:733,_RNvNtNtNtCsq9ymPQYH72_16phi_kernel_tools16context_rotation13history_tools5testss_29list_items_empty_for_no_match
FN:529,_RNvNtNtNtCsq9ymPQYH72_16phi_kernel_tools16context_rotation13history_tools5testss_29list_windows_returns_archived
FN:688,_RNvNtNtNtCsq9ymPQYH72_16phi_kernel_tools16context_rotation13history_tools5testss_31list_items_filters_by_tool_name
FN:672,_RNvNtNtNtCsq9ymPQYH72_16phi_kernel_tools16context_rotation13history_tools5testss_31list_items_filters_by_window_id
FN:639,_RNvNtNtNtCsq9ymPQYH72_16phi_kernel_tools16context_rotation13history_tools5testss_32search_empty_query_returns_error
FN:662,_RNvNtNtNtCsq9ymPQYH72_16phi_kernel_tools16context_rotation13history_tools5testss_33create_history_tools_returns_four
FN:746,_RNvNtNtNtCsq9ymPQYH72_16phi_kernel_tools16context_rotation13history_tools5testss_34list_items_across_multiple_windows
FN:799,_RNvNtNtNtCsq9ymPQYH72_16phi_kernel_tools16context_rotation13history_tools5testss_35concurrent_list_items_does_not_hang
FN:834,_RNvNtNtNtCsq9ymPQYH72_16phi_kernel_tools16context_rotation13history_tools5testss_42concurrent_mixed_history_tools_do_not_hang
FN:490,_RNvNtNtNtCsq9ymPQYH72_16phi_kernel_tools16context_rotation13history_tools5testss_51truncate_stays_below_framework_cap_and_never_panics
FN:195,_RNCNCNvXs3_NtNtCsq9ymPQYH72_16phi_kernel_tools16context_rotation13history_toolsNtB9_20HistoryListItemsToolNtNtCs2fHrdbyvnro_10agent_base4tool4Tool4call00Bd_
FN:219,_RNCNCNvXs3_NtNtCsq9ymPQYH72_16phi_kernel_tools16context_rotation13history_toolsNtB9_20HistoryListItemsToolNtNtCs2fHrdbyvnro_10agent_base4tool4Tool4call0s_0Bd_
FN:316,_RNCNCNvXs4_NtNtCsq9ymPQYH72_16phi_kernel_tools16context_rotation13history_toolsNtB9_19HistoryReadItemToolNtNtCs2fHrdbyvnro_10agent_base4tool4Tool4call00Bd_
FN:321,_RNCNCNvXs4_NtNtCsq9ymPQYH72_16phi_kernel_tools16context_rotation13history_toolsNtB9_19HistoryReadItemToolNtNtCs2fHrdbyvnro_10agent_base4tool4Tool4call0s_0Bd_
FN:429,_RNCNCNvXs5_NtNtCsq9ymPQYH72_16phi_kernel_tools16context_rotation13history_toolsNtB9_25HistorySearchContentsToolNtNtCs2fHrdbyvnro_10agent_base4tool4Tool4call00Bd_
FN:447,_RNCNCNvXs5_NtNtCsq9ymPQYH72_16phi_kernel_tools16context_rotation13history_toolsNtB9_25HistorySearchContentsToolNtNtCs2fHrdbyvnro_10agent_base4tool4Tool4call0s_0Bd_
FN:815,_RNCNCNCNvNtNtNtCsq9ymPQYH72_16phi_kernel_tools16context_rotation13history_tools5testss_35concurrent_list_items_does_not_hang000Bd_
FN:728,_RNCNCNvNtNtNtCsq9ymPQYH72_16phi_kernel_tools16context_rotation13history_tools5testss_23list_items_recent_first00Bb_
FN:712,_RNCNCNvNtNtNtCsq9ymPQYH72_16phi_kernel_tools16context_rotation13history_tools5testss_25list_items_respects_limit00Bb_
FN:813,_RNCNCNvNtNtNtCsq9ymPQYH72_16phi_kernel_tools16context_rotation13history_tools5testss_35concurrent_list_items_does_not_hang00Bb_
FN:852,_RNCNCNvNtNtNtCsq9ymPQYH72_16phi_kernel_tools16context_rotation13history_tools5testss_42concurrent_mixed_history_tools_do_not_hang00Bb_
FN:860,_RNCNCNvNtNtNtCsq9ymPQYH72_16phi_kernel_tools16context_rotation13history_tools5testss_42concurrent_mixed_history_tools_do_not_hang0s0_0Bb_
FN:864,_RNCNCNvNtNtNtCsq9ymPQYH72_16phi_kernel_tools16context_rotation13history_tools5testss_42concurrent_mixed_history_tools_do_not_hang0s1_0Bb_
FN:856,_RNCNCNvNtNtNtCsq9ymPQYH72_16phi_kernel_tools16context_rotation13history_tools5testss_42concurrent_mixed_history_tools_do_not_hang0s_0Bb_
FN:505,_RNCNvNtNtNtCsq9ymPQYH72_16phi_kernel_tools16context_rotation13history_tools5tests4text0B9_
FN:649,_RNCNvNtNtNtCsq9ymPQYH72_16phi_kernel_tools16context_rotation13history_tools5testss_15search_no_match0B9_
FN:540,_RNCNvNtNtNtCsq9ymPQYH72_16phi_kernel_tools16context_rotation13history_tools5testss_18list_windows_empty0B9_
FN:617,_RNCNvNtNtNtCsq9ymPQYH72_16phi_kernel_tools16context_rotation13history_tools5testss_18search_finds_match0B9_
FN:604,_RNCNvNtNtNtCsq9ymPQYH72_16phi_kernel_tools16context_rotation13history_tools5testss_19read_item_not_found0B9_
FN:588,_RNCNvNtNtNtCsq9ymPQYH72_16phi_kernel_tools16context_rotation13history_tools5testss_21read_item_with_offset0B9_
FN:550,_RNCNvNtNtNtCsq9ymPQYH72_16phi_kernel_tools16context_rotation13history_tools5testss_22list_items_returns_all0B9_
FN:717,_RNCNvNtNtNtCsq9ymPQYH72_16phi_kernel_tools16context_rotation13history_tools5testss_23list_items_recent_first0B9_
FN:629,_RNCNvNtNtNtCsq9ymPQYH72_16phi_kernel_tools16context_rotation13history_tools5testss_23search_case_insensitive0B9_
FN:782,_RNCNvNtNtNtCsq9ymPQYH72_16phi_kernel_tools16context_rotation13history_tools5testss_23search_finds_by_content0B9_
FN:704,_RNCNvNtNtNtCsq9ymPQYH72_16phi_kernel_tools16context_rotation13history_tools5testss_25list_items_respects_limit0B9_
FN:575,_RNCNvNtNtNtCsq9ymPQYH72_16phi_kernel_tools16context_rotation13history_tools5testss_25read_item_returns_content0B9_
FN:563,_RNCNvNtNtNtCsq9ymPQYH72_16phi_kernel_tools16context_rotation13history_tools5testss_26list_items_filters_by_role0B9_
FN:763,_RNCNvNtNtNtCsq9ymPQYH72_16phi_kernel_tools16context_rotation13history_tools5testss_26read_item_with_limit_chars0B9_
FN:733,_RNCNvNtNtNtCsq9ymPQYH72_16phi_kernel_tools16context_rotation13history_tools5testss_29list_items_empty_for_no_match0B9_
FN:529,_RNCNvNtNtNtCsq9ymPQYH72_16phi_kernel_tools16context_rotation13history_tools5testss_29list_windows_returns_archived0B9_
FN:688,_RNCNvNtNtNtCsq9ymPQYH72_16phi_kernel_tools16context_rotation13history_tools5testss_31list_items_filters_by_tool_name0B9_
FN:672,_RNCNvNtNtNtCsq9ymPQYH72_16phi_kernel_tools16context_rotation13history_tools5testss_31list_items_filters_by_window_id0B9_
FN:639,_RNCNvNtNtNtCsq9ymPQYH72_16phi_kernel_tools16context_rotation13history_tools5testss_32search_empty_query_returns_error0B9_
FN:746,_RNCNvNtNtNtCsq9ymPQYH72_16phi_kernel_tools16context_rotation13history_tools5testss_34list_items_across_multiple_windows0B9_
FN:799,_RNCNvNtNtNtCsq9ymPQYH72_16phi_kernel_tools16context_rotation13history_tools5testss_35concurrent_list_items_does_not_hang0B9_
FN:834,_RNCNvNtNtNtCsq9ymPQYH72_16phi_kernel_tools16context_rotation13history_tools5testss_42concurrent_mixed_history_tools_do_not_hang0B9_
FNDA:0,_RNvMNtNtCs4CJuKGlgFPJ_16phi_kernel_tools16context_rotation13history_toolsNtB2_22HistoryListWindowsTool3new
FNDA:0,_RNvMs0_NtNtCs4CJuKGlgFPJ_16phi_kernel_tools16context_rotation13history_toolsNtB5_19HistoryReadItemTool3new
[...]
FNDA:21,_RNCNvMs_NtNtCs4CJuKGlgFPJ_16phi_kernel_tools13task_registry8registryINtB6_12TaskRegistryNtNtBa_16background_shell14ShellTaskEntryE8snapshot0Ba_
FNDA:1,_RNvMs_NtNtCs4CJuKGlgFPJ_16phi_kernel_tools13task_registry8registryINtB4_12TaskRegistryNtNtB8_16background_shell14ShellTaskEntryE12snapshot_allB8_
FNDA:7,_RNvMs_NtNtCs4CJuKGlgFPJ_16phi_kernel_tools13task_registry8registryINtB4_12TaskRegistryNtNtB8_16background_shell14ShellTaskEntryE13update_statusB8_
FNDA:8,_RNvMs_NtNtCs4CJuKGlgFPJ_16phi_kernel_tools13task_registry8registryINtB4_12TaskRegistryNtNtB8_16background_shell14ShellTaskEntryE3newB8_
FNDA:6,_RNvMs_NtNtCs4CJuKGlgFPJ_16phi_kernel_tools13task_registry8registryINtB4_12TaskRegistryNtNtB8_16background_shell14ShellTaskEntryE4waitB8_
FNDA:0,_RNvMs_NtNtCs4CJuKGlgFPJ_16phi_kernel_tools13task_registry8registryINtB4_12TaskRegistryNtNtB8_16background_shell14ShellTaskEntryE5watchB8_
FNDA:1,_RNvMs_NtNtCs4CJuKGlgFPJ_16phi_kernel_tools13task_registry8registryINtB4_12TaskRegistryNtNtB8_16background_shell14ShellTaskEntryE6cancelB8_
FNDA:10,_RNvMs_NtNtCs4CJuKGlgFPJ_16phi_kernel_tools13task_registry8registryINtB4_12TaskRegistryNtNtB8_16background_shell14ShellTaskEntryE8registerB8_
FNDA:0,_RNvMs_NtNtCs4CJuKGlgFPJ_16phi_kernel_tools13task_registry8registryINtB4_12TaskRegistryNtNtB8_16background_shell14ShellTaskEntryE8shutdownB8_
FNDA:22,_RNvMs_NtNtCs4CJuKGlgFPJ_16phi_kernel_tools13task_registry8registryINtB4_12TaskRegistryNtNtB8_16background_shell14ShellTaskEntryE8snapshotB8_
FNDA:0,_RNvXNtNtCs4CJuKGlgFPJ_16phi_kernel_tools13task_registry8registryNtB2_13RegisterErrorNtNtCslWxY2MhVcag_4core3fmt7Display3fmt
FNDA:0,_RNvXNtNtNtCsq9ymPQYH72_16phi_kernel_tools13task_registry8registry5testsNtB2_6StatusNtNtB6_6traits10TaskStatus14is_wake_worthy
FNDA:2,_RNvXNtNtCsq9ymPQYH72_16phi_kernel_tools13task_registry8registryNtB2_13RegisterErrorNtNtCslWxY2MhVcag_4core3fmt7Display3fmt
FNDA:1,_RINvMs_NtNtCsq9ymPQYH72_16phi_kernel_tools13task_registry8registryINtB5_12TaskRegistryNtNtB5_5tests4TaskE10with_entryNCNvB1o_s_28with_entry_mut_modifies_datas_0NtNtCs6KVRSXc8uZF_5alloc6string6StringEB9_
FNDA:1,_RINvMs_NtNtCsq9ymPQYH72_16phi_kernel_tools13task_registry8registryINtB5_12TaskRegistryNtNtB5_5tests4TaskE10with_entryNCNvB1o_s_35with_entry_nonexistent_returns_none0uEB9_
FNDA:1,_RINvMs_NtNtCsq9ymPQYH72_16phi_kernel_tools13task_registry8registryINtB5_12TaskRegistryNtNtB5_5tests4TaskE14with_entry_mutNCNvB1o_s_28with_entry_mut_modifies_data0uEB9_
FNDA:1,_RINvMs_NtNtCsq9ymPQYH72_16phi_kernel_tools13task_registry8registryINtB5_12TaskRegistryNtNtB5_5tests4TaskE14with_entry_mutNCNvB1o_s_35with_entry_nonexistent_returns_nones_0uEB9_
FNDA:0,_RINvMs_NtNtCsq9ymPQYH72_16phi_kernel_tools13task_registry8registryINtB5_12TaskRegistryNtNtB9_16background_shell14ShellTaskEntryE14with_entry_mutNCNvMs3_B1o_NtB1o_22BackgroundTaskRegistry13append_output0uEB9_
FNDA:4,_RINvMs_NtNtCsq9ymPQYH72_16phi_kernel_tools13task_registry8registryINtB5_12TaskRegistryNtNtB9_16background_shell14ShellTaskEntryE14with_entry_mutNCNvMs3_B1o_NtB1o_22BackgroundTaskRegistry6finish0uEB9_
FNDA:0,_RINvMs_NtNtCsq9ymPQYH72_16phi_kernel_tools13task_registry8registryINtB5_12TaskRegistryNtNtB9_16background_shell14ShellTaskEntryE14with_entry_mutNCNvMs3_B1o_NtB1o_22BackgroundTaskRegistry8set_pgid0uEB9_
FNDA:1,_RNCINvMs_NtNtCsq9ymPQYH72_16phi_kernel_tools13task_registry8registryINtB7_12TaskRegistryNtNtB7_5tests4TaskE10with_entryNCNvB1q_s_28with_entry_mut_modifies_datas_0NtNtCs6KVRSXc8uZF_5alloc6string6StringE0Bb_
FNDA:0,_RNCINvMs_NtNtCsq9ymPQYH72_16phi_kernel_tools13task_registry8registryINtB7_12TaskRegistryNtNtB7_5tests4TaskE10with_entryNCNvB1q_s_35with_entry_nonexistent_returns_none0uE0Bb_
FNDA:1,_RNCINvMs_NtNtCsq9ymPQYH72_16phi_kernel_tools13task_registry8registryINtB7_12TaskRegistryNtNtB7_5tests4TaskE14with_entry_mutNCNvB1q_s_28with_entry_mut_modifies_data0uE0Bb_
FNDA:0,_RNCINvMs_NtNtCsq9ymPQYH72_16phi_kernel_tools13task_registry8registryINtB7_12TaskRegistryNtNtB7_5tests4TaskE14with_entry_mutNCNvB1q_s_35with_entry_nonexistent_returns_nones_0uE0Bb_
FNDA:0,_RNCINvMs_NtNtCsq9ymPQYH72_16phi_kernel_tools13task_registry8registryINtB7_12TaskRegistryNtNtBb_16background_shell14ShellTaskEntryE14with_entry_mutNCNvMs3_B1q_NtB1q_22BackgroundTaskRegistry13append_output0uE0Bb_
FNDA:4,_RNCINvMs_NtNtCsq9ymPQYH72_16phi_kernel_tools13task_registry8registryINtB7_12TaskRegistryNtNtBb_16background_shell14ShellTaskEntryE14with_entry_mutNCNvMs3_B1q_NtB1q_22BackgroundTaskRegistry6finish0uE0Bb_
FNDA:0,_RNCINvMs_NtNtCsq9ymPQYH72_16phi_kernel_tools13task_registry8registryINtB7_12TaskRegistryNtNtBb_16background_shell14ShellTaskEntryE14with_entry_mutNCNvMs3_B1q_NtB1q_22BackgroundTaskRegistry8set_pgid0uE0Bb_
FNDA:1,_RNCNvMs_NtNtCsq9ymPQYH72_16phi_kernel_tools13task_registry8registryINtB6_12TaskRegistryNtNtB6_5tests4TaskE12is_cancelled0Ba_
FNDA:4,_RNCNvMs_NtNtCsq9ymPQYH72_16phi_kernel_tools13task_registry8registryINtB6_12TaskRegistryNtNtB6_5tests4TaskE12snapshot_all0Ba_
FNDA:3,_RNCNvMs_NtNtCsq9ymPQYH72_16phi_kernel_tools13task_registry8registryINtB6_12TaskRegistryNtNtB6_5tests4TaskE12snapshot_alls_0Ba_
FNDA:2,_RNCNvMs_NtNtCsq9ymPQYH72_16phi_kernel_tools13task_registry8registryINtB6_12TaskRegistryNtNtB6_5tests4TaskE13running_count0Ba_
FNDA:4,_RNCNvMs_NtNtCsq9ymPQYH72_16phi_kernel_tools13task_registry8registryINtB6_12TaskRegistryNtNtB6_5tests4TaskE4wait0Ba_
FNDA:4,_RNCNvMs_NtNtCsq9ymPQYH72_16phi_kernel_tools13task_registry8registryINtB6_12TaskRegistryNtNtB6_5tests4TaskE8register0Ba_
FNDA:10,_RNCNvMs_NtNtCsq9ymPQYH72_16phi_kernel_tools13task_registry8registryINtB6_12TaskRegistryNtNtB6_5tests4TaskE8snapshot0Ba_
FNDA:2,_RNCNvMs_NtNtCsq9ymPQYH72_16phi_kernel_tools13task_registry8registryINtB6_12TaskRegistryNtNtBa_16background_shell14ShellTaskEntryE12snapshot_all0Ba_
FNDA:1,_RNCNvMs_NtNtCsq9ymPQYH72_16phi_kernel_tools13task_registry8registryINtB6_12TaskRegistryNtNtBa_16background_shell14ShellTaskEntryE12snapshot_alls_0Ba_
FNDA:6,_RNCNvMs_NtNtCsq9ymPQYH72_16phi_kernel_tools13task_registry8registryINtB6_12TaskRegistryNtNtBa_16background_shell14ShellTaskEntryE8register0Ba_
FNDA:3,_RNCNvMs_NtNtCsq9ymPQYH72_16phi_kernel_tools13task_registry8registryINtB6_12TaskRegistryNtNtBa_16background_shell14ShellTaskEntryE8snapshot0Ba_
FNDA:2,_RNvMs_NtNtCsq9ymPQYH72_16phi_kernel_tools13task_registry8registryINtB4_12TaskRegistryNtNtB4_5tests4TaskE12is_cancelledB8_
FNDA:2,_RNvMs_NtNtCsq9ymPQYH72_16phi_kernel_tools13task_registry8registryINtB4_12TaskRegistryNtNtB4_5tests4TaskE12snapshot_allB8_
FNDA:2,_RNvMs_NtNtCsq9ymPQYH72_16phi_kernel_tools13task_registry8registryINtB4_12TaskRegistryNtNtB4_5tests4TaskE13running_countB8_
FNDA:9,_RNvMs_NtNtCsq9ymPQYH72_16phi_kernel_tools13task_registry8registryINtB4_12TaskRegistryNtNtB4_5tests4TaskE13update_statusB8_
FNDA:20,_RNvMs_NtNtCsq9ymPQYH72_16phi_kernel_tools13task_registry8registryINtB4_12TaskRegistryNtNtB4_5tests4TaskE3newB8_
FNDA:4,_RNvMs_NtNtCsq9ymPQYH72_16phi_kernel_tools13task_registry8registryINtB4_12TaskRegistryNtNtB4_5tests4TaskE4waitB8_
FNDA:1,_RNvMs_NtNtCsq9ymPQYH72_16phi_kernel_tools13task_registry8registryINtB4_12TaskRegistryNtNtB4_5tests4TaskE5watchB8_
FNDA:3,_RNvMs_NtNtCsq9ymPQYH72_16phi_kernel_tools13task_registry8registryINtB4_12TaskRegistryNtNtB4_5tests4TaskE6cancelB8_
FNDA:18,_RNvMs_NtNtCsq9ymPQYH72_16phi_kernel_tools13task_registry8registryINtB4_12TaskRegistryNtNtB4_5tests4TaskE8registerB8_
FNDA:1,_RNvMs_NtNtCsq9ymPQYH72_16phi_kernel_tools13task_registry8registryINtB4_12TaskRegistryNtNtB4_5tests4TaskE8shutdownB8_
FNDA:12,_RNvMs_NtNtCsq9ymPQYH72_16phi_kernel_tools13task_registry8registryINtB4_12TaskRegistryNtNtB4_5tests4TaskE8snapshotB8_
FNDA:2,_RNvMs_NtNtCsq9ymPQYH72_16phi_kernel_tools13task_registry8registryINtB4_12TaskRegistryNtNtB8_16background_shell14ShellTaskEntryE12snapshot_allB8_
FNDA:5,_RNvMs_NtNtCsq9ymPQYH72_16phi_kernel_tools13task_registry8registryINtB4_12TaskRegistryNtNtB8_16background_shell14ShellTaskEntryE13update_statusB8_
FNDA:7,_RNvMs_NtNtCsq9ymPQYH72_16phi_kernel_tools13task_registry8registryINtB4_12TaskRegistryNtNtB8_16background_shell14ShellTaskEntryE3newB8_
FNDA:11,_RNvMs_NtNtCsq9ymPQYH72_16phi_kernel_tools13task_registry8registryINtB4_12TaskRegistryNtNtB8_16background_shell14ShellTaskEntryE8registerB8_
FNDA:3,_RNvMs_NtNtCsq9ymPQYH72_16phi_kernel_tools13task_registry8registryINtB4_12TaskRegistryNtNtB8_16background_shell14ShellTaskEntryE8snapshotB8_
FNDA:1,_RNCNCNvNtNtNtCsq9ymPQYH72_16phi_kernel_tools13task_registry8registry5testss_27wait_wakes_on_status_change00Bb_
FNDA:1,_RNCNvNtNtNtCsq9ymPQYH72_16phi_kernel_tools13task_registry8registry5testss_14wait_times_out0B9_
FNDA:1,_RNCNvNtNtNtCsq9ymPQYH72_16phi_kernel_tools13task_registry8registry5testss_27wait_wakes_on_status_change0B9_
FNDA:1,_RNCNvNtNtNtCsq9ymPQYH72_16phi_kernel_tools13task_registry8registry5testss_28with_entry_mut_modifies_data0B9_
FNDA:1,_RNCNvNtNtNtCsq9ymPQYH72_16phi_kernel_tools13task_registry8registry5testss_28with_entry_mut_modifies_datas_0B9_
FNDA:1,_RNCNvNtNtNtCsq9ymPQYH72_16phi_kernel_tools13task_registry8registry5testss_33wait_returns_none_for_nonexistent0B9_
FNDA:1,_RNCNvNtNtNtCsq9ymPQYH72_16phi_kernel_tools13task_registry8registry5testss_44wait_returns_immediately_if_already_terminal0B9_
FNDA:18,_RNvNtNtNtCsq9ymPQYH72_16phi_kernel_tools13task_registry8registry5tests9make_task
FNDA:1,_RNvNtNtNtCsq9ymPQYH72_16phi_kernel_tools13task_registry8registry5testss_14wait_times_out
FNDA:1,_RNvNtNtNtCsq9ymPQYH72_16phi_kernel_tools13task_registry8registry5testss_21cancel_triggers_token
FNDA:1,_RNvNtNtNtCsq9ymPQYH72_16phi_kernel_tools13task_registry8registry5testss_21register_and_snapshot
FNDA:1,_RNvNtNtNtCsq9ymPQYH72_16phi_kernel_tools13task_registry8registry5testss_22display_register_error
FNDA:1,_RNvNtNtNtCsq9ymPQYH72_16phi_kernel_tools13task_registry8registry5testss_23register_limit_exceeded
FNDA:1,_RNvNtNtNtCsq9ymPQYH72_16phi_kernel_tools13task_registry8registry5testss_27wait_wakes_on_status_change
FNDA:1,_RNvNtNtNtCsq9ymPQYH72_16phi_kernel_tools13task_registry8registry5testss_28watch_receiver_gets_notified
FNDA:1,_RNvNtNtNtCsq9ymPQYH72_16phi_kernel_tools13task_registry8registry5testss_28with_entry_mut_modifies_data
FNDA:1,_RNvNtNtNtCsq9ymPQYH72_16phi_kernel_tools13task_registry8registry5testss_29cancel_terminal_returns_false
FNDA:1,_RNvNtNtNtCsq9ymPQYH72_16phi_kernel_tools13task_registry8registry5testss_31shutdown_cancels_all_and_clears
FNDA:1,_RNvNtNtNtCsq9ymPQYH72_16phi_kernel_tools13task_registry8registry5testss_32cancel_nonexistent_returns_false
FNDA:1,_RNvNtNtNtCsq9ymPQYH72_16phi_kernel_tools13task_registry8registry5testss_32snapshot_all_returns_all_and_gcs
FNDA:1,_RNvNtNtNtCsq9ymPQYH72_16phi_kernel_tools13task_registry8registry5testss_33snapshot_nonexistent_returns_none
FNDA:1,_RNvNtNtNtCsq9ymPQYH72_16phi_kernel_tools13task_registry8registry5testss_33update_status_nonexistent_is_noop
FNDA:1,_RNvNtNtNtCsq9ymPQYH72_16phi_kernel_tools13task_registry8registry5testss_33wait_returns_none_for_nonexistent
FNDA:1,_RNvNtNtNtCsq9ymPQYH72_16phi_kernel_tools13task_registry8registry5testss_35with_entry_nonexistent_returns_none
FNDA:1,_RNvNtNtNtCsq9ymPQYH72_16phi_kernel_tools13task_registry8registry5testss_38is_cancelled_nonexistent_returns_false
FNDA:1,_RNvNtNtNtCsq9ymPQYH72_16phi_kernel_tools13task_registry8registry5testss_41terminal_tasks_do_not_count_against_limit
FNDA:1,_RNvNtNtNtCsq9ymPQYH72_16phi_kernel_tools13task_registry8registry5testss_43update_status_sets_terminal_and_finished_at
FNDA:1,_RNvNtNtNtCsq9ymPQYH72_16phi_kernel_tools13task_registry8registry5testss_44wait_returns_immediately_if_already_terminal
FNDA:1,_RNvNtNtNtCsq9ymPQYH72_16phi_kernel_tools13task_registry8registry5testss_47update_status_ignores_transition_after_terminal
FNDA:36,_RNvXNtNtNtCsq9ymPQYH72_16phi_kernel_tools13task_registry8registry5testsNtB2_6StatusNtNtB6_6traits10TaskStatus11is_terminal
FNDA:7,_RNvXs_NtNtNtCsq9ymPQYH72_16phi_kernel_tools13task_registry8registry5testsNtB4_4TaskNtNtB8_6traits9TaskEntry10set_status
FNDA:17,_RNvXs_NtNtNtCsq9ymPQYH72_16phi_kernel_tools13task_registry8registry5testsNtB4_4TaskNtNtB8_6traits9TaskEntry2id
FNDA:29,_RNvXs_NtNtNtCsq9ymPQYH72_16phi_kernel_tools13task_registry8registry5testsNtB4_4TaskNtNtB8_6traits9TaskEntry6status
FNF:57
FNH:56
DA:21,2
DA:22,2
DA:23,2
DA:25,2
DA:94,35
DA:95,35
DA:96,35
DA:97,35
DA:98,35
DA:99,35
DA:100,35
DA:101,35
DA:102,35
DA:108,39
DA:109,39
DA:110,39
DA:111,39
DA:112,39
DA:113,39
DA:114,39
DA:115,39
DA:116,39
DA:117,39
DA:119,39
DA:120,3
DA:121,36
DA:123,36
DA:124,36
DA:125,36
DA:126,36
DA:127,36
DA:128,36
DA:129,36
DA:130,36
DA:131,36
DA:132,36
DA:133,39
DA:139,21
DA:140,21
DA:141,21
DA:142,20
DA:143,2
DA:145,0
DA:149,2
DA:150,18
DA:152,18
DA:153,18
DA:154,18
DA:155,18
DA:156,18
DA:157,18
DA:158,1
DA:159,21
DA:162,37
DA:163,37
DA:164,37
DA:166,37
DA:167,37
DA:168,34
DA:169,34
DA:170,34
DA:171,34
DA:172,34
DA:173,37
DA:178,5
DA:179,5
DA:180,5
DA:182,5
DA:185,7
DA:186,5
DA:187,2
DA:188,7
DA:190,5
DA:191,5
DA:192,4
DA:193,4
DA:194,4
DA:195,4
DA:196,4
DA:197,5
DA:198,5
DA:204,4
DA:205,4
DA:206,4
DA:207,3
DA:208,1
DA:209,2
DA:210,2
DA:211,2
DA:213,1
DA:215,4
DA:218,2
DA:219,2
DA:220,2
DA:221,2
DA:222,2
DA:223,2
DA:229,10
DA:230,10
DA:231,10
DA:232,10
DA:234,10
DA:235,9
DA:236,2
DA:237,7
DA:239,7
DA:240,7
DA:243,14
DA:244,14
DA:245,0
DA:246,14
DA:248,14
DA:250,13
DA:251,13
DA:252,6
DA:253,7
DA:255,0
DA:256,1
DA:259,10
DA:262,1
DA:263,1
DA:264,1
DA:267,1
DA:268,1
DA:269,2
DA:270,2
DA:271,2
DA:272,2
DA:274,1
DA:275,1
DA:276,1
DA:279,2
DA:280,2
DA:281,2
DA:282,2
DA:283,2
DA:284,2
DA:292,22
DA:293,22
DA:294,22
DA:296,22
DA:297,22
DA:298,22
DA:303,2
DA:304,2
DA:305,2
DA:307,2
DA:308,2
DA:309,2
DA:325,36
DA:326,36
DA:327,36
DA:328,0
DA:329,0
DA:330,0
DA:342,17
DA:343,17
DA:344,17
DA:345,29
DA:346,29
DA:347,29
DA:348,7
DA:349,7
DA:350,7
DA:353,18
DA:354,18
DA:355,18
DA:356,18
DA:357,18
DA:358,18
DA:359,18
DA:362,1
DA:363,1
DA:364,1
DA:365,1
DA:366,1
DA:367,1
DA:368,1
DA:369,1
DA:370,1
DA:371,1
DA:372,1
DA:375,1
DA:376,1
DA:377,1
DA:378,1
DA:379,1
DA:380,1
DA:381,1
DA:382,1
DA:383,1
DA:386,1
DA:387,1
DA:388,1
DA:389,1
DA:390,1
DA:391,1
DA:393,1
DA:394,1
DA:395,1
DA:396,1
DA:399,1
DA:400,1
DA:401,1
DA:402,1
DA:403,1
DA:404,1
DA:405,1
DA:406,1
DA:407,1
DA:408,1
DA:411,1
DA:412,1
DA:413,1
DA:414,1
DA:415,1
DA:416,1
DA:417,1
DA:418,1
DA:419,1
DA:420,1
DA:423,1
DA:424,1
DA:425,1
DA:426,1
DA:429,1
DA:430,1
DA:431,1
DA:432,1
DA:433,1
DA:434,1
DA:435,1
DA:436,1
DA:437,1
DA:440,1
DA:441,1
DA:442,1
DA:443,1
DA:444,1
DA:445,1
DA:446,1
DA:447,1
DA:450,1
DA:451,1
DA:452,1
DA:453,1
DA:456,1
DA:457,1
DA:458,1
DA:459,1
DA:462,1
DA:463,1
DA:464,1
DA:465,1
DA:468,1
DA:469,1
DA:470,1
DA:471,1
DA:472,1
DA:473,1
DA:474,1
DA:475,1
DA:476,1
DA:479,1
DA:480,1
DA:481,1
DA:482,1
DA:483,1
DA:486,1
DA:487,1
DA:488,1
DA:489,1
DA:490,1
DA:491,1
DA:492,1
DA:493,1
DA:494,1
DA:497,1
DA:498,1
DA:499,1
DA:500,1
DA:501,1
DA:504,1
DA:505,1
DA:506,1
DA:507,1
DA:508,1
DA:509,1
DA:510,1
DA:511,1
DA:512,1
DA:513,1
DA:514,1
DA:517,1
DA:518,1
DA:519,1
DA:520,1
DA:521,1
DA:523,1
DA:524,1
DA:527,1
DA:528,1
DA:529,1
DA:530,1
DA:531,1
DA:532,1
DA:533,1
DA:534,1
DA:535,1
DA:538,1
DA:539,1
DA:540,1
DA:541,1
DA:542,1
DA:543,1
DA:544,1
DA:545,1
DA:548,1
DA:549,1
DA:550,1
DA:551,1
DA:552,1
DA:553,1
DA:554,1
DA:555,1
DA:558,1
DA:559,1
DA:560,1
DA:561,1
DA:562,1
DA:563,1
DA:564,1
DA:566,1
DA:567,1
DA:568,1
DA:569,1
DA:571,1
DA:572,1
DA:573,1
DA:574,1
DA:577,1
DA:578,1
DA:579,1
DA:580,1
BRF:0
BRH:0
LF:364
LH:358
end_of_record
SF:/Users/kangzengchen/source/buka/buka-works/phi-kernel-tools/src/task_registry/snapshot.rs
FN:55,_RNvXNtNtNtCsq9ymPQYH72_16phi_kernel_tools13task_registry8snapshot5testsNtB2_2StNtNtB6_6traits10TaskStatus14is_wake_worthy
FN:73,_RNvXs_NtNtNtCsq9ymPQYH72_16phi_kernel_tools13task_registry8snapshot5testsNtB4_1ENtNtB8_6traits9TaskEntry10set_status
FN:67,_RNvXs_NtNtNtCsq9ymPQYH72_16phi_kernel_tools13task_registry8snapshot5testsNtB4_1ENtNtB8_6traits9TaskEntry2id
FN:78,_RNvNtNtNtCsq9ymPQYH72_16phi_kernel_tools13task_registry8snapshot5tests4snap
FN:101,_RNvNtNtNtCsq9ymPQYH72_16phi_kernel_tools13task_registry8snapshot5testss_19elapsed_is_positive
FN:107,_RNvNtNtNtCsq9ymPQYH72_16phi_kernel_tools13task_registry8snapshot5testss_26duration_none_when_running
FN:95,_RNvNtNtNtCsq9ymPQYH72_16phi_kernel_tools13task_registry8snapshot5testss_26is_terminal_reflects_entry
FN:112,_RNvNtNtNtCsq9ymPQYH72_16phi_kernel_tools13task_registry8snapshot5testss_27duration_some_when_finished
FN:52,_RNvXNtNtNtCsq9ymPQYH72_16phi_kernel_tools13task_registry8snapshot5testsNtB2_2StNtNtB6_6traits10TaskStatus11is_terminal
FN:70,_RNvXs_NtNtNtCsq9ymPQYH72_16phi_kernel_tools13task_registry8snapshot5testsNtB4_1ENtNtB8_6traits9TaskEntry6status
FN:37,_RNCNvMNtNtCsq9ymPQYH72_16phi_kernel_tools13task_registry8snapshotINtB4_8SnapshotNtNtB4_5tests1EE8duration0B8_
FN:37,_RNCNvMNtNtCsq9ymPQYH72_16phi_kernel_tools13task_registry8snapshotINtB4_8SnapshotNtNtNtB6_8registry5tests4TaskE8duration0B8_
FN:26,_RNvMNtNtCsq9ymPQYH72_16phi_kernel_tools13task_registry8snapshotINtB2_8SnapshotNtNtB2_5tests1EE11is_terminalB6_
FN:31,_RNvMNtNtCsq9ymPQYH72_16phi_kernel_tools13task_registry8snapshotINtB2_8SnapshotNtNtB2_5tests1EE7elapsedB6_
FN:36,_RNvMNtNtCsq9ymPQYH72_16phi_kernel_tools13task_registry8snapshotINtB2_8SnapshotNtNtB2_5tests1EE8durationB6_
FN:26,_RNvMNtNtCsq9ymPQYH72_16phi_kernel_tools13task_registry8snapshotINtB2_8SnapshotNtNtNtB4_8registry5tests4TaskE11is_terminalB6_
FN:36,_RNvMNtNtCsq9ymPQYH72_16phi_kernel_tools13task_registry8snapshotINtB2_8SnapshotNtNtNtB4_8registry5tests4TaskE8durationB6_
FNDA:0,_RNvXNtNtNtCsq9ymPQYH72_16phi_kernel_tools13task_registry8snapshot5testsNtB2_2StNtNtB6_6traits10TaskStatus14is_wake_worthy
FNDA:0,_RNvXs_NtNtNtCsq9ymPQYH72_16phi_kernel_tools13task_registry8snapshot5testsNtB4_1ENtNtB8_6traits9TaskEntry10set_status
FNDA:0,_RNvXs_NtNtNtCsq9ymPQYH72_16phi_kernel_tools13task_registry8snapshot5testsNtB4_1ENtNtB8_6traits9TaskEntry2id
FNDA:5,_RNvNtNtNtCsq9ymPQYH72_16phi_kernel_tools13task_registry8snapshot5tests4snap
FNDA:1,_RNvNtNtNtCsq9ymPQYH72_16phi_kernel_tools13task_registry8snapshot5testss_19elapsed_is_positive
FNDA:1,_RNvNtNtNtCsq9ymPQYH72_16phi_kernel_tools13task_registry8snapshot5testss_26duration_none_when_running
FNDA:1,_RNvNtNtNtCsq9ymPQYH72_16phi_kernel_tools13task_registry8snapshot5testss_26is_terminal_reflects_entry
FNDA:1,_RNvNtNtNtCsq9ymPQYH72_16phi_kernel_tools13task_registry8snapshot5testss_27duration_some_when_finished
FNDA:2,_RNvXNtNtNtCsq9ymPQYH72_16phi_kernel_tools13task_registry8snapshot5testsNtB2_2StNtNtB6_6traits10TaskStatus11is_terminal
FNDA:2,_RNvXs_NtNtNtCsq9ymPQYH72_16phi_kernel_tools13task_registry8snapshot5testsNtB4_1ENtNtB8_6traits9TaskEntry6status
FNDA:1,_RNCNvMNtNtCsq9ymPQYH72_16phi_kernel_tools13task_registry8snapshotINtB4_8SnapshotNtNtB4_5tests1EE8duration0B8_
FNDA:1,_RNCNvMNtNtCsq9ymPQYH72_16phi_kernel_tools13task_registry8snapshotINtB4_8SnapshotNtNtNtB6_8registry5tests4TaskE8duration0B8_
FNDA:2,_RNvMNtNtCsq9ymPQYH72_16phi_kernel_tools13task_registry8snapshotINtB2_8SnapshotNtNtB2_5tests1EE11is_terminalB6_
FNDA:1,_RNvMNtNtCsq9ymPQYH72_16phi_kernel_tools13task_registry8snapshotINtB2_8SnapshotNtNtB2_5tests1EE7elapsedB6_
FNDA:2,_RNvMNtNtCsq9ymPQYH72_16phi_kernel_tools13task_registry8snapshotINtB2_8SnapshotNtNtB2_5tests1EE8durationB6_
FNDA:5,_RNvMNtNtCsq9ymPQYH72_16phi_kernel_tools13task_registry8snapshotINtB2_8SnapshotNtNtNtB4_8registry5tests4TaskE11is_terminalB6_
FNDA:2,_RNvMNtNtCsq9ymPQYH72_16phi_kernel_tools13task_registry8snapshotINtB2_8SnapshotNtNtNtB4_8registry5tests4TaskE8durationB6_
FNF:14
FNH:11
DA:26,7
DA:27,7
DA:28,7
DA:31,1
DA:32,1
DA:33,1
DA:36,4
DA:37,4
DA:38,4
DA:52,2
DA:53,2
DA:54,2
DA:55,0
DA:56,0
DA:57,0
DA:67,0
DA:68,0
DA:69,0
DA:70,2
DA:71,2
DA:72,2
DA:73,0
DA:74,0
DA:75,0
DA:78,5
DA:80,5
DA:81,5
DA:82,5
DA:83,5
DA:84,5
DA:85,5
DA:86,5
DA:87,2
DA:89,3
DA:92,5
DA:95,1
DA:96,1
DA:97,1
DA:98,1
DA:101,1
DA:102,1
DA:103,1
DA:104,1
DA:107,1
DA:108,1
DA:109,1
DA:112,1
DA:113,1
DA:114,1
DA:115,1
DA:116,1
DA:117,1
BRF:0
BRH:0
LF:53
LH:44
end_of_record