SF:/Users/kangzengchen/source/buka/buka-works/phi-kernel-tools/src/file/edit_file.rs
FN:264,_RNCNvNtNtCsk9y6mteqSET_16phi_kernel_tools4file9edit_file13temp_path_for0B7_
FN:267,_RNCNvNtNtCsk9y6mteqSET_16phi_kernel_tools4file9edit_file13temp_path_fors_0B7_
FN:515,_RNCNvNtNtCsk9y6mteqSET_16phi_kernel_tools4file9edit_file16find_nfc_matches0B7_
FN:519,_RNCNvNtNtCsk9y6mteqSET_16phi_kernel_tools4file9edit_file16find_nfc_matchess_0B7_
FN:468,_RNCNvNtNtCsk9y6mteqSET_16phi_kernel_tools4file9edit_file17find_trim_matches0B7_
FN:481,_RNCNvNtNtCsk9y6mteqSET_16phi_kernel_tools4file9edit_file17find_trim_matchess0_0B7_
FN:482,_RNCNvNtNtCsk9y6mteqSET_16phi_kernel_tools4file9edit_file17find_trim_matchess1_0B7_
FN:469,_RNCNvNtNtCsk9y6mteqSET_16phi_kernel_tools4file9edit_file17find_trim_matchess_0B7_
FN:435,_RNCNvNtNtCsk9y6mteqSET_16phi_kernel_tools4file9edit_file19find_rstrip_matches0B7_
FN:436,_RNCNvNtNtCsk9y6mteqSET_16phi_kernel_tools4file9edit_file19find_rstrip_matchess_0B7_
FN:41,_RNvMNtNtCsk9y6mteqSET_16phi_kernel_tools4file9edit_fileNtB2_12EditFileTool3new
FN:235,_RNvNtNtCsk9y6mteqSET_16phi_kernel_tools4file9edit_file12error_output
FN:536,_RNvNtNtCsk9y6mteqSET_16phi_kernel_tools4file9edit_file13apply_replace
FN:261,_RNvNtNtCsk9y6mteqSET_16phi_kernel_tools4file9edit_file13temp_path_for
FN:275,_RNvNtNtCsk9y6mteqSET_16phi_kernel_tools4file9edit_file14check_overlaps
FN:329,_RNvNtNtCsk9y6mteqSET_16phi_kernel_tools4file9edit_file16find_and_replace
FN:501,_RNvNtNtCsk9y6mteqSET_16phi_kernel_tools4file9edit_file16find_nfc_matches
FN:456,_RNvNtNtCsk9y6mteqSET_16phi_kernel_tools4file9edit_file17find_trim_matches
FN:528,_RNvNtNtCsk9y6mteqSET_16phi_kernel_tools4file9edit_file17unicode_normalize
FN:241,_RNvNtNtCsk9y6mteqSET_16phi_kernel_tools4file9edit_file18detect_line_ending
FN:308,_RNvNtNtCsk9y6mteqSET_16phi_kernel_tools4file9edit_file18find_all_positions
FN:422,_RNvNtNtCsk9y6mteqSET_16phi_kernel_tools4file9edit_file19find_rstrip_matches
FN:250,_RNvNtNtCsk9y6mteqSET_16phi_kernel_tools4file9edit_file22normalize_line_endings
FN:52,_RNvXs0_NtNtCsk9y6mteqSET_16phi_kernel_tools4file9edit_fileNtB5_12EditFileToolNtNtCscZ596kT2lAr_10agent_base4tool4Tool11description
FN:103,_RNvXs0_NtNtCsk9y6mteqSET_16phi_kernel_tools4file9edit_fileNtB5_12EditFileToolNtNtCscZ596kT2lAr_10agent_base4tool4Tool4call
FN:48,_RNvXs0_NtNtCsk9y6mteqSET_16phi_kernel_tools4file9edit_fileNtB5_12EditFileToolNtNtCscZ596kT2lAr_10agent_base4tool4Tool4name
FN:60,_RNvXs0_NtNtCsk9y6mteqSET_16phi_kernel_tools4file9edit_fileNtB5_12EditFileToolNtNtCscZ596kT2lAr_10agent_base4tool4Tool6schema
FN:91,_RNvXs0_NtNtCsk9y6mteqSET_16phi_kernel_tools4file9edit_fileNtB5_12EditFileToolNtNtCscZ596kT2lAr_10agent_base4tool4Tool8metadata
FN:554,_RNvNtNtNtCslCT81iVnT6Y_16phi_kernel_tools4file9edit_file12fuzz_exports16find_and_replace
FN:550,_RNvNtNtNtCslCT81iVnT6Y_16phi_kernel_tools4file9edit_file12fuzz_exports18find_all_positions
FN:567,_RNvNtNtNtCslCT81iVnT6Y_16phi_kernel_tools4file9edit_file12fuzz_exports22normalize_line_endings
FN:264,_RNCNvNtNtCslCT81iVnT6Y_16phi_kernel_tools4file9edit_file13temp_path_for0B7_
FN:267,_RNCNvNtNtCslCT81iVnT6Y_16phi_kernel_tools4file9edit_file13temp_path_fors_0B7_
FN:515,_RNCNvNtNtCslCT81iVnT6Y_16phi_kernel_tools4file9edit_file16find_nfc_matches0B7_
FN:519,_RNCNvNtNtCslCT81iVnT6Y_16phi_kernel_tools4file9edit_file16find_nfc_matchess_0B7_
FN:468,_RNCNvNtNtCslCT81iVnT6Y_16phi_kernel_tools4file9edit_file17find_trim_matches0B7_
FN:481,_RNCNvNtNtCslCT81iVnT6Y_16phi_kernel_tools4file9edit_file17find_trim_matchess0_0B7_
FN:482,_RNCNvNtNtCslCT81iVnT6Y_16phi_kernel_tools4file9edit_file17find_trim_matchess1_0B7_
FN:469,_RNCNvNtNtCslCT81iVnT6Y_16phi_kernel_tools4file9edit_file17find_trim_matchess_0B7_
FN:435,_RNCNvNtNtCslCT81iVnT6Y_16phi_kernel_tools4file9edit_file19find_rstrip_matches0B7_
FN:436,_RNCNvNtNtCslCT81iVnT6Y_16phi_kernel_tools4file9edit_file19find_rstrip_matchess_0B7_
FN:41,_RNvMNtNtCslCT81iVnT6Y_16phi_kernel_tools4file9edit_fileNtB2_12EditFileTool3new
FN:235,_RNvNtNtCslCT81iVnT6Y_16phi_kernel_tools4file9edit_file12error_output
FN:536,_RNvNtNtCslCT81iVnT6Y_16phi_kernel_tools4file9edit_file13apply_replace
FN:261,_RNvNtNtCslCT81iVnT6Y_16phi_kernel_tools4file9edit_file13temp_path_for
FN:275,_RNvNtNtCslCT81iVnT6Y_16phi_kernel_tools4file9edit_file14check_overlaps
FN:329,_RNvNtNtCslCT81iVnT6Y_16phi_kernel_tools4file9edit_file16find_and_replace
FN:501,_RNvNtNtCslCT81iVnT6Y_16phi_kernel_tools4file9edit_file16find_nfc_matches
FN:456,_RNvNtNtCslCT81iVnT6Y_16phi_kernel_tools4file9edit_file17find_trim_matches
FN:528,_RNvNtNtCslCT81iVnT6Y_16phi_kernel_tools4file9edit_file17unicode_normalize
FN:241,_RNvNtNtCslCT81iVnT6Y_16phi_kernel_tools4file9edit_file18detect_line_ending
FN:308,_RNvNtNtCslCT81iVnT6Y_16phi_kernel_tools4file9edit_file18find_all_positions
FN:422,_RNvNtNtCslCT81iVnT6Y_16phi_kernel_tools4file9edit_file19find_rstrip_matches
FN:250,_RNvNtNtCslCT81iVnT6Y_16phi_kernel_tools4file9edit_file22normalize_line_endings
FN:52,_RNvXs0_NtNtCslCT81iVnT6Y_16phi_kernel_tools4file9edit_fileNtB5_12EditFileToolNtNtCscZ596kT2lAr_10agent_base4tool4Tool11description
FN:103,_RNvXs0_NtNtCslCT81iVnT6Y_16phi_kernel_tools4file9edit_fileNtB5_12EditFileToolNtNtCscZ596kT2lAr_10agent_base4tool4Tool4call
FN:48,_RNvXs0_NtNtCslCT81iVnT6Y_16phi_kernel_tools4file9edit_fileNtB5_12EditFileToolNtNtCscZ596kT2lAr_10agent_base4tool4Tool4name
FN:60,_RNvXs0_NtNtCslCT81iVnT6Y_16phi_kernel_tools4file9edit_fileNtB5_12EditFileToolNtNtCscZ596kT2lAr_10agent_base4tool4Tool6schema
FN:91,_RNvXs0_NtNtCslCT81iVnT6Y_16phi_kernel_tools4file9edit_fileNtB5_12EditFileToolNtNtCscZ596kT2lAr_10agent_base4tool4Tool8metadata
FN:581,_RNvNtNtNtCslCT81iVnT6Y_16phi_kernel_tools4file9edit_file5tests20setup_temp_workspace
FN:577,_RNvNtNtNtCslCT81iVnT6Y_16phi_kernel_tools4file9edit_file5tests9dummy_ctx
FN:1052,_RNvNtNtNtCslCT81iVnT6Y_16phi_kernel_tools4file9edit_file5testss_13test_metadata
FN:651,_RNvNtNtNtCslCT81iVnT6Y_16phi_kernel_tools4file9edit_file5testss_20test_normalize_to_lf
FN:850,_RNvNtNtNtCslCT81iVnT6Y_16phi_kernel_tools4file9edit_file5testss_21test_find_nfc_matches
FN:941,_RNvNtNtNtCslCT81iVnT6Y_16phi_kernel_tools4file9edit_file5testss_22test_edit_file_no_path
FN:1068,_RNvNtNtNtCslCT81iVnT6Y_16phi_kernel_tools4file9edit_file5testss_22test_find_trim_matches
FN:659,_RNvNtNtNtCslCT81iVnT6Y_16phi_kernel_tools4file9edit_file5testss_22test_normalize_to_crlf
FN:954,_RNvNtNtNtCslCT81iVnT6Y_16phi_kernel_tools4file9edit_file5testss_23test_edit_file_no_edits
FN:677,_RNvNtNtNtCslCT81iVnT6Y_16phi_kernel_tools4file9edit_file5testss_24test_apply_replace_basic
FN:906,_RNvNtNtNtCslCT81iVnT6Y_16phi_kernel_tools4file9edit_file5testss_24test_edit_file_not_found
FN:1060,_RNvNtNtNtCslCT81iVnT6Y_16phi_kernel_tools4file9edit_file5testss_24test_find_rstrip_matches
FN:1040,_RNvNtNtNtCslCT81iVnT6Y_16phi_kernel_tools4file9edit_file5testss_24test_name_and_definition
FN:667,_RNvNtNtNtCslCT81iVnT6Y_16phi_kernel_tools4file9edit_file5testss_24test_normalize_no_change
FN:634,_RNvNtNtNtCslCT81iVnT6Y_16phi_kernel_tools4file9edit_file5testss_26test_detect_line_ending_lf
FN:964,_RNvNtNtNtCslCT81iVnT6Y_16phi_kernel_tools4file9edit_file5testss_26test_edit_file_empty_edits
FN:861,_RNvNtNtNtCslCT81iVnT6Y_16phi_kernel_tools4file9edit_file5testss_26test_edit_file_single_edit
FN:726,_RNvNtNtNtCslCT81iVnT6Y_16phi_kernel_tools4file9edit_file5testss_27test_find_and_replace_exact
FN:1076,_RNvNtNtNtCslCT81iVnT6Y_16phi_kernel_tools4file9edit_file5testss_27test_level2_rstrip_fallback
FN:683,_RNvNtNtNtCslCT81iVnT6Y_16phi_kernel_tools4file9edit_file5testss_28test_apply_replace_beginning
FN:707,_RNvNtNtNtCslCT81iVnT6Y_16phi_kernel_tools4file9edit_file5testss_28test_check_overlaps_detected
FN:639,_RNvNtNtNtCslCT81iVnT6Y_16phi_kernel_tools4file9edit_file5testss_28test_detect_line_ending_crlf
FN:620,_RNvNtNtNtCslCT81iVnT6Y_16phi_kernel_tools4file9edit_file5testss_28test_find_all_positions_none
FN:882,_RNvNtNtNtCslCT81iVnT6Y_16phi_kernel_tools4file9edit_file5testss_29test_edit_file_multiple_edits
FN:691,_RNvNtNtNtCslCT81iVnT6Y_16phi_kernel_tools4file9edit_file5testss_30test_check_overlaps_no_overlap
FN:590,_RNvNtNtNtCslCT81iVnT6Y_16phi_kernel_tools4file9edit_file5testss_30test_find_all_positions_single
FN:756,_RNvNtNtNtCslCT81iVnT6Y_16phi_kernel_tools4file9edit_file5testss_31test_find_and_replace_not_found
FN:596,_RNvNtNtNtCslCT81iVnT6Y_16phi_kernel_tools4file9edit_file5testss_32test_find_all_positions_multiple
FN:741,_RNvNtNtNtCslCT81iVnT6Y_16phi_kernel_tools4file9edit_file5testss_32test_find_and_replace_not_unique
FN:922,_RNvNtNtNtCslCT81iVnT6Y_16phi_kernel_tools4file9edit_file5testss_33test_edit_file_duplicate_old_text
FN:819,_RNvNtNtNtCslCT81iVnT6Y_16phi_kernel_tools4file9edit_file5testss_33test_find_and_replace_trim_single
FN:787,_RNvNtNtNtCslCT81iVnT6Y_16phi_kernel_tools4file9edit_file5testss_35test_find_and_replace_rstrip_single
FN:835,_RNvNtNtNtCslCT81iVnT6Y_16phi_kernel_tools4file9edit_file5testss_35test_find_and_replace_trim_multiple
FN:613,_RNvNtNtNtCslCT81iVnT6Y_16phi_kernel_tools4file9edit_file5testss_36test_find_all_positions_emoji_needle
FN:626,_RNvNtNtNtCslCT81iVnT6Y_16phi_kernel_tools4file9edit_file5testss_36test_find_all_positions_empty_needle
FN:804,_RNvNtNtNtCslCT81iVnT6Y_16phi_kernel_tools4file9edit_file5testss_37test_find_and_replace_rstrip_multiple
FN:995,_RNvNtNtNtCslCT81iVnT6Y_16phi_kernel_tools4file9edit_file5testss_41test_edit_file_overlapping_edits_rejected
FN:644,_RNvNtNtNtCslCT81iVnT6Y_16phi_kernel_tools4file9edit_file5testss_42test_detect_line_ending_mixed_prefers_crlf
FN:974,_RNvNtNtNtCslCT81iVnT6Y_16phi_kernel_tools4file9edit_file5testss_42test_edit_file_preserves_line_endings_crlf
FN:1017,_RNvNtNtNtCslCT81iVnT6Y_16phi_kernel_tools4file9edit_file5testss_46test_edit_file_absolute_path_outside_workspace
FN:602,_RNvNtNtNtCslCT81iVnT6Y_16phi_kernel_tools4file9edit_file5testss_49test_find_all_positions_multibyte_needle_no_panic
FN:771,_RNvNtNtNtCslCT81iVnT6Y_16phi_kernel_tools4file9edit_file5testss_49test_find_and_replace_ambiguity_after_prior_edits
FN:1052,_RNCNvNtNtNtCslCT81iVnT6Y_16phi_kernel_tools4file9edit_file5testss_13test_metadata0B9_
FN:941,_RNCNvNtNtNtCslCT81iVnT6Y_16phi_kernel_tools4file9edit_file5testss_22test_edit_file_no_path0B9_
FN:954,_RNCNvNtNtNtCslCT81iVnT6Y_16phi_kernel_tools4file9edit_file5testss_23test_edit_file_no_edits0B9_
FN:906,_RNCNvNtNtNtCslCT81iVnT6Y_16phi_kernel_tools4file9edit_file5testss_24test_edit_file_not_found0B9_
FN:1040,_RNCNvNtNtNtCslCT81iVnT6Y_16phi_kernel_tools4file9edit_file5testss_24test_name_and_definition0B9_
FN:964,_RNCNvNtNtNtCslCT81iVnT6Y_16phi_kernel_tools4file9edit_file5testss_26test_edit_file_empty_edits0B9_
FN:861,_RNCNvNtNtNtCslCT81iVnT6Y_16phi_kernel_tools4file9edit_file5testss_26test_edit_file_single_edit0B9_
FN:882,_RNCNvNtNtNtCslCT81iVnT6Y_16phi_kernel_tools4file9edit_file5testss_29test_edit_file_multiple_edits0B9_
FN:922,_RNCNvNtNtNtCslCT81iVnT6Y_16phi_kernel_tools4file9edit_file5testss_33test_edit_file_duplicate_old_text0B9_
FN:995,_RNCNvNtNtNtCslCT81iVnT6Y_16phi_kernel_tools4file9edit_file5testss_41test_edit_file_overlapping_edits_rejected0B9_
FN:974,_RNCNvNtNtNtCslCT81iVnT6Y_16phi_kernel_tools4file9edit_file5testss_42test_edit_file_preserves_line_endings_crlf0B9_
FN:1017,_RNCNvNtNtNtCslCT81iVnT6Y_16phi_kernel_tools4file9edit_file5testss_46test_edit_file_absolute_path_outside_workspace0B9_
FNDA:0,_RNCNvNtNtCsk9y6mteqSET_16phi_kernel_tools4file9edit_file13temp_path_for0B7_
FNDA:0,_RNCNvNtNtCsk9y6mteqSET_16phi_kernel_tools4file9edit_file13temp_path_fors_0B7_
FNDA:0,_RNCNvNtNtCsk9y6mteqSET_16phi_kernel_tools4file9edit_file16find_nfc_matches0B7_
FNDA:0,_RNCNvNtNtCsk9y6mteqSET_16phi_kernel_tools4file9edit_file16find_nfc_matchess_0B7_
FNDA:0,_RNCNvNtNtCsk9y6mteqSET_16phi_kernel_tools4file9edit_file17find_trim_matches0B7_
FNDA:0,_RNCNvNtNtCsk9y6mteqSET_16phi_kernel_tools4file9edit_file17find_trim_matchess0_0B7_
FNDA:0,_RNCNvNtNtCsk9y6mteqSET_16phi_kernel_tools4file9edit_file17find_trim_matchess1_0B7_
FNDA:0,_RNCNvNtNtCsk9y6mteqSET_16phi_kernel_tools4file9edit_file17find_trim_matchess_0B7_
FNDA:0,_RNCNvNtNtCsk9y6mteqSET_16phi_kernel_tools4file9edit_file19find_rstrip_matches0B7_
FNDA:0,_RNCNvNtNtCsk9y6mteqSET_16phi_kernel_tools4file9edit_file19find_rstrip_matchess_0B7_
FNDA:0,_RNvMNtNtCsk9y6mteqSET_16phi_kernel_tools4file9edit_fileNtB2_12EditFileTool3new
FNDA:0,_RNvNtNtCsk9y6mteqSET_16phi_kernel_tools4file9edit_file12error_output
FNDA:0,_RNvNtNtCsk9y6mteqSET_16phi_kernel_tools4file9edit_file13apply_replace
FNDA:0,_RNvNtNtCsk9y6mteqSET_16phi_kernel_tools4file9edit_file13temp_path_for
FNDA:0,_RNvNtNtCsk9y6mteqSET_16phi_kernel_tools4file9edit_file14check_overlaps
FNDA:0,_RNvNtNtCsk9y6mteqSET_16phi_kernel_tools4file9edit_file16find_and_replace
FNDA:0,_RNvNtNtCsk9y6mteqSET_16phi_kernel_tools4file9edit_file16find_nfc_matches
FNDA:0,_RNvNtNtCsk9y6mteqSET_16phi_kernel_tools4file9edit_file17find_trim_matches
FNDA:0,_RNvNtNtCsk9y6mteqSET_16phi_kernel_tools4file9edit_file17unicode_normalize
FNDA:0,_RNvNtNtCsk9y6mteqSET_16phi_kernel_tools4file9edit_file18detect_line_ending
FNDA:0,_RNvNtNtCsk9y6mteqSET_16phi_kernel_tools4file9edit_file18find_all_positions
FNDA:0,_RNvNtNtCsk9y6mteqSET_16phi_kernel_tools4file9edit_file19find_rstrip_matches
FNDA:0,_RNvNtNtCsk9y6mteqSET_16phi_kernel_tools4file9edit_file22normalize_line_endings
FNDA:0,_RNvXs0_NtNtCsk9y6mteqSET_16phi_kernel_tools4file9edit_fileNtB5_12EditFileToolNtNtCscZ596kT2lAr_10agent_base4tool4Tool11description
FNDA:0,_RNvXs0_NtNtCsk9y6mteqSET_16phi_kernel_tools4file9edit_fileNtB5_12EditFileToolNtNtCscZ596kT2lAr_10agent_base4tool4Tool4call
FNDA:0,_RNvXs0_NtNtCsk9y6mteqSET_16phi_kernel_tools4file9edit_fileNtB5_12EditFileToolNtNtCscZ596kT2lAr_10agent_base4tool4Tool4name
FNDA:0,_RNvXs0_NtNtCsk9y6mteqSET_16phi_kernel_tools4file9edit_fileNtB5_12EditFileToolNtNtCscZ596kT2lAr_10agent_base4tool4Tool6schema
FNDA:0,_RNvXs0_NtNtCsk9y6mteqSET_16phi_kernel_tools4file9edit_fileNtB5_12EditFileToolNtNtCscZ596kT2lAr_10agent_base4tool4Tool8metadata
FNDA:0,_RNvNtNtNtCslCT81iVnT6Y_16phi_kernel_tools4file9edit_file12fuzz_exports16find_and_replace
FNDA:0,_RNvNtNtNtCslCT81iVnT6Y_16phi_kernel_tools4file9edit_file12fuzz_exports18find_all_positions
FNDA:0,_RNvNtNtNtCslCT81iVnT6Y_16phi_kernel_tools4file9edit_file12fuzz_exports22normalize_line_endings
FNDA:0,_RNCNvNtNtCslCT81iVnT6Y_16phi_kernel_tools4file9edit_file13temp_path_for0B7_
FNDA:0,_RNCNvNtNtCslCT81iVnT6Y_16phi_kernel_tools4file9edit_file13temp_path_fors_0B7_
FNDA:6,_RNCNvNtNtCslCT81iVnT6Y_16phi_kernel_tools4file9edit_file16find_nfc_matches0B7_
FNDA:5,_RNCNvNtNtCslCT81iVnT6Y_16phi_kernel_tools4file9edit_file16find_nfc_matchess_0B7_
FNDA:27,_RNCNvNtNtCslCT81iVnT6Y_16phi_kernel_tools4file9edit_file17find_trim_matches0B7_
FNDA:12,_RNCNvNtNtCslCT81iVnT6Y_16phi_kernel_tools4file9edit_file17find_trim_matchess0_0B7_
FNDA:8,_RNCNvNtNtCslCT81iVnT6Y_16phi_kernel_tools4file9edit_file17find_trim_matchess1_0B7_
FNDA:8,_RNCNvNtNtCslCT81iVnT6Y_16phi_kernel_tools4file9edit_file17find_trim_matchess_0B7_
FNDA:13,_RNCNvNtNtCslCT81iVnT6Y_16phi_kernel_tools4file9edit_file19find_rstrip_matches0B7_
FNDA:9,_RNCNvNtNtCslCT81iVnT6Y_16phi_kernel_tools4file9edit_file19find_rstrip_matchess_0B7_
FNDA:12,_RNvMNtNtCslCT81iVnT6Y_16phi_kernel_tools4file9edit_fileNtB2_12EditFileTool3new
FNDA:1,_RNvNtNtCslCT81iVnT6Y_16phi_kernel_tools4file9edit_file12error_output
FNDA:11,_RNvNtNtCslCT81iVnT6Y_16phi_kernel_tools4file9edit_file13apply_replace
FNDA:4,_RNvNtNtCslCT81iVnT6Y_16phi_kernel_tools4file9edit_file13temp_path_for
FNDA:8,_RNvNtNtCslCT81iVnT6Y_16phi_kernel_tools4file9edit_file14check_overlaps
FNDA:15,_RNvNtNtCslCT81iVnT6Y_16phi_kernel_tools4file9edit_file16find_and_replace
FNDA:1,_RNvNtNtCslCT81iVnT6Y_16phi_kernel_tools4file9edit_file16find_nfc_matches
FNDA:3,_RNvNtNtCslCT81iVnT6Y_16phi_kernel_tools4file9edit_file17find_trim_matches
FNDA:8,_RNvNtNtCslCT81iVnT6Y_16phi_kernel_tools4file9edit_file17unicode_normalize
FNDA:9,_RNvNtNtCslCT81iVnT6Y_16phi_kernel_tools4file9edit_file18detect_line_ending
FNDA:548,_RNvNtNtCslCT81iVnT6Y_16phi_kernel_tools4file9edit_file18find_all_positions
FNDA:5,_RNvNtNtCslCT81iVnT6Y_16phi_kernel_tools4file9edit_file19find_rstrip_matches
FNDA:775,_RNvNtNtCslCT81iVnT6Y_16phi_kernel_tools4file9edit_file22normalize_line_endings
FNDA:1,_RNvXs0_NtNtCslCT81iVnT6Y_16phi_kernel_tools4file9edit_fileNtB5_12EditFileToolNtNtCscZ596kT2lAr_10agent_base4tool4Tool11description
FNDA:10,_RNvXs0_NtNtCslCT81iVnT6Y_16phi_kernel_tools4file9edit_fileNtB5_12EditFileToolNtNtCscZ596kT2lAr_10agent_base4tool4Tool4call
FNDA:2,_RNvXs0_NtNtCslCT81iVnT6Y_16phi_kernel_tools4file9edit_fileNtB5_12EditFileToolNtNtCscZ596kT2lAr_10agent_base4tool4Tool4name
FNDA:1,_RNvXs0_NtNtCslCT81iVnT6Y_16phi_kernel_tools4file9edit_fileNtB5_12EditFileToolNtNtCscZ596kT2lAr_10agent_base4tool4Tool6schema
FNDA:1,_RNvXs0_NtNtCslCT81iVnT6Y_16phi_kernel_tools4file9edit_fileNtB5_12EditFileToolNtNtCscZ596kT2lAr_10agent_base4tool4Tool8metadata
FNDA:10,_RNvNtNtNtCslCT81iVnT6Y_16phi_kernel_tools4file9edit_file5tests20setup_temp_workspace
FNDA:10,_RNvNtNtNtCslCT81iVnT6Y_16phi_kernel_tools4file9edit_file5tests9dummy_ctx
FNDA:1,_RNvNtNtNtCslCT81iVnT6Y_16phi_kernel_tools4file9edit_file5testss_13test_metadata
FNDA:1,_RNvNtNtNtCslCT81iVnT6Y_16phi_kernel_tools4file9edit_file5testss_20test_normalize_to_lf
FNDA:1,_RNvNtNtNtCslCT81iVnT6Y_16phi_kernel_tools4file9edit_file5testss_21test_find_nfc_matches
FNDA:1,_RNvNtNtNtCslCT81iVnT6Y_16phi_kernel_tools4file9edit_file5testss_22test_edit_file_no_path
FNDA:1,_RNvNtNtNtCslCT81iVnT6Y_16phi_kernel_tools4file9edit_file5testss_22test_find_trim_matches
FNDA:1,_RNvNtNtNtCslCT81iVnT6Y_16phi_kernel_tools4file9edit_file5testss_22test_normalize_to_crlf
FNDA:1,_RNvNtNtNtCslCT81iVnT6Y_16phi_kernel_tools4file9edit_file5testss_23test_edit_file_no_edits
FNDA:1,_RNvNtNtNtCslCT81iVnT6Y_16phi_kernel_tools4file9edit_file5testss_24test_apply_replace_basic
FNDA:1,_RNvNtNtNtCslCT81iVnT6Y_16phi_kernel_tools4file9edit_file5testss_24test_edit_file_not_found
FNDA:1,_RNvNtNtNtCslCT81iVnT6Y_16phi_kernel_tools4file9edit_file5testss_24test_find_rstrip_matches
FNDA:1,_RNvNtNtNtCslCT81iVnT6Y_16phi_kernel_tools4file9edit_file5testss_24test_name_and_definition
FNDA:1,_RNvNtNtNtCslCT81iVnT6Y_16phi_kernel_tools4file9edit_file5testss_24test_normalize_no_change
FNDA:1,_RNvNtNtNtCslCT81iVnT6Y_16phi_kernel_tools4file9edit_file5testss_26test_detect_line_ending_lf
FNDA:1,_RNvNtNtNtCslCT81iVnT6Y_16phi_kernel_tools4file9edit_file5testss_26test_edit_file_empty_edits
FNDA:1,_RNvNtNtNtCslCT81iVnT6Y_16phi_kernel_tools4file9edit_file5testss_26test_edit_file_single_edit
FNDA:1,_RNvNtNtNtCslCT81iVnT6Y_16phi_kernel_tools4file9edit_file5testss_27test_find_and_replace_exact
FNDA:1,_RNvNtNtNtCslCT81iVnT6Y_16phi_kernel_tools4file9edit_file5testss_27test_level2_rstrip_fallback
FNDA:1,_RNvNtNtNtCslCT81iVnT6Y_16phi_kernel_tools4file9edit_file5testss_28test_apply_replace_beginning
FNDA:1,_RNvNtNtNtCslCT81iVnT6Y_16phi_kernel_tools4file9edit_file5testss_28test_check_overlaps_detected
FNDA:1,_RNvNtNtNtCslCT81iVnT6Y_16phi_kernel_tools4file9edit_file5testss_28test_detect_line_ending_crlf
FNDA:1,_RNvNtNtNtCslCT81iVnT6Y_16phi_kernel_tools4file9edit_file5testss_28test_find_all_positions_none
FNDA:1,_RNvNtNtNtCslCT81iVnT6Y_16phi_kernel_tools4file9edit_file5testss_29test_edit_file_multiple_edits
FNDA:1,_RNvNtNtNtCslCT81iVnT6Y_16phi_kernel_tools4file9edit_file5testss_30test_check_overlaps_no_overlap
FNDA:1,_RNvNtNtNtCslCT81iVnT6Y_16phi_kernel_tools4file9edit_file5testss_30test_find_all_positions_single
FNDA:1,_RNvNtNtNtCslCT81iVnT6Y_16phi_kernel_tools4file9edit_file5testss_31test_find_and_replace_not_found
FNDA:1,_RNvNtNtNtCslCT81iVnT6Y_16phi_kernel_tools4file9edit_file5testss_32test_find_all_positions_multiple
FNDA:1,_RNvNtNtNtCslCT81iVnT6Y_16phi_kernel_tools4file9edit_file5testss_32test_find_and_replace_not_unique
FNDA:1,_RNvNtNtNtCslCT81iVnT6Y_16phi_kernel_tools4file9edit_file5testss_33test_edit_file_duplicate_old_text
FNDA:1,_RNvNtNtNtCslCT81iVnT6Y_16phi_kernel_tools4file9edit_file5testss_33test_find_and_replace_trim_single
FNDA:1,_RNvNtNtNtCslCT81iVnT6Y_16phi_kernel_tools4file9edit_file5testss_35test_find_and_replace_rstrip_single
FNDA:1,_RNvNtNtNtCslCT81iVnT6Y_16phi_kernel_tools4file9edit_file5testss_35test_find_and_replace_trim_multiple
FNDA:1,_RNvNtNtNtCslCT81iVnT6Y_16phi_kernel_tools4file9edit_file5testss_36test_find_all_positions_emoji_needle
FNDA:1,_RNvNtNtNtCslCT81iVnT6Y_16phi_kernel_tools4file9edit_file5testss_36test_find_all_positions_empty_needle
FNDA:1,_RNvNtNtNtCslCT81iVnT6Y_16phi_kernel_tools4file9edit_file5testss_37test_find_and_replace_rstrip_multiple
FNDA:1,_RNvNtNtNtCslCT81iVnT6Y_16phi_kernel_tools4file9edit_file5testss_41test_edit_file_overlapping_edits_rejected
FNDA:1,_RNvNtNtNtCslCT81iVnT6Y_16phi_kernel_tools4file9edit_file5testss_42test_detect_line_ending_mixed_prefers_crlf
FNDA:1,_RNvNtNtNtCslCT81iVnT6Y_16phi_kernel_tools4file9edit_file5testss_42test_edit_file_preserves_line_endings_crlf
FNDA:1,_RNvNtNtNtCslCT81iVnT6Y_16phi_kernel_tools4file9edit_file5testss_46test_edit_file_absolute_path_outside_workspace
FNDA:1,_RNvNtNtNtCslCT81iVnT6Y_16phi_kernel_tools4file9edit_file5testss_49test_find_all_positions_multibyte_needle_no_panic
FNDA:1,_RNvNtNtNtCslCT81iVnT6Y_16phi_kernel_tools4file9edit_file5testss_49test_find_and_replace_ambiguity_after_prior_edits
FNDA:1,_RNCNvNtNtNtCslCT81iVnT6Y_16phi_kernel_tools4file9edit_file5testss_13test_metadata0B9_
FNDA:1,_RNCNvNtNtNtCslCT81iVnT6Y_16phi_kernel_tools4file9edit_file5testss_22test_edit_file_no_path0B9_
FNDA:1,_RNCNvNtNtNtCslCT81iVnT6Y_16phi_kernel_tools4file9edit_file5testss_23test_edit_file_no_edits0B9_
FNDA:1,_RNCNvNtNtNtCslCT81iVnT6Y_16phi_kernel_tools4file9edit_file5testss_24test_edit_file_not_found0B9_
FNDA:1,_RNCNvNtNtNtCslCT81iVnT6Y_16phi_kernel_tools4file9edit_file5testss_24test_name_and_definition0B9_
FNDA:1,_RNCNvNtNtNtCslCT81iVnT6Y_16phi_kernel_tools4file9edit_file5testss_26test_edit_file_empty_edits0B9_
FNDA:1,_RNCNvNtNtNtCslCT81iVnT6Y_16phi_kernel_tools4file9edit_file5testss_26test_edit_file_single_edit0B9_
FNDA:1,_RNCNvNtNtNtCslCT81iVnT6Y_16phi_kernel_tools4file9edit_file5testss_29test_edit_file_multiple_edits0B9_
FNDA:1,_RNCNvNtNtNtCslCT81iVnT6Y_16phi_kernel_tools4file9edit_file5testss_33test_edit_file_duplicate_old_text0B9_
FNDA:1,_RNCNvNtNtNtCslCT81iVnT6Y_16phi_kernel_tools4file9edit_file5testss_41test_edit_file_overlapping_edits_rejected0B9_
FNDA:1,_RNCNvNtNtNtCslCT81iVnT6Y_16phi_kernel_tools4file9edit_file5testss_42test_edit_file_preserves_line_endings_crlf0B9_
FNDA:1,_RNCNvNtNtNtCslCT81iVnT6Y_16phi_kernel_tools4file9edit_file5testss_46test_edit_file_absolute_path_outside_workspace0B9_
FNF:85
FNH:80
DA:41,12
DA:42,12
DA:43,12
DA:48,2
DA:49,2
DA:50,2
DA:52,1
DA:53,1
DA:54,1
DA:55,1
DA:56,1
DA:57,1
DA:58,1
DA:60,1
DA:61,1
DA:62,1
DA:63,1
DA:64,1
DA:65,1
DA:66,1
DA:68,1
DA:69,1
DA:70,1
DA:71,1
DA:72,1
DA:73,1
DA:74,1
DA:75,1
DA:76,1
DA:78,1
DA:79,1
DA:80,1
DA:83,1
DA:87,1
DA:89,1
DA:91,1
DA:92,1
DA:93,1
DA:94,1
DA:95,1
DA:96,1
DA:97,1
DA:98,1
DA:99,1
DA:100,1
DA:101,1
DA:103,10
DA:230,10
DA:235,1
DA:236,1
DA:237,1
DA:241,9
DA:242,9
DA:243,3
DA:245,6
DA:247,9
DA:250,775
DA:252,775
DA:253,775
DA:254,258
DA:256,517
DA:258,775
DA:261,4
DA:262,4
DA:263,4
DA:264,4
DA:265,4
DA:266,4
DA:267,4
DA:268,4
DA:269,4
DA:270,4
DA:271,4
DA:275,8
DA:276,8
DA:278,12
DA:279,12
DA:280,12
DA:282,1
DA:283,11
DA:284,11
DA:285,11
DA:286,11
DA:290,8
DA:292,8
DA:293,4
DA:294,4
DA:295,4
DA:296,2
DA:297,2
DA:298,2
DA:299,2
DA:300,2
DA:301,2
DA:304,6
DA:305,8
DA:308,548
DA:309,548
DA:310,9
DA:311,539
DA:312,539
DA:313,539
DA:314,626
DA:315,87
DA:316,87
DA:317,87
DA:318,87
DA:319,539
DA:320,548
DA:329,15
DA:330,15
DA:331,15
DA:332,15
DA:333,15
DA:334,15
DA:336,15
DA:337,15
DA:338,7
DA:339,7
DA:340,8
DA:341,8
DA:342,5
DA:343,5
DA:346,3
DA:347,3
DA:349,1
DA:350,1
DA:351,1
DA:352,1
DA:353,1
DA:354,2
DA:355,2
DA:356,2
DA:357,2
DA:358,2
DA:359,2
DA:363,5
DA:364,5
DA:365,4
DA:366,4
DA:367,1
DA:368,1
DA:369,3
DA:370,3
DA:371,1
DA:372,1
DA:373,1
DA:374,1
DA:375,1
DA:376,2
DA:377,1
DA:380,3
DA:381,3
DA:382,2
DA:383,2
DA:384,1
DA:385,1
DA:386,1
DA:387,1
DA:388,1
DA:389,1
DA:390,1
DA:391,1
DA:392,1
DA:393,0
DA:394,1
DA:397,1
DA:398,1
DA:399,0
DA:400,0
DA:401,0
DA:402,0
DA:403,0
DA:404,0
DA:405,0
DA:406,0
DA:407,0
DA:408,0
DA:409,0
DA:410,0
DA:411,1
DA:414,1
DA:415,1
DA:416,1
DA:417,1
DA:418,1
DA:419,15
DA:422,5
DA:423,5
DA:424,0
DA:425,5
DA:426,5
DA:427,5
DA:428,5
DA:429,41
DA:430,36
DA:431,36
DA:433,4
DA:434,4
DA:435,13
DA:436,9
DA:437,4
DA:438,4
DA:439,4
DA:440,4
DA:442,4
DA:445,32
DA:446,32
DA:447,32
DA:448,0
DA:452,5
DA:453,5
DA:456,3
DA:457,3
DA:458,0
DA:459,3
DA:460,3
DA:461,3
DA:462,22
DA:463,19
DA:466,19
DA:467,19
DA:468,27
DA:469,19
DA:470,19
DA:471,19
DA:473,19
DA:474,19
DA:477,4
DA:478,4
DA:479,4
DA:480,4
DA:481,12
DA:482,8
DA:483,4
DA:484,4
DA:485,4
DA:487,4
DA:488,4
DA:489,15
DA:491,15
DA:492,15
DA:493,15
DA:494,0
DA:497,3
DA:498,3
DA:501,1
DA:502,1
DA:503,0
DA:504,1
DA:505,1
DA:507,1
DA:508,1
DA:509,1
DA:511,7
DA:512,7
DA:513,7
DA:514,7
DA:515,6
DA:516,1
DA:517,1
DA:518,1
DA:519,5
DA:520,1
DA:521,1
DA:522,6
DA:524,1
DA:525,1
DA:528,8
DA:532,8
DA:533,8
DA:536,11
DA:537,11
DA:538,11
DA:539,11
DA:540,11
DA:541,11
DA:542,11
DA:543,11
DA:550,0
DA:551,0
DA:552,0
DA:554,0
DA:555,0
DA:556,0
DA:557,0
DA:558,0
DA:559,0
DA:560,0
DA:561,0
DA:562,0
DA:563,0
DA:564,0
DA:565,0
DA:567,0
DA:568,0
DA:569,0
DA:577,10
DA:578,10
DA:579,10
DA:581,10
DA:582,10
DA:583,10
DA:584,10
DA:585,10
DA:590,1
DA:591,1
DA:592,1
DA:593,1
DA:596,1
DA:597,1
DA:598,1
DA:599,1
DA:602,1
DA:606,1
DA:609,1
DA:610,1
DA:613,1
DA:615,1
DA:616,1
DA:617,1
DA:620,1
DA:621,1
DA:622,1
DA:623,1
DA:626,1
DA:627,1
DA:628,1
DA:629,1
DA:634,1
DA:635,1
DA:636,1
DA:639,1
DA:640,1
DA:641,1
DA:644,1
DA:645,1
DA:646,1
DA:651,1
DA:652,1
DA:653,1
DA:656,1
DA:659,1
DA:660,1
DA:661,1
DA:664,1
DA:667,1
DA:668,1
DA:669,1
DA:672,1
DA:677,1
DA:678,1
DA:679,1
DA:680,1
DA:683,1
DA:684,1
DA:685,1
DA:686,1
DA:691,1
DA:692,1
DA:693,1
DA:694,1
DA:695,1
DA:696,1
DA:697,1
DA:698,1
DA:699,1
DA:700,1
DA:701,1
DA:703,1
DA:704,1
DA:707,1
DA:708,1
DA:709,1
DA:710,1
DA:711,1
DA:712,1
DA:713,1
DA:714,1
DA:715,1
DA:716,1
DA:717,1
DA:719,1
DA:720,1
DA:721,1
DA:726,1
DA:727,1
DA:728,1
DA:729,1
DA:730,1
DA:731,1
DA:732,1
DA:733,1
DA:736,1
DA:737,1
DA:738,1
DA:741,1
DA:742,1
DA:743,1
DA:744,1
DA:745,1
DA:746,1
DA:747,1
DA:748,1
DA:751,1
DA:752,1
DA:753,1
DA:756,1
DA:757,1
DA:758,1
DA:759,1
DA:760,1
DA:761,1
DA:762,1
DA:763,1
DA:766,1
DA:767,1
DA:768,1
DA:771,1
DA:773,1
DA:774,1
DA:775,1
DA:776,1
DA:777,1
DA:778,1
DA:779,1
DA:782,1
DA:783,1
DA:784,1
DA:787,1
DA:790,1
DA:791,1
DA:792,1
DA:793,1
DA:794,1
DA:795,1
DA:796,1
DA:799,1
DA:800,1
DA:801,1
DA:804,1
DA:805,1
DA:806,1
DA:807,1
DA:808,1
DA:809,1
DA:810,1
DA:811,1
DA:814,1
DA:815,1
DA:816,1
DA:819,1
DA:821,1
DA:822,1
DA:823,1
DA:824,1
DA:825,1
DA:826,1
DA:827,1
DA:830,1
DA:831,1
DA:832,1
DA:835,1
DA:836,1
DA:837,1
DA:838,1
DA:839,1
DA:840,1
DA:841,1
DA:842,1
DA:845,1
DA:846,1
DA:847,1
DA:850,1
DA:853,1
DA:854,1
DA:855,1
DA:856,1
DA:861,1
DA:862,1
DA:863,1
DA:865,1
DA:866,1
DA:867,1
DA:868,1
DA:869,1
DA:870,1
DA:871,1
DA:872,1
DA:873,1
DA:874,1
DA:876,1
DA:877,1
DA:878,1
DA:879,1
DA:882,1
DA:883,1
DA:884,1
DA:886,1
DA:887,1
DA:888,1
DA:889,1
DA:890,1
DA:891,1
DA:892,1
DA:893,1
DA:894,1
DA:895,1
DA:896,1
DA:897,1
DA:898,1
DA:900,1
DA:901,1
DA:902,1
DA:903,1
DA:906,1
DA:907,1
DA:908,1
DA:909,1
DA:910,1
DA:911,1
DA:912,1
DA:913,1
DA:914,1
DA:915,1
DA:916,1
DA:917,1
DA:918,1
DA:919,1
DA:922,1
DA:923,1
DA:924,1
DA:926,1
DA:927,1
DA:928,1
DA:929,1
DA:930,1
DA:931,1
DA:932,1
DA:933,1
DA:934,1
DA:935,1
DA:937,1
DA:938,1
DA:941,1
DA:942,1
DA:943,1
DA:944,1
DA:945,1
DA:946,1
DA:947,1
DA:948,1
DA:949,1
DA:950,1
DA:951,1
DA:954,1
DA:955,1
DA:956,1
DA:957,1
DA:958,1
DA:959,1
DA:960,1
DA:961,1
DA:964,1
DA:965,1
DA:966,1
DA:967,1
DA:968,1
DA:969,1
DA:970,1
DA:971,1
DA:974,1
DA:975,1
DA:976,1
DA:978,1
DA:979,1
DA:980,1
DA:981,1
DA:982,1
DA:983,1
DA:984,1
DA:985,1
DA:986,1
DA:987,1
DA:989,1
DA:990,1
DA:991,1
DA:992,1
DA:995,1
DA:996,1
DA:997,1
DA:999,1
DA:1000,1
DA:1001,1
DA:1002,1
DA:1003,1
DA:1004,1
DA:1005,1
DA:1006,1
DA:1007,1
DA:1008,1
DA:1009,1
DA:1010,1
DA:1011,1
DA:1013,1
DA:1014,1
DA:1017,1
DA:1018,1
DA:1020,1
DA:1021,1
DA:1022,1
DA:1024,1
DA:1025,1
DA:1026,1
DA:1027,1
DA:1028,1
DA:1029,1
DA:1030,1
DA:1031,1
DA:1032,1
DA:1033,1
DA:1035,1
DA:1036,1
DA:1037,1
DA:1040,1
DA:1041,1
DA:1042,1
DA:1043,1
DA:1044,1
DA:1045,1
DA:1046,1
DA:1047,1
DA:1048,1
DA:1049,1
DA:1052,1
DA:1053,1
DA:1054,1
DA:1055,1
DA:1056,1
DA:1057,1
DA:1060,1
DA:1061,1
DA:1062,1
DA:1063,1
DA:1064,1
DA:1065,1
DA:1068,1
DA:1069,1
DA:1070,1
DA:1071,1
DA:1072,1
DA:1073,1
DA:1076,1
DA:1077,1
DA:1078,1
DA:1079,1
DA:1080,1
DA:1081,1
DA:1082,1
DA:1083,1
DA:1084,1
DA:1087,1
DA:1088,1
DA:1089,1
BRF:0
BRH:0
LF:698
LH:660
end_of_record
SF:/Users/kangzengchen/source/buka/buka-works/phi-kernel-tools/src/file/list_files.rs
FN:102,_RNvMNtNtCsk9y6mteqSET_16phi_kernel_tools4file10list_filesNtB2_13ListFilesTool13with_excludes
FN:97,_RNvMNtNtCsk9y6mteqSET_16phi_kernel_tools4file10list_filesNtB2_13ListFilesTool3new
FN:19,_RNvNtNtCsk9y6mteqSET_16phi_kernel_tools4file10list_files10glob_match
FN:480,_RNvNtNtCsk9y6mteqSET_16phi_kernel_tools4file10list_files10human_size
FN:331,_RNvNtNtCsk9y6mteqSET_16phi_kernel_tools4file10list_files15collect_entries
FN:400,_RNvNtNtCsk9y6mteqSET_16phi_kernel_tools4file10list_files25collect_entries_recursive
FN:116,_RNvXs_NtNtCsk9y6mteqSET_16phi_kernel_tools4file10list_filesNtB4_13ListFilesToolNtNtCscZ596kT2lAr_10agent_base4tool4Tool11description
FN:155,_RNvXs_NtNtCsk9y6mteqSET_16phi_kernel_tools4file10list_filesNtB4_13ListFilesToolNtNtCscZ596kT2lAr_10agent_base4tool4Tool4call
FN:112,_RNvXs_NtNtCsk9y6mteqSET_16phi_kernel_tools4file10list_filesNtB4_13ListFilesToolNtNtCscZ596kT2lAr_10agent_base4tool4Tool4name
FN:120,_RNvXs_NtNtCsk9y6mteqSET_16phi_kernel_tools4file10list_filesNtB4_13ListFilesToolNtNtCscZ596kT2lAr_10agent_base4tool4Tool6schema
FN:144,_RNvXs_NtNtCsk9y6mteqSET_16phi_kernel_tools4file10list_filesNtB4_13ListFilesToolNtNtCscZ596kT2lAr_10agent_base4tool4Tool8metadata
FN:230,_RNCNCNCNvXs_NtNtCsk9y6mteqSET_16phi_kernel_tools4file10list_filesNtBa_13ListFilesToolNtNtCscZ596kT2lAr_10agent_base4tool4Tool4call0s5_00Be_
FN:424,_RNCNCNvNtNtCsk9y6mteqSET_16phi_kernel_tools4file10list_files25collect_entries_recursive00B9_
FN:424,_RNCNCNvNtNtCsk9y6mteqSET_16phi_kernel_tools4file10list_files25collect_entries_recursive0s_0B9_
FN:159,_RNCNCNvXs_NtNtCsk9y6mteqSET_16phi_kernel_tools4file10list_filesNtB8_13ListFilesToolNtNtCscZ596kT2lAr_10agent_base4tool4Tool4call00Bc_
FN:161,_RNCNCNvXs_NtNtCsk9y6mteqSET_16phi_kernel_tools4file10list_filesNtB8_13ListFilesToolNtNtCscZ596kT2lAr_10agent_base4tool4Tool4call0s0_0Bc_
FN:166,_RNCNCNvXs_NtNtCsk9y6mteqSET_16phi_kernel_tools4file10list_filesNtB8_13ListFilesToolNtNtCscZ596kT2lAr_10agent_base4tool4Tool4call0s1_0Bc_
FN:167,_RNCNCNvXs_NtNtCsk9y6mteqSET_16phi_kernel_tools4file10list_filesNtB8_13ListFilesToolNtNtCscZ596kT2lAr_10agent_base4tool4Tool4call0s2_0Bc_
FN:177,_RNCNCNvXs_NtNtCsk9y6mteqSET_16phi_kernel_tools4file10list_filesNtB8_13ListFilesToolNtNtCscZ596kT2lAr_10agent_base4tool4Tool4call0s3_0Bc_
FN:178,_RNCNCNvXs_NtNtCsk9y6mteqSET_16phi_kernel_tools4file10list_filesNtB8_13ListFilesToolNtNtCscZ596kT2lAr_10agent_base4tool4Tool4call0s4_0Bc_
FN:226,_RNCNCNvXs_NtNtCsk9y6mteqSET_16phi_kernel_tools4file10list_filesNtB8_13ListFilesToolNtNtCscZ596kT2lAr_10agent_base4tool4Tool4call0s5_0Bc_
FN:160,_RNCNCNvXs_NtNtCsk9y6mteqSET_16phi_kernel_tools4file10list_filesNtB8_13ListFilesToolNtNtCscZ596kT2lAr_10agent_base4tool4Tool4call0s_0Bc_
FN:359,_RNCNvNtNtCsk9y6mteqSET_16phi_kernel_tools4file10list_files15collect_entries0B7_
FN:374,_RNCNvNtNtCsk9y6mteqSET_16phi_kernel_tools4file10list_files15collect_entriess_0B7_
FN:420,_RNCNvNtNtCsk9y6mteqSET_16phi_kernel_tools4file10list_files25collect_entries_recursive0B7_
FN:460,_RNCNvNtNtCsk9y6mteqSET_16phi_kernel_tools4file10list_files25collect_entries_recursives0_0B7_
FN:450,_RNCNvNtNtCsk9y6mteqSET_16phi_kernel_tools4file10list_files25collect_entries_recursives_0B7_
FN:500,_RNvNtNtNtCslCT81iVnT6Y_16phi_kernel_tools4file10list_files12fuzz_exports10glob_match
FN:116,_RNvXs_NtNtCslCT81iVnT6Y_16phi_kernel_tools4file10list_filesNtB4_13ListFilesToolNtNtCscZ596kT2lAr_10agent_base4tool4Tool11description
FN:514,_RNvNtNtNtCslCT81iVnT6Y_16phi_kernel_tools4file10list_files5tests20setup_temp_workspace
FN:510,_RNvNtNtNtCslCT81iVnT6Y_16phi_kernel_tools4file10list_files5tests9dummy_ctx
FN:660,_RNvNtNtNtCslCT81iVnT6Y_16phi_kernel_tools4file10list_files5testss_13test_metadata
FN:724,_RNvNtNtNtCslCT81iVnT6Y_16phi_kernel_tools4file10list_files5testss_15test_human_size
FN:521,_RNvNtNtNtCslCT81iVnT6Y_16phi_kernel_tools4file10list_files5testss_21test_list_files_empty
FN:756,_RNvNtNtNtCslCT81iVnT6Y_16phi_kernel_tools4file10list_files5testss_21test_list_files_limit
FN:669,_RNvNtNtNtCslCT81iVnT6Y_16phi_kernel_tools4file10list_files5testss_24test_list_files_excludes
FN:652,_RNvNtNtNtCslCT81iVnT6Y_16phi_kernel_tools4file10list_files5testss_24test_name_and_definition
FN:568,_RNvNtNtNtCslCT81iVnT6Y_16phi_kernel_tools4file10list_files5testss_25test_list_files_recursive
FN:642,_RNvNtNtNtCslCT81iVnT6Y_16phi_kernel_tools4file10list_files5testss_28test_list_files_default_path
FN:629,_RNvNtNtNtCslCT81iVnT6Y_16phi_kernel_tools4file10list_files5testss_28test_list_files_path_is_file
FN:533,_RNvNtNtNtCslCT81iVnT6Y_16phi_kernel_tools4file10list_files5testss_28test_list_files_with_entries
FN:551,_RNvNtNtNtCslCT81iVnT6Y_16phi_kernel_tools4file10list_files5testss_28test_list_files_with_pattern
FN:617,_RNvNtNtNtCslCT81iVnT6Y_16phi_kernel_tools4file10list_files5testss_35test_list_files_directory_not_found
FN:777,_RNvNtNtNtCslCT81iVnT6Y_16phi_kernel_tools4file10list_files5testss_37glob_match_backtracking_does_not_hang
FN:589,_RNvNtNtNtCslCT81iVnT6Y_16phi_kernel_tools4file10list_files5testss_38test_list_files_recursive_with_pattern
FN:692,_RNvNtNtNtCslCT81iVnT6Y_16phi_kernel_tools4file10list_files5testss_40test_list_files_self_truncates_to_budget
FN:733,_RNvNtNtNtCslCT81iVnT6Y_16phi_kernel_tools4file10list_files5testss_44test_list_files_recursive_respects_gitignore
FN:660,_RNCNvNtNtNtCslCT81iVnT6Y_16phi_kernel_tools4file10list_files5testss_13test_metadata0B9_
FN:521,_RNCNvNtNtNtCslCT81iVnT6Y_16phi_kernel_tools4file10list_files5testss_21test_list_files_empty0B9_
FN:756,_RNCNvNtNtNtCslCT81iVnT6Y_16phi_kernel_tools4file10list_files5testss_21test_list_files_limit0B9_
FN:669,_RNCNvNtNtNtCslCT81iVnT6Y_16phi_kernel_tools4file10list_files5testss_24test_list_files_excludes0B9_
FN:652,_RNCNvNtNtNtCslCT81iVnT6Y_16phi_kernel_tools4file10list_files5testss_24test_name_and_definition0B9_
FN:568,_RNCNvNtNtNtCslCT81iVnT6Y_16phi_kernel_tools4file10list_files5testss_25test_list_files_recursive0B9_
FN:642,_RNCNvNtNtNtCslCT81iVnT6Y_16phi_kernel_tools4file10list_files5testss_28test_list_files_default_path0B9_
FN:629,_RNCNvNtNtNtCslCT81iVnT6Y_16phi_kernel_tools4file10list_files5testss_28test_list_files_path_is_file0B9_
FN:533,_RNCNvNtNtNtCslCT81iVnT6Y_16phi_kernel_tools4file10list_files5testss_28test_list_files_with_entries0B9_
FN:551,_RNCNvNtNtNtCslCT81iVnT6Y_16phi_kernel_tools4file10list_files5testss_28test_list_files_with_pattern0B9_
FN:617,_RNCNvNtNtNtCslCT81iVnT6Y_16phi_kernel_tools4file10list_files5testss_35test_list_files_directory_not_found0B9_
FN:589,_RNCNvNtNtNtCslCT81iVnT6Y_16phi_kernel_tools4file10list_files5testss_38test_list_files_recursive_with_pattern0B9_
FN:692,_RNCNvNtNtNtCslCT81iVnT6Y_16phi_kernel_tools4file10list_files5testss_40test_list_files_self_truncates_to_budget0B9_
FN:733,_RNCNvNtNtNtCslCT81iVnT6Y_16phi_kernel_tools4file10list_files5testss_44test_list_files_recursive_respects_gitignore0B9_
FN:230,_RNCNCNCNvXs_NtNtCslCT81iVnT6Y_16phi_kernel_tools4file10list_filesNtBa_13ListFilesToolNtNtCscZ596kT2lAr_10agent_base4tool4Tool4call0s5_00Be_
FN:424,_RNCNCNvNtNtCslCT81iVnT6Y_16phi_kernel_tools4file10list_files25collect_entries_recursive00B9_
FN:424,_RNCNCNvNtNtCslCT81iVnT6Y_16phi_kernel_tools4file10list_files25collect_entries_recursive0s_0B9_
FN:159,_RNCNCNvXs_NtNtCslCT81iVnT6Y_16phi_kernel_tools4file10list_filesNtB8_13ListFilesToolNtNtCscZ596kT2lAr_10agent_base4tool4Tool4call00Bc_
FN:161,_RNCNCNvXs_NtNtCslCT81iVnT6Y_16phi_kernel_tools4file10list_filesNtB8_13ListFilesToolNtNtCscZ596kT2lAr_10agent_base4tool4Tool4call0s0_0Bc_
FN:166,_RNCNCNvXs_NtNtCslCT81iVnT6Y_16phi_kernel_tools4file10list_filesNtB8_13ListFilesToolNtNtCscZ596kT2lAr_10agent_base4tool4Tool4call0s1_0Bc_
FN:167,_RNCNCNvXs_NtNtCslCT81iVnT6Y_16phi_kernel_tools4file10list_filesNtB8_13ListFilesToolNtNtCscZ596kT2lAr_10agent_base4tool4Tool4call0s2_0Bc_
FN:177,_RNCNCNvXs_NtNtCslCT81iVnT6Y_16phi_kernel_tools4file10list_filesNtB8_13ListFilesToolNtNtCscZ596kT2lAr_10agent_base4tool4Tool4call0s3_0Bc_
FN:178,_RNCNCNvXs_NtNtCslCT81iVnT6Y_16phi_kernel_tools4file10list_filesNtB8_13ListFilesToolNtNtCscZ596kT2lAr_10agent_base4tool4Tool4call0s4_0Bc_
FN:226,_RNCNCNvXs_NtNtCslCT81iVnT6Y_16phi_kernel_tools4file10list_filesNtB8_13ListFilesToolNtNtCscZ596kT2lAr_10agent_base4tool4Tool4call0s5_0Bc_
FN:160,_RNCNCNvXs_NtNtCslCT81iVnT6Y_16phi_kernel_tools4file10list_filesNtB8_13ListFilesToolNtNtCscZ596kT2lAr_10agent_base4tool4Tool4call0s_0Bc_
FN:359,_RNCNvNtNtCslCT81iVnT6Y_16phi_kernel_tools4file10list_files15collect_entries0B7_
FN:374,_RNCNvNtNtCslCT81iVnT6Y_16phi_kernel_tools4file10list_files15collect_entriess_0B7_
FN:420,_RNCNvNtNtCslCT81iVnT6Y_16phi_kernel_tools4file10list_files25collect_entries_recursive0B7_
FN:460,_RNCNvNtNtCslCT81iVnT6Y_16phi_kernel_tools4file10list_files25collect_entries_recursives0_0B7_
FN:450,_RNCNvNtNtCslCT81iVnT6Y_16phi_kernel_tools4file10list_files25collect_entries_recursives_0B7_
FN:102,_RNvMNtNtCslCT81iVnT6Y_16phi_kernel_tools4file10list_filesNtB2_13ListFilesTool13with_excludes
FN:97,_RNvMNtNtCslCT81iVnT6Y_16phi_kernel_tools4file10list_filesNtB2_13ListFilesTool3new
FN:19,_RNvNtNtCslCT81iVnT6Y_16phi_kernel_tools4file10list_files10glob_match
FN:480,_RNvNtNtCslCT81iVnT6Y_16phi_kernel_tools4file10list_files10human_size
FN:331,_RNvNtNtCslCT81iVnT6Y_16phi_kernel_tools4file10list_files15collect_entries
FN:400,_RNvNtNtCslCT81iVnT6Y_16phi_kernel_tools4file10list_files25collect_entries_recursive
FN:155,_RNvXs_NtNtCslCT81iVnT6Y_16phi_kernel_tools4file10list_filesNtB4_13ListFilesToolNtNtCscZ596kT2lAr_10agent_base4tool4Tool4call
FN:112,_RNvXs_NtNtCslCT81iVnT6Y_16phi_kernel_tools4file10list_filesNtB4_13ListFilesToolNtNtCscZ596kT2lAr_10agent_base4tool4Tool4name
FN:120,_RNvXs_NtNtCslCT81iVnT6Y_16phi_kernel_tools4file10list_filesNtB4_13ListFilesToolNtNtCscZ596kT2lAr_10agent_base4tool4Tool6schema
FN:144,_RNvXs_NtNtCslCT81iVnT6Y_16phi_kernel_tools4file10list_filesNtB4_13ListFilesToolNtNtCscZ596kT2lAr_10agent_base4tool4Tool8metadata
FNDA:0,_RNvMNtNtCsk9y6mteqSET_16phi_kernel_tools4file10list_filesNtB2_13ListFilesTool13with_excludes
FNDA:0,_RNvMNtNtCsk9y6mteqSET_16phi_kernel_tools4file10list_filesNtB2_13ListFilesTool3new
FNDA:0,_RNvNtNtCsk9y6mteqSET_16phi_kernel_tools4file10list_files10glob_match
FNDA:0,_RNvNtNtCsk9y6mteqSET_16phi_kernel_tools4file10list_files10human_size
FNDA:0,_RNvNtNtCsk9y6mteqSET_16phi_kernel_tools4file10list_files15collect_entries
FNDA:0,_RNvNtNtCsk9y6mteqSET_16phi_kernel_tools4file10list_files25collect_entries_recursive
FNDA:0,_RNvXs_NtNtCsk9y6mteqSET_16phi_kernel_tools4file10list_filesNtB4_13ListFilesToolNtNtCscZ596kT2lAr_10agent_base4tool4Tool11description
FNDA:0,_RNvXs_NtNtCsk9y6mteqSET_16phi_kernel_tools4file10list_filesNtB4_13ListFilesToolNtNtCscZ596kT2lAr_10agent_base4tool4Tool4call
FNDA:0,_RNvXs_NtNtCsk9y6mteqSET_16phi_kernel_tools4file10list_filesNtB4_13ListFilesToolNtNtCscZ596kT2lAr_10agent_base4tool4Tool4name
FNDA:0,_RNvXs_NtNtCsk9y6mteqSET_16phi_kernel_tools4file10list_filesNtB4_13ListFilesToolNtNtCscZ596kT2lAr_10agent_base4tool4Tool6schema
FNDA:0,_RNvXs_NtNtCsk9y6mteqSET_16phi_kernel_tools4file10list_filesNtB4_13ListFilesToolNtNtCscZ596kT2lAr_10agent_base4tool4Tool8metadata
FNDA:0,_RNCNCNCNvXs_NtNtCsk9y6mteqSET_16phi_kernel_tools4file10list_filesNtBa_13ListFilesToolNtNtCscZ596kT2lAr_10agent_base4tool4Tool4call0s5_00Be_
FNDA:0,_RNCNCNvNtNtCsk9y6mteqSET_16phi_kernel_tools4file10list_files25collect_entries_recursive00B9_
FNDA:0,_RNCNCNvNtNtCsk9y6mteqSET_16phi_kernel_tools4file10list_files25collect_entries_recursive0s_0B9_
FNDA:0,_RNCNCNvXs_NtNtCsk9y6mteqSET_16phi_kernel_tools4file10list_filesNtB8_13ListFilesToolNtNtCscZ596kT2lAr_10agent_base4tool4Tool4call00Bc_
FNDA:0,_RNCNCNvXs_NtNtCsk9y6mteqSET_16phi_kernel_tools4file10list_filesNtB8_13ListFilesToolNtNtCscZ596kT2lAr_10agent_base4tool4Tool4call0s0_0Bc_
FNDA:0,_RNCNCNvXs_NtNtCsk9y6mteqSET_16phi_kernel_tools4file10list_filesNtB8_13ListFilesToolNtNtCscZ596kT2lAr_10agent_base4tool4Tool4call0s1_0Bc_
FNDA:0,_RNCNCNvXs_NtNtCsk9y6mteqSET_16phi_kernel_tools4file10list_filesNtB8_13ListFilesToolNtNtCscZ596kT2lAr_10agent_base4tool4Tool4call0s2_0Bc_
FNDA:0,_RNCNCNvXs_NtNtCsk9y6mteqSET_16phi_kernel_tools4file10list_filesNtB8_13ListFilesToolNtNtCscZ596kT2lAr_10agent_base4tool4Tool4call0s3_0Bc_
FNDA:0,_RNCNCNvXs_NtNtCsk9y6mteqSET_16phi_kernel_tools4file10list_filesNtB8_13ListFilesToolNtNtCscZ596kT2lAr_10agent_base4tool4Tool4call0s4_0Bc_
FNDA:0,_RNCNCNvXs_NtNtCsk9y6mteqSET_16phi_kernel_tools4file10list_filesNtB8_13ListFilesToolNtNtCscZ596kT2lAr_10agent_base4tool4Tool4call0s5_0Bc_
FNDA:0,_RNCNCNvXs_NtNtCsk9y6mteqSET_16phi_kernel_tools4file10list_filesNtB8_13ListFilesToolNtNtCscZ596kT2lAr_10agent_base4tool4Tool4call0s_0Bc_
FNDA:0,_RNCNvNtNtCsk9y6mteqSET_16phi_kernel_tools4file10list_files15collect_entries0B7_
FNDA:0,_RNCNvNtNtCsk9y6mteqSET_16phi_kernel_tools4file10list_files15collect_entriess_0B7_
FNDA:0,_RNCNvNtNtCsk9y6mteqSET_16phi_kernel_tools4file10list_files25collect_entries_recursive0B7_
FNDA:0,_RNCNvNtNtCsk9y6mteqSET_16phi_kernel_tools4file10list_files25collect_entries_recursives0_0B7_
FNDA:0,_RNCNvNtNtCsk9y6mteqSET_16phi_kernel_tools4file10list_files25collect_entries_recursives_0B7_
FNDA:0,_RNvNtNtNtCslCT81iVnT6Y_16phi_kernel_tools4file10list_files12fuzz_exports10glob_match
FNDA:0,_RNvXs_NtNtCslCT81iVnT6Y_16phi_kernel_tools4file10list_filesNtB4_13ListFilesToolNtNtCscZ596kT2lAr_10agent_base4tool4Tool11description
FNDA:8,_RNvNtNtNtCslCT81iVnT6Y_16phi_kernel_tools4file10list_files5tests20setup_temp_workspace
FNDA:12,_RNvNtNtNtCslCT81iVnT6Y_16phi_kernel_tools4file10list_files5tests9dummy_ctx
FNDA:1,_RNvNtNtNtCslCT81iVnT6Y_16phi_kernel_tools4file10list_files5testss_13test_metadata
FNDA:1,_RNvNtNtNtCslCT81iVnT6Y_16phi_kernel_tools4file10list_files5testss_15test_human_size
FNDA:1,_RNvNtNtNtCslCT81iVnT6Y_16phi_kernel_tools4file10list_files5testss_21test_list_files_empty
FNDA:1,_RNvNtNtNtCslCT81iVnT6Y_16phi_kernel_tools4file10list_files5testss_21test_list_files_limit
FNDA:1,_RNvNtNtNtCslCT81iVnT6Y_16phi_kernel_tools4file10list_files5testss_24test_list_files_excludes
FNDA:1,_RNvNtNtNtCslCT81iVnT6Y_16phi_kernel_tools4file10list_files5testss_24test_name_and_definition
FNDA:1,_RNvNtNtNtCslCT81iVnT6Y_16phi_kernel_tools4file10list_files5testss_25test_list_files_recursive
FNDA:1,_RNvNtNtNtCslCT81iVnT6Y_16phi_kernel_tools4file10list_files5testss_28test_list_files_default_path
FNDA:1,_RNvNtNtNtCslCT81iVnT6Y_16phi_kernel_tools4file10list_files5testss_28test_list_files_path_is_file
FNDA:1,_RNvNtNtNtCslCT81iVnT6Y_16phi_kernel_tools4file10list_files5testss_28test_list_files_with_entries
FNDA:1,_RNvNtNtNtCslCT81iVnT6Y_16phi_kernel_tools4file10list_files5testss_28test_list_files_with_pattern
FNDA:1,_RNvNtNtNtCslCT81iVnT6Y_16phi_kernel_tools4file10list_files5testss_35test_list_files_directory_not_found
FNDA:1,_RNvNtNtNtCslCT81iVnT6Y_16phi_kernel_tools4file10list_files5testss_37glob_match_backtracking_does_not_hang
FNDA:1,_RNvNtNtNtCslCT81iVnT6Y_16phi_kernel_tools4file10list_files5testss_38test_list_files_recursive_with_pattern
FNDA:1,_RNvNtNtNtCslCT81iVnT6Y_16phi_kernel_tools4file10list_files5testss_40test_list_files_self_truncates_to_budget
FNDA:1,_RNvNtNtNtCslCT81iVnT6Y_16phi_kernel_tools4file10list_files5testss_44test_list_files_recursive_respects_gitignore
FNDA:1,_RNCNvNtNtNtCslCT81iVnT6Y_16phi_kernel_tools4file10list_files5testss_13test_metadata0B9_
FNDA:1,_RNCNvNtNtNtCslCT81iVnT6Y_16phi_kernel_tools4file10list_files5testss_21test_list_files_empty0B9_
FNDA:1,_RNCNvNtNtNtCslCT81iVnT6Y_16phi_kernel_tools4file10list_files5testss_21test_list_files_limit0B9_
FNDA:1,_RNCNvNtNtNtCslCT81iVnT6Y_16phi_kernel_tools4file10list_files5testss_24test_list_files_excludes0B9_
FNDA:1,_RNCNvNtNtNtCslCT81iVnT6Y_16phi_kernel_tools4file10list_files5testss_24test_name_and_definition0B9_
FNDA:1,_RNCNvNtNtNtCslCT81iVnT6Y_16phi_kernel_tools4file10list_files5testss_25test_list_files_recursive0B9_
FNDA:1,_RNCNvNtNtNtCslCT81iVnT6Y_16phi_kernel_tools4file10list_files5testss_28test_list_files_default_path0B9_
FNDA:1,_RNCNvNtNtNtCslCT81iVnT6Y_16phi_kernel_tools4file10list_files5testss_28test_list_files_path_is_file0B9_
FNDA:1,_RNCNvNtNtNtCslCT81iVnT6Y_16phi_kernel_tools4file10list_files5testss_28test_list_files_with_entries0B9_
FNDA:1,_RNCNvNtNtNtCslCT81iVnT6Y_16phi_kernel_tools4file10list_files5testss_28test_list_files_with_pattern0B9_
FNDA:1,_RNCNvNtNtNtCslCT81iVnT6Y_16phi_kernel_tools4file10list_files5testss_35test_list_files_directory_not_found0B9_
FNDA:1,_RNCNvNtNtNtCslCT81iVnT6Y_16phi_kernel_tools4file10list_files5testss_38test_list_files_recursive_with_pattern0B9_
FNDA:1,_RNCNvNtNtNtCslCT81iVnT6Y_16phi_kernel_tools4file10list_files5testss_40test_list_files_self_truncates_to_budget0B9_
FNDA:1,_RNCNvNtNtNtCslCT81iVnT6Y_16phi_kernel_tools4file10list_files5testss_44test_list_files_recursive_respects_gitignore0B9_
FNDA:1736,_RNCNCNCNvXs_NtNtCslCT81iVnT6Y_16phi_kernel_tools4file10list_filesNtBa_13ListFilesToolNtNtCscZ596kT2lAr_10agent_base4tool4Tool4call0s5_00Be_
FNDA:657,_RNCNCNvNtNtCslCT81iVnT6Y_16phi_kernel_tools4file10list_files25collect_entries_recursive00B9_
FNDA:4,_RNCNCNvNtNtCslCT81iVnT6Y_16phi_kernel_tools4file10list_files25collect_entries_recursive0s_0B9_
FNDA:11,_RNCNCNvXs_NtNtCslCT81iVnT6Y_16phi_kernel_tools4file10list_filesNtB8_13ListFilesToolNtNtCscZ596kT2lAr_10agent_base4tool4Tool4call00Bc_
FNDA:1,_RNCNCNvXs_NtNtCslCT81iVnT6Y_16phi_kernel_tools4file10list_filesNtB8_13ListFilesToolNtNtCscZ596kT2lAr_10agent_base4tool4Tool4call0s0_0Bc_
FNDA:2,_RNCNCNvXs_NtNtCslCT81iVnT6Y_16phi_kernel_tools4file10list_filesNtB8_13ListFilesToolNtNtCscZ596kT2lAr_10agent_base4tool4Tool4call0s1_0Bc_
FNDA:2,_RNCNCNvXs_NtNtCslCT81iVnT6Y_16phi_kernel_tools4file10list_filesNtB8_13ListFilesToolNtNtCscZ596kT2lAr_10agent_base4tool4Tool4call0s2_0Bc_
FNDA:1,_RNCNCNvXs_NtNtCslCT81iVnT6Y_16phi_kernel_tools4file10list_filesNtB8_13ListFilesToolNtNtCscZ596kT2lAr_10agent_base4tool4Tool4call0s3_0Bc_
FNDA:1,_RNCNCNvXs_NtNtCslCT81iVnT6Y_16phi_kernel_tools4file10list_filesNtB8_13ListFilesToolNtNtCscZ596kT2lAr_10agent_base4tool4Tool4call0s4_0Bc_
FNDA:1737,_RNCNCNvXs_NtNtCslCT81iVnT6Y_16phi_kernel_tools4file10list_filesNtB8_13ListFilesToolNtNtCscZ596kT2lAr_10agent_base4tool4Tool4call0s5_0Bc_
FNDA:11,_RNCNCNvXs_NtNtCslCT81iVnT6Y_16phi_kernel_tools4file10list_filesNtB8_13ListFilesToolNtNtCscZ596kT2lAr_10agent_base4tool4Tool4call0s_0Bc_
FNDA:0,_RNCNvNtNtCslCT81iVnT6Y_16phi_kernel_tools4file10list_files15collect_entries0B7_
FNDA:10,_RNCNvNtNtCslCT81iVnT6Y_16phi_kernel_tools4file10list_files15collect_entriess_0B7_
FNDA:219,_RNCNvNtNtCslCT81iVnT6Y_16phi_kernel_tools4file10list_files25collect_entries_recursive0B7_
FNDA:211,_RNCNvNtNtCslCT81iVnT6Y_16phi_kernel_tools4file10list_files25collect_entries_recursives0_0B7_
FNDA:213,_RNCNvNtNtCslCT81iVnT6Y_16phi_kernel_tools4file10list_files25collect_entries_recursives_0B7_
FNDA:14,_RNvMNtNtCslCT81iVnT6Y_16phi_kernel_tools4file10list_filesNtB2_13ListFilesTool13with_excludes
FNDA:13,_RNvMNtNtCslCT81iVnT6Y_16phi_kernel_tools4file10list_filesNtB2_13ListFilesTool3new
FNDA:1033,_RNvNtNtCslCT81iVnT6Y_16phi_kernel_tools4file10list_files10glob_match
FNDA:287,_RNvNtNtCslCT81iVnT6Y_16phi_kernel_tools4file10list_files10human_size
FNDA:5,_RNvNtNtCslCT81iVnT6Y_16phi_kernel_tools4file10list_files15collect_entries
FNDA:5,_RNvNtNtCslCT81iVnT6Y_16phi_kernel_tools4file10list_files25collect_entries_recursive
FNDA:12,_RNvXs_NtNtCslCT81iVnT6Y_16phi_kernel_tools4file10list_filesNtB4_13ListFilesToolNtNtCscZ596kT2lAr_10agent_base4tool4Tool4call
FNDA:2,_RNvXs_NtNtCslCT81iVnT6Y_16phi_kernel_tools4file10list_filesNtB4_13ListFilesToolNtNtCscZ596kT2lAr_10agent_base4tool4Tool4name
FNDA:1,_RNvXs_NtNtCslCT81iVnT6Y_16phi_kernel_tools4file10list_filesNtB4_13ListFilesToolNtNtCscZ596kT2lAr_10agent_base4tool4Tool6schema
FNDA:1,_RNvXs_NtNtCslCT81iVnT6Y_16phi_kernel_tools4file10list_filesNtB4_13ListFilesToolNtNtCscZ596kT2lAr_10agent_base4tool4Tool8metadata
FNF:60
FNH:57
DA:19,1033
DA:20,1033
DA:21,1033
DA:22,1033
DA:23,1033
DA:27,1033
DA:29,1033
DA:32,5671
DA:33,5671
DA:34,5671
DA:39,40244
DA:40,40244
DA:41,40244
DA:42,0
DA:43,0
DA:44,0
DA:46,40244
DA:52,29154
DA:53,29154
DA:57,2450
DA:59,49374
DA:60,49374
DA:64,5671
DA:67,1033
DA:68,1033
DA:97,13
DA:98,13
DA:99,13
DA:102,14
DA:103,14
DA:104,14
DA:105,14
DA:106,14
DA:107,14
DA:112,2
DA:113,2
DA:114,2
DA:116,0
DA:117,0
DA:118,0
DA:120,1
DA:121,1
DA:122,1
DA:123,1
DA:124,1
DA:125,1
DA:126,1
DA:128,1
DA:129,1
DA:130,1
DA:132,1
DA:133,1
DA:134,1
DA:136,1
DA:137,1
DA:138,1
DA:142,1
DA:144,1
DA:145,1
DA:146,1
DA:147,1
DA:148,1
DA:149,1
DA:150,1
DA:151,1
DA:152,1
DA:153,1
DA:155,12
DA:159,11
DA:160,11
DA:161,1
DA:166,2
DA:167,2
DA:177,1
DA:178,1
DA:226,1737
DA:227,1737
DA:228,1737
DA:229,1737
DA:230,1737
DA:231,1737
DA:277,12
DA:319,12
DA:331,5
DA:332,5
DA:333,5
DA:334,5
DA:335,5
DA:336,5
DA:337,5
DA:338,5
DA:339,5
DA:340,0
DA:341,0
DA:342,0
DA:343,0
DA:344,0
DA:345,0
DA:349,12
DA:350,12
DA:351,12
DA:352,0
DA:355,12
DA:356,12
DA:359,12
DA:360,0
DA:361,12
DA:364,12
DA:365,3
DA:367,1
DA:368,11
DA:370,11
DA:371,11
DA:372,1
DA:374,10
DA:377,11
DA:378,11
DA:380,11
DA:381,11
DA:382,11
DA:383,11
DA:384,11
DA:385,11
DA:387,11
DA:388,1
DA:389,10
DA:392,4
DA:393,5
DA:400,5
DA:401,5
DA:402,5
DA:403,5
DA:404,5
DA:405,5
DA:406,5
DA:407,5
DA:409,5
DA:410,5
DA:411,5
DA:412,5
DA:413,5
DA:414,5
DA:415,5
DA:416,5
DA:417,5
DA:418,5
DA:419,5
DA:420,219
DA:421,219
DA:424,657
DA:425,219
DA:427,223
DA:428,223
DA:429,223
DA:430,0
DA:431,0
DA:432,0
DA:439,223
DA:440,0
DA:442,223
DA:443,10
DA:444,213
DA:446,213
DA:447,213
DA:448,213
DA:449,213
DA:450,213
DA:451,213
DA:454,213
DA:455,5
DA:457,2
DA:458,211
DA:460,211
DA:461,211
DA:462,211
DA:464,211
DA:465,211
DA:466,211
DA:467,211
DA:468,211
DA:469,211
DA:471,211
DA:472,0
DA:473,211
DA:476,5
DA:477,5
DA:480,287
DA:482,287
DA:483,287
DA:485,1059
DA:486,772
DA:487,772
DA:488,772
DA:490,287
DA:491,28
DA:493,259
DA:495,287
DA:500,0
DA:501,0
DA:502,0
DA:510,12
DA:511,12
DA:512,12
DA:514,8
DA:515,8
DA:516,8
DA:517,8
DA:518,8
DA:521,1
DA:522,1
DA:524,1
DA:525,1
DA:526,1
DA:527,1
DA:529,1
DA:530,1
DA:533,1
DA:534,1
DA:535,1
DA:536,1
DA:537,1
DA:539,1
DA:540,1
DA:541,1
DA:542,1
DA:544,1
DA:545,1
DA:546,1
DA:547,1
DA:548,1
DA:551,1
DA:552,1
DA:553,1
DA:554,1
DA:555,1
DA:557,1
DA:558,1
DA:559,1
DA:560,1
DA:562,1
DA:563,1
DA:564,1
DA:565,1
DA:568,1
DA:569,1
DA:570,1
DA:571,1
DA:572,1
DA:573,1
DA:574,1
DA:575,1
DA:577,1
DA:578,1
DA:579,1
DA:580,1
DA:582,1
DA:583,1
DA:584,1
DA:585,1
DA:586,1
DA:589,1
DA:590,1
DA:591,1
DA:592,1
DA:593,1
DA:594,1
DA:595,1
DA:596,1
DA:597,1
DA:599,1
DA:600,1
DA:601,1
DA:602,1
DA:603,1
DA:604,1
DA:605,1
DA:608,1
DA:609,1
DA:610,1
DA:612,1
DA:613,1
DA:614,1
DA:617,1
DA:618,1
DA:620,1
DA:621,1
DA:622,1
DA:623,1
DA:625,1
DA:626,1
DA:629,1
DA:630,1
DA:631,1
DA:633,1
DA:634,1
DA:635,1
DA:636,1
DA:638,1
DA:639,1
DA:642,1
DA:643,1
DA:644,1
DA:646,1
DA:648,1
DA:649,1
DA:652,1
DA:653,1
DA:654,1
DA:656,1
DA:657,1
DA:660,1
DA:661,1
DA:662,1
DA:663,1
DA:664,1
DA:665,1
DA:666,1
DA:669,1
DA:670,1
DA:671,1
DA:672,1
DA:673,1
DA:674,1
DA:675,1
DA:677,1
DA:678,1
DA:680,1
DA:681,1
DA:682,1
DA:683,1
DA:684,1
DA:686,1
DA:687,1
DA:688,1
DA:689,1
DA:692,1
DA:693,1
DA:694,200
DA:695,200
DA:696,200
DA:697,200
DA:698,200
DA:699,200
DA:700,200
DA:702,1
DA:703,1
DA:704,1
DA:706,1
DA:707,1
DA:708,1
DA:709,1
DA:710,1
DA:712,1
DA:713,1
DA:715,0
DA:717,1
DA:718,1
DA:719,1
DA:720,1
DA:721,1
DA:724,1
DA:725,1
DA:726,1
DA:727,1
DA:728,1
DA:729,1
DA:730,1
DA:733,1
DA:734,1
DA:735,1
DA:736,1
DA:737,1
DA:739,1
DA:741,1
DA:742,1
DA:743,1
DA:744,1
DA:745,1
DA:746,1
DA:748,1
DA:749,1
DA:750,1
DA:751,1
DA:752,1
DA:753,1
DA:756,1
DA:757,1
DA:758,20
DA:759,20
DA:760,20
DA:762,1
DA:763,1
DA:764,1
DA:765,1
DA:766,1
DA:767,1
DA:771,1
DA:772,1
DA:773,1
DA:774,1
DA:777,1
DA:781,1
DA:782,1
DA:784,1
DA:785,1
DA:786,1
DA:788,1
DA:790,1
DA:791,1
DA:795,1
DA:796,1
BRF:0
BRH:0
LF:449
LH:425
end_of_record
SF:/Users/kangzengchen/source/buka/buka-works/phi-kernel-tools/src/file/mod.rs
FN:34,_RNvNtCsk9y6mteqSET_16phi_kernel_tools4file12resolve_path
FN:50,_RNCNvNtCsk9y6mteqSET_16phi_kernel_tools4file12resolve_path0B5_
FN:34,_RNvNtCslCT81iVnT6Y_16phi_kernel_tools4file12resolve_path
FN:50,_RNCNvNtCslCT81iVnT6Y_16phi_kernel_tools4file12resolve_path0B5_
FNDA:0,_RNvNtCsk9y6mteqSET_16phi_kernel_tools4file12resolve_path
FNDA:0,_RNCNvNtCsk9y6mteqSET_16phi_kernel_tools4file12resolve_path0B5_
FNDA:28,_RNvNtCslCT81iVnT6Y_16phi_kernel_tools4file12resolve_path
FNDA:0,_RNCNvNtCslCT81iVnT6Y_16phi_kernel_tools4file12resolve_path0B5_
FNF:2
FNH:1
DA:34,28
DA:35,28
DA:36,28
DA:37,0
DA:38,28
DA:40,28
DA:41,28
DA:42,2
DA:44,26
DA:47,28
DA:48,21
DA:49,21
DA:50,21
DA:52,7
DA:54,28
BRF:0
BRH:0
LF:16
LH:14
end_of_record
SF:/Users/kangzengchen/source/buka/buka-works/phi-kernel-tools/src/file/read_file.rs
FN:96,_RNCNCNvXs_NtNtCsk9y6mteqSET_16phi_kernel_tools4file9read_fileNtB8_12ReadFileToolNtNtCscZ596kT2lAr_10agent_base4tool4Tool4call00Bc_
FN:21,_RNvMNtNtCsk9y6mteqSET_16phi_kernel_tools4file9read_fileNtB2_12ReadFileTool3new
FN:32,_RNvXs_NtNtCsk9y6mteqSET_16phi_kernel_tools4file9read_fileNtB4_12ReadFileToolNtNtCscZ596kT2lAr_10agent_base4tool4Tool11description
FN:77,_RNvXs_NtNtCsk9y6mteqSET_16phi_kernel_tools4file9read_fileNtB4_12ReadFileToolNtNtCscZ596kT2lAr_10agent_base4tool4Tool4call
FN:28,_RNvXs_NtNtCsk9y6mteqSET_16phi_kernel_tools4file9read_fileNtB4_12ReadFileToolNtNtCscZ596kT2lAr_10agent_base4tool4Tool4name
FN:36,_RNvXs_NtNtCsk9y6mteqSET_16phi_kernel_tools4file9read_fileNtB4_12ReadFileToolNtNtCscZ596kT2lAr_10agent_base4tool4Tool6schema
FN:67,_RNvXs_NtNtCsk9y6mteqSET_16phi_kernel_tools4file9read_fileNtB4_12ReadFileToolNtNtCscZ596kT2lAr_10agent_base4tool4Tool8metadata
FN:220,_RNvNtNtNtCslCT81iVnT6Y_16phi_kernel_tools4file9read_file5tests10crate_root
FN:224,_RNvNtNtNtCslCT81iVnT6Y_16phi_kernel_tools4file9read_file5tests3ctx
FN:228,_RNvNtNtNtCslCT81iVnT6Y_16phi_kernel_tools4file9read_file5tests4text
FN:248,_RNvNtNtNtCslCT81iVnT6Y_16phi_kernel_tools4file9read_file5testss_19read_file_not_found
FN:238,_RNvNtNtNtCslCT81iVnT6Y_16phi_kernel_tools4file9read_file5testss_25read_file_returns_content
FN:32,_RNvXs_NtNtCslCT81iVnT6Y_16phi_kernel_tools4file9read_fileNtB4_12ReadFileToolNtNtCscZ596kT2lAr_10agent_base4tool4Tool11description
FN:28,_RNvXs_NtNtCslCT81iVnT6Y_16phi_kernel_tools4file9read_fileNtB4_12ReadFileToolNtNtCscZ596kT2lAr_10agent_base4tool4Tool4name
FN:36,_RNvXs_NtNtCslCT81iVnT6Y_16phi_kernel_tools4file9read_fileNtB4_12ReadFileToolNtNtCscZ596kT2lAr_10agent_base4tool4Tool6schema
FN:67,_RNvXs_NtNtCslCT81iVnT6Y_16phi_kernel_tools4file9read_fileNtB4_12ReadFileToolNtNtCscZ596kT2lAr_10agent_base4tool4Tool8metadata
FN:96,_RNCNCNvXs_NtNtCslCT81iVnT6Y_16phi_kernel_tools4file9read_fileNtB8_12ReadFileToolNtNtCscZ596kT2lAr_10agent_base4tool4Tool4call00Bc_
FN:248,_RNCNvNtNtNtCslCT81iVnT6Y_16phi_kernel_tools4file9read_file5testss_19read_file_not_found0B9_
FN:238,_RNCNvNtNtNtCslCT81iVnT6Y_16phi_kernel_tools4file9read_file5testss_25read_file_returns_content0B9_
FN:21,_RNvMNtNtCslCT81iVnT6Y_16phi_kernel_tools4file9read_fileNtB2_12ReadFileTool3new
FN:77,_RNvXs_NtNtCslCT81iVnT6Y_16phi_kernel_tools4file9read_fileNtB4_12ReadFileToolNtNtCscZ596kT2lAr_10agent_base4tool4Tool4call
FNDA:0,_RNCNCNvXs_NtNtCsk9y6mteqSET_16phi_kernel_tools4file9read_fileNtB8_12ReadFileToolNtNtCscZ596kT2lAr_10agent_base4tool4Tool4call00Bc_
FNDA:0,_RNvMNtNtCsk9y6mteqSET_16phi_kernel_tools4file9read_fileNtB2_12ReadFileTool3new
FNDA:0,_RNvXs_NtNtCsk9y6mteqSET_16phi_kernel_tools4file9read_fileNtB4_12ReadFileToolNtNtCscZ596kT2lAr_10agent_base4tool4Tool11description
FNDA:0,_RNvXs_NtNtCsk9y6mteqSET_16phi_kernel_tools4file9read_fileNtB4_12ReadFileToolNtNtCscZ596kT2lAr_10agent_base4tool4Tool4call
FNDA:0,_RNvXs_NtNtCsk9y6mteqSET_16phi_kernel_tools4file9read_fileNtB4_12ReadFileToolNtNtCscZ596kT2lAr_10agent_base4tool4Tool4name
FNDA:0,_RNvXs_NtNtCsk9y6mteqSET_16phi_kernel_tools4file9read_fileNtB4_12ReadFileToolNtNtCscZ596kT2lAr_10agent_base4tool4Tool6schema
FNDA:0,_RNvXs_NtNtCsk9y6mteqSET_16phi_kernel_tools4file9read_fileNtB4_12ReadFileToolNtNtCscZ596kT2lAr_10agent_base4tool4Tool8metadata
FNDA:2,_RNvNtNtNtCslCT81iVnT6Y_16phi_kernel_tools4file9read_file5tests10crate_root
FNDA:2,_RNvNtNtNtCslCT81iVnT6Y_16phi_kernel_tools4file9read_file5tests3ctx
FNDA:2,_RNvNtNtNtCslCT81iVnT6Y_16phi_kernel_tools4file9read_file5tests4text
FNDA:1,_RNvNtNtNtCslCT81iVnT6Y_16phi_kernel_tools4file9read_file5testss_19read_file_not_found
FNDA:1,_RNvNtNtNtCslCT81iVnT6Y_16phi_kernel_tools4file9read_file5testss_25read_file_returns_content
FNDA:0,_RNvXs_NtNtCslCT81iVnT6Y_16phi_kernel_tools4file9read_fileNtB4_12ReadFileToolNtNtCscZ596kT2lAr_10agent_base4tool4Tool11description
FNDA:0,_RNvXs_NtNtCslCT81iVnT6Y_16phi_kernel_tools4file9read_fileNtB4_12ReadFileToolNtNtCscZ596kT2lAr_10agent_base4tool4Tool4name
FNDA:0,_RNvXs_NtNtCslCT81iVnT6Y_16phi_kernel_tools4file9read_fileNtB4_12ReadFileToolNtNtCscZ596kT2lAr_10agent_base4tool4Tool6schema
FNDA:0,_RNvXs_NtNtCslCT81iVnT6Y_16phi_kernel_tools4file9read_fileNtB4_12ReadFileToolNtNtCscZ596kT2lAr_10agent_base4tool4Tool8metadata
FNDA:0,_RNCNCNvXs_NtNtCslCT81iVnT6Y_16phi_kernel_tools4file9read_fileNtB8_12ReadFileToolNtNtCscZ596kT2lAr_10agent_base4tool4Tool4call00Bc_
FNDA:1,_RNCNvNtNtNtCslCT81iVnT6Y_16phi_kernel_tools4file9read_file5testss_19read_file_not_found0B9_
FNDA:1,_RNCNvNtNtNtCslCT81iVnT6Y_16phi_kernel_tools4file9read_file5testss_25read_file_returns_content0B9_
FNDA:2,_RNvMNtNtCslCT81iVnT6Y_16phi_kernel_tools4file9read_fileNtB2_12ReadFileTool3new
FNDA:2,_RNvXs_NtNtCslCT81iVnT6Y_16phi_kernel_tools4file9read_fileNtB4_12ReadFileToolNtNtCscZ596kT2lAr_10agent_base4tool4Tool4call
FNF:14
FNH:9
DA:21,2
DA:22,2
DA:23,2
DA:28,0
DA:29,0
DA:30,0
DA:32,0
DA:33,0
DA:34,0
DA:36,0
DA:37,0
DA:38,0
DA:39,0
DA:40,0
DA:41,0
DA:42,0
DA:45,0
DA:46,0
DA:47,0
DA:48,0
DA:49,0
DA:52,0
DA:53,0
DA:54,0
DA:55,0
DA:56,0
DA:60,0
DA:61,0
DA:62,0
DA:63,0
DA:65,0
DA:67,0
DA:68,0
DA:69,0
DA:70,0
DA:71,0
DA:72,0
DA:73,0
DA:74,0
DA:75,0
DA:77,2
DA:96,0
DA:170,2
DA:213,2
DA:220,2
DA:221,2
DA:222,2
DA:224,2
DA:225,2
DA:226,2
DA:228,2
DA:229,2
DA:230,2
DA:231,0
DA:233,2
DA:238,1
DA:239,1
DA:240,1
DA:241,1
DA:242,1
DA:243,1
DA:244,1
DA:245,1
DA:248,1
DA:249,1
DA:250,1
DA:251,1
DA:252,1
DA:253,1
DA:254,1
DA:255,1
BRF:0
BRH:0
LF:75
LH:36
end_of_record
SF:/Users/kangzengchen/source/buka/buka-works/phi-kernel-tools/src/file/write_file.rs
FN:32,_RNvXs_NtNtCslCT81iVnT6Y_16phi_kernel_tools4file10write_fileNtB4_13WriteFileToolNtNtCscZ596kT2lAr_10agent_base4tool4Tool11description
FN:21,_RNvMNtNtCslCT81iVnT6Y_16phi_kernel_tools4file10write_fileNtB2_13WriteFileTool3new
FN:69,_RNvXs_NtNtCslCT81iVnT6Y_16phi_kernel_tools4file10write_fileNtB4_13WriteFileToolNtNtCscZ596kT2lAr_10agent_base4tool4Tool4call
FN:28,_RNvXs_NtNtCslCT81iVnT6Y_16phi_kernel_tools4file10write_fileNtB4_13WriteFileToolNtNtCscZ596kT2lAr_10agent_base4tool4Tool4name
FN:36,_RNvXs_NtNtCslCT81iVnT6Y_16phi_kernel_tools4file10write_fileNtB4_13WriteFileToolNtNtCscZ596kT2lAr_10agent_base4tool4Tool6schema
FN:57,_RNvXs_NtNtCslCT81iVnT6Y_16phi_kernel_tools4file10write_fileNtB4_13WriteFileToolNtNtCscZ596kT2lAr_10agent_base4tool4Tool8metadata
FN:180,_RNvNtNtNtCslCT81iVnT6Y_16phi_kernel_tools4file10write_file5tests20setup_temp_workspace
FN:176,_RNvNtNtNtCslCT81iVnT6Y_16phi_kernel_tools4file10write_file5tests9dummy_ctx
FN:351,_RNvNtNtNtCslCT81iVnT6Y_16phi_kernel_tools4file10write_file5testss_13test_metadata
FN:187,_RNvNtNtNtCslCT81iVnT6Y_16phi_kernel_tools4file10write_file5testss_22test_write_file_create
FN:279,_RNvNtNtNtCslCT81iVnT6Y_16phi_kernel_tools4file10write_file5testss_23test_write_file_no_path
FN:338,_RNvNtNtNtCslCT81iVnT6Y_16phi_kernel_tools4file10write_file5testss_24test_name_and_definition
FN:323,_RNvNtNtNtCslCT81iVnT6Y_16phi_kernel_tools4file10write_file5testss_29test_write_file_empty_content
FN:227,_RNvNtNtNtCslCT81iVnT6Y_16phi_kernel_tools4file10write_file5testss_30test_write_file_overwrite_true
FN:310,_RNvNtNtNtCslCT81iVnT6Y_16phi_kernel_tools4file10write_file5testss_32test_write_to_directory_rejected
FN:263,_RNvNtNtNtCslCT81iVnT6Y_16phi_kernel_tools4file10write_file5testss_33test_write_file_content_too_large
FN:247,_RNvNtNtNtCslCT81iVnT6Y_16phi_kernel_tools4file10write_file5testss_35test_write_file_creates_parent_dirs
FN:206,_RNvNtNtNtCslCT81iVnT6Y_16phi_kernel_tools4file10write_file5testss_42test_write_file_overwrite_false_by_default
FN:291,_RNvNtNtNtCslCT81iVnT6Y_16phi_kernel_tools4file10write_file5testss_47test_write_file_absolute_path_outside_workspace
FN:345,_RNCNCNvNtNtNtCslCT81iVnT6Y_16phi_kernel_tools4file10write_file5testss_24test_name_and_definition00Bb_
FN:351,_RNCNvNtNtNtCslCT81iVnT6Y_16phi_kernel_tools4file10write_file5testss_13test_metadata0B9_
FN:187,_RNCNvNtNtNtCslCT81iVnT6Y_16phi_kernel_tools4file10write_file5testss_22test_write_file_create0B9_
FN:279,_RNCNvNtNtNtCslCT81iVnT6Y_16phi_kernel_tools4file10write_file5testss_23test_write_file_no_path0B9_
FN:338,_RNCNvNtNtNtCslCT81iVnT6Y_16phi_kernel_tools4file10write_file5testss_24test_name_and_definition0B9_
FN:323,_RNCNvNtNtNtCslCT81iVnT6Y_16phi_kernel_tools4file10write_file5testss_29test_write_file_empty_content0B9_
FN:227,_RNCNvNtNtNtCslCT81iVnT6Y_16phi_kernel_tools4file10write_file5testss_30test_write_file_overwrite_true0B9_
FN:310,_RNCNvNtNtNtCslCT81iVnT6Y_16phi_kernel_tools4file10write_file5testss_32test_write_to_directory_rejected0B9_
FN:263,_RNCNvNtNtNtCslCT81iVnT6Y_16phi_kernel_tools4file10write_file5testss_33test_write_file_content_too_large0B9_
FN:247,_RNCNvNtNtNtCslCT81iVnT6Y_16phi_kernel_tools4file10write_file5testss_35test_write_file_creates_parent_dirs0B9_
FN:206,_RNCNvNtNtNtCslCT81iVnT6Y_16phi_kernel_tools4file10write_file5testss_42test_write_file_overwrite_false_by_default0B9_
FN:291,_RNCNvNtNtNtCslCT81iVnT6Y_16phi_kernel_tools4file10write_file5testss_47test_write_file_absolute_path_outside_workspace0B9_
FNDA:0,_RNvXs_NtNtCslCT81iVnT6Y_16phi_kernel_tools4file10write_fileNtB4_13WriteFileToolNtNtCscZ596kT2lAr_10agent_base4tool4Tool11description
FNDA:11,_RNvMNtNtCslCT81iVnT6Y_16phi_kernel_tools4file10write_fileNtB2_13WriteFileTool3new
FNDA:9,_RNvXs_NtNtCslCT81iVnT6Y_16phi_kernel_tools4file10write_fileNtB4_13WriteFileToolNtNtCscZ596kT2lAr_10agent_base4tool4Tool4call
FNDA:2,_RNvXs_NtNtCslCT81iVnT6Y_16phi_kernel_tools4file10write_fileNtB4_13WriteFileToolNtNtCscZ596kT2lAr_10agent_base4tool4Tool4name
FNDA:1,_RNvXs_NtNtCslCT81iVnT6Y_16phi_kernel_tools4file10write_fileNtB4_13WriteFileToolNtNtCscZ596kT2lAr_10agent_base4tool4Tool6schema
FNDA:1,_RNvXs_NtNtCslCT81iVnT6Y_16phi_kernel_tools4file10write_fileNtB4_13WriteFileToolNtNtCscZ596kT2lAr_10agent_base4tool4Tool8metadata
FNDA:9,_RNvNtNtNtCslCT81iVnT6Y_16phi_kernel_tools4file10write_file5tests20setup_temp_workspace
FNDA:9,_RNvNtNtNtCslCT81iVnT6Y_16phi_kernel_tools4file10write_file5tests9dummy_ctx
FNDA:1,_RNvNtNtNtCslCT81iVnT6Y_16phi_kernel_tools4file10write_file5testss_13test_metadata
FNDA:1,_RNvNtNtNtCslCT81iVnT6Y_16phi_kernel_tools4file10write_file5testss_22test_write_file_create
FNDA:1,_RNvNtNtNtCslCT81iVnT6Y_16phi_kernel_tools4file10write_file5testss_23test_write_file_no_path
FNDA:1,_RNvNtNtNtCslCT81iVnT6Y_16phi_kernel_tools4file10write_file5testss_24test_name_and_definition
FNDA:1,_RNvNtNtNtCslCT81iVnT6Y_16phi_kernel_tools4file10write_file5testss_29test_write_file_empty_content
FNDA:1,_RNvNtNtNtCslCT81iVnT6Y_16phi_kernel_tools4file10write_file5testss_30test_write_file_overwrite_true
FNDA:1,_RNvNtNtNtCslCT81iVnT6Y_16phi_kernel_tools4file10write_file5testss_32test_write_to_directory_rejected
FNDA:1,_RNvNtNtNtCslCT81iVnT6Y_16phi_kernel_tools4file10write_file5testss_33test_write_file_content_too_large
FNDA:1,_RNvNtNtNtCslCT81iVnT6Y_16phi_kernel_tools4file10write_file5testss_35test_write_file_creates_parent_dirs
FNDA:1,_RNvNtNtNtCslCT81iVnT6Y_16phi_kernel_tools4file10write_file5testss_42test_write_file_overwrite_false_by_default
FNDA:1,_RNvNtNtNtCslCT81iVnT6Y_16phi_kernel_tools4file10write_file5testss_47test_write_file_absolute_path_outside_workspace
FNDA:2,_RNCNCNvNtNtNtCslCT81iVnT6Y_16phi_kernel_tools4file10write_file5testss_24test_name_and_definition00Bb_
FNDA:1,_RNCNvNtNtNtCslCT81iVnT6Y_16phi_kernel_tools4file10write_file5testss_13test_metadata0B9_
FNDA:1,_RNCNvNtNtNtCslCT81iVnT6Y_16phi_kernel_tools4file10write_file5testss_22test_write_file_create0B9_
FNDA:1,_RNCNvNtNtNtCslCT81iVnT6Y_16phi_kernel_tools4file10write_file5testss_23test_write_file_no_path0B9_
FNDA:1,_RNCNvNtNtNtCslCT81iVnT6Y_16phi_kernel_tools4file10write_file5testss_24test_name_and_definition0B9_
FNDA:1,_RNCNvNtNtNtCslCT81iVnT6Y_16phi_kernel_tools4file10write_file5testss_29test_write_file_empty_content0B9_
FNDA:1,_RNCNvNtNtNtCslCT81iVnT6Y_16phi_kernel_tools4file10write_file5testss_30test_write_file_overwrite_true0B9_
FNDA:1,_RNCNvNtNtNtCslCT81iVnT6Y_16phi_kernel_tools4file10write_file5testss_32test_write_to_directory_rejected0B9_
FNDA:1,_RNCNvNtNtNtCslCT81iVnT6Y_16phi_kernel_tools4file10write_file5testss_33test_write_file_content_too_large0B9_
FNDA:1,_RNCNvNtNtNtCslCT81iVnT6Y_16phi_kernel_tools4file10write_file5testss_35test_write_file_creates_parent_dirs0B9_
FNDA:1,_RNCNvNtNtNtCslCT81iVnT6Y_16phi_kernel_tools4file10write_file5testss_42test_write_file_overwrite_false_by_default0B9_
FNDA:1,_RNCNvNtNtNtCslCT81iVnT6Y_16phi_kernel_tools4file10write_file5testss_47test_write_file_absolute_path_outside_workspace0B9_
FNF:31
FNH:30
DA:21,11
DA:22,11
DA:23,11
DA:28,2
DA:29,2
DA:30,2
DA:32,0
DA:33,0
DA:34,0
DA:36,1
DA:37,1
DA:38,1
DA:39,1
DA:40,1
DA:41,1
DA:42,1
DA:44,1
DA:45,1
DA:46,1
DA:48,1
DA:49,1
DA:50,1
DA:53,1
DA:55,1
DA:57,1
DA:58,1
DA:59,1
DA:60,1
DA:61,1
DA:62,1
DA:63,1
DA:64,1
DA:65,1
DA:66,1
DA:67,1
DA:69,9
DA:168,9
DA:176,9
DA:177,9
DA:178,9
DA:180,9
DA:181,9
DA:182,9
DA:183,9
DA:184,9
DA:187,1
DA:188,1
DA:190,1
DA:191,1
DA:192,1
DA:193,1
DA:194,1
DA:195,1
DA:196,1
DA:198,1
DA:199,1
DA:201,1
DA:202,1
DA:203,1
DA:206,1
DA:207,1
DA:208,1
DA:210,1
DA:211,1
DA:212,1
DA:213,1
DA:214,1
DA:215,1
DA:216,1
DA:218,1
DA:219,1
DA:222,1
DA:223,1
DA:224,1
DA:227,1
DA:228,1
DA:229,1
DA:231,1
DA:232,1
DA:233,1
DA:234,1
DA:235,1
DA:236,1
DA:237,1
DA:239,1
DA:240,1
DA:242,1
DA:243,1
DA:244,1
DA:247,1
DA:248,1
DA:250,1
DA:251,1
DA:252,1
DA:253,1
DA:254,1
DA:255,1
DA:256,1
DA:258,1
DA:259,1
DA:260,1
DA:263,1
DA:264,1
DA:265,1
DA:267,1
DA:268,1
DA:269,1
DA:270,1
DA:271,1
DA:272,1
DA:273,1
DA:275,1
DA:276,1
DA:279,1
DA:280,1
DA:282,1
DA:283,1
DA:284,1
DA:285,1
DA:287,1
DA:288,1
DA:291,1
DA:292,1
DA:294,1
DA:295,1
DA:297,1
DA:298,1
DA:299,1
DA:300,1
DA:301,1
DA:302,1
DA:303,1
DA:305,1
DA:306,1
DA:307,1
DA:310,1
DA:311,1
DA:312,1
DA:314,1
DA:315,1
DA:316,1
DA:317,1
DA:319,1
DA:320,1
DA:323,1
DA:324,1
DA:326,1
DA:327,1
DA:328,1
DA:329,1
DA:331,1
DA:332,1
DA:333,1
DA:334,1
DA:335,1
DA:338,1
DA:339,1
DA:340,1
DA:342,1
DA:343,1
DA:344,1
DA:345,2
DA:346,1
DA:347,1
DA:348,1
DA:351,1
DA:352,1
DA:353,1
DA:354,1
DA:355,1
DA:356,1
DA:357,1
BRF:0
BRH:0
LF:195
LH:192
end_of_record
SF:/Users/kangzengchen/source/buka/buka-works/phi-kernel-tools/src/local_shell.rs
FN:18,_RNvMNtCsk9y6mteqSET_16phi_kernel_tools11local_shellNtB2_14LocalShellTool3new
FN:23,_RNvNtCsk9y6mteqSET_16phi_kernel_tools11local_shell13format_result
FN:72,_RNvNtCsk9y6mteqSET_16phi_kernel_tools11local_shell15truncate_output
FN:322,_RNvNtCsk9y6mteqSET_16phi_kernel_tools11local_shell18kill_process_group
FN:106,_RNvXs0_NtCsk9y6mteqSET_16phi_kernel_tools11local_shellNtB5_14LocalShellToolNtNtCscZ596kT2lAr_10agent_base4tool4Tool11description
FN:137,_RNvXs0_NtCsk9y6mteqSET_16phi_kernel_tools11local_shellNtB5_14LocalShellToolNtNtCscZ596kT2lAr_10agent_base4tool4Tool4call
FN:102,_RNvXs0_NtCsk9y6mteqSET_16phi_kernel_tools11local_shellNtB5_14LocalShellToolNtNtCscZ596kT2lAr_10agent_base4tool4Tool4name
FN:110,_RNvXs0_NtCsk9y6mteqSET_16phi_kernel_tools11local_shellNtB5_14LocalShellToolNtNtCscZ596kT2lAr_10agent_base4tool4Tool6schema
FN:127,_RNvXs0_NtCsk9y6mteqSET_16phi_kernel_tools11local_shellNtB5_14LocalShellToolNtNtCscZ596kT2lAr_10agent_base4tool4Tool8metadata
FN:360,_RNvXs_NtCsk9y6mteqSET_16phi_kernel_tools11local_shellNtB4_17ProcessGroupGuardNtNtNtCslWxY2MhVcag_4core3ops4drop4Drop4drop
FN:212,_RNCNCNvXs0_NtCsk9y6mteqSET_16phi_kernel_tools11local_shellNtB9_14LocalShellToolNtNtCscZ596kT2lAr_10agent_base4tool4Tool4call00Bb_
FN:223,_RNCNCNvXs0_NtCsk9y6mteqSET_16phi_kernel_tools11local_shellNtB9_14LocalShellToolNtNtCscZ596kT2lAr_10agent_base4tool4Tool4call0s_0Bb_
FN:18,_RNvMNtCslCT81iVnT6Y_16phi_kernel_tools11local_shellNtB2_14LocalShellTool3new
FN:23,_RNvNtCslCT81iVnT6Y_16phi_kernel_tools11local_shell13format_result
FN:72,_RNvNtCslCT81iVnT6Y_16phi_kernel_tools11local_shell15truncate_output
FN:322,_RNvNtCslCT81iVnT6Y_16phi_kernel_tools11local_shell18kill_process_group
FN:106,_RNvXs0_NtCslCT81iVnT6Y_16phi_kernel_tools11local_shellNtB5_14LocalShellToolNtNtCscZ596kT2lAr_10agent_base4tool4Tool11description
FN:137,_RNvXs0_NtCslCT81iVnT6Y_16phi_kernel_tools11local_shellNtB5_14LocalShellToolNtNtCscZ596kT2lAr_10agent_base4tool4Tool4call
FN:102,_RNvXs0_NtCslCT81iVnT6Y_16phi_kernel_tools11local_shellNtB5_14LocalShellToolNtNtCscZ596kT2lAr_10agent_base4tool4Tool4name
FN:110,_RNvXs0_NtCslCT81iVnT6Y_16phi_kernel_tools11local_shellNtB5_14LocalShellToolNtNtCscZ596kT2lAr_10agent_base4tool4Tool6schema
FN:127,_RNvXs0_NtCslCT81iVnT6Y_16phi_kernel_tools11local_shellNtB5_14LocalShellToolNtNtCscZ596kT2lAr_10agent_base4tool4Tool8metadata
FN:212,_RNCNCNvXs0_NtCslCT81iVnT6Y_16phi_kernel_tools11local_shellNtB9_14LocalShellToolNtNtCscZ596kT2lAr_10agent_base4tool4Tool4call00Bb_
FN:223,_RNCNCNvXs0_NtCslCT81iVnT6Y_16phi_kernel_tools11local_shellNtB9_14LocalShellToolNtNtCscZ596kT2lAr_10agent_base4tool4Tool4call0s_0Bb_
FN:534,_RNCNCNvNtNtCslCT81iVnT6Y_16phi_kernel_tools11local_shell5testss_35test_call_timeout_kills_descendants00B9_
FN:444,_RNCNvNtNtCslCT81iVnT6Y_16phi_kernel_tools11local_shell5testss_14test_call_echo0B7_
FN:489,_RNCNvNtNtCslCT81iVnT6Y_16phi_kernel_tools11local_shell5testss_17test_call_timeout0B7_
FN:474,_RNCNvNtNtCslCT81iVnT6Y_16phi_kernel_tools11local_shell5testss_21test_call_working_dir0B7_
FN:454,_RNCNvNtNtCslCT81iVnT6Y_16phi_kernel_tools11local_shell5testss_23test_call_empty_command0B7_
FN:464,_RNCNvNtNtCslCT81iVnT6Y_16phi_kernel_tools11local_shell5testss_25test_call_failing_command0B7_
FN:503,_RNCNvNtNtCslCT81iVnT6Y_16phi_kernel_tools11local_shell5testss_35test_call_timeout_kills_descendants0B7_
FN:562,_RNCNvNtNtCslCT81iVnT6Y_16phi_kernel_tools11local_shell5testss_37test_call_self_truncates_large_output0B7_
FN:552,_RNCNvNtNtCslCT81iVnT6Y_16phi_kernel_tools11local_shell5testss_40test_truncate_output_keeps_head_and_tail0B7_
FN:433,_RNvNtNtCslCT81iVnT6Y_16phi_kernel_tools11local_shell5testss_13test_metadata
FN:444,_RNvNtNtCslCT81iVnT6Y_16phi_kernel_tools11local_shell5testss_14test_call_echo
FN:422,_RNvNtNtCslCT81iVnT6Y_16phi_kernel_tools11local_shell5testss_15test_definition
FN:489,_RNvNtNtCslCT81iVnT6Y_16phi_kernel_tools11local_shell5testss_17test_call_timeout
FN:474,_RNvNtNtCslCT81iVnT6Y_16phi_kernel_tools11local_shell5testss_21test_call_working_dir
FN:454,_RNvNtNtCslCT81iVnT6Y_16phi_kernel_tools11local_shell5testss_23test_call_empty_command
FN:464,_RNvNtNtCslCT81iVnT6Y_16phi_kernel_tools11local_shell5testss_25test_call_failing_command
FN:403,_RNvNtNtCslCT81iVnT6Y_16phi_kernel_tools11local_shell5testss_26test_format_result_failure
FN:373,_RNvNtNtCslCT81iVnT6Y_16phi_kernel_tools11local_shell5testss_26test_format_result_success
FN:410,_RNvNtNtCslCT81iVnT6Y_16phi_kernel_tools11local_shell5testss_26test_format_result_timeout
FN:397,_RNvNtNtCslCT81iVnT6Y_16phi_kernel_tools11local_shell5testss_28test_format_result_no_output
FN:391,_RNvNtNtCslCT81iVnT6Y_16phi_kernel_tools11local_shell5testss_29test_format_result_terminated
FN:379,_RNvNtNtCslCT81iVnT6Y_16phi_kernel_tools11local_shell5testss_30test_format_result_stderr_only
FN:503,_RNvNtNtCslCT81iVnT6Y_16phi_kernel_tools11local_shell5testss_35test_call_timeout_kills_descendants
FN:385,_RNvNtNtCslCT81iVnT6Y_16phi_kernel_tools11local_shell5testss_36test_format_result_stdout_and_stderr
FN:562,_RNvNtNtCslCT81iVnT6Y_16phi_kernel_tools11local_shell5testss_37test_call_self_truncates_large_output
FN:551,_RNvNtNtCslCT81iVnT6Y_16phi_kernel_tools11local_shell5testss_40test_truncate_output_keeps_head_and_tail
FN:545,_RNvNtNtCslCT81iVnT6Y_16phi_kernel_tools11local_shell5testss_48test_truncate_output_unchanged_when_under_budget
FN:416,_RNvNtNtCslCT81iVnT6Y_16phi_kernel_tools11local_shell5testss_9test_name
FN:360,_RNvXs_NtCslCT81iVnT6Y_16phi_kernel_tools11local_shellNtB4_17ProcessGroupGuardNtNtNtCslWxY2MhVcag_4core3ops4drop4Drop4drop
FNDA:0,_RNvMNtCsk9y6mteqSET_16phi_kernel_tools11local_shellNtB2_14LocalShellTool3new
FNDA:0,_RNvNtCsk9y6mteqSET_16phi_kernel_tools11local_shell13format_result
FNDA:0,_RNvNtCsk9y6mteqSET_16phi_kernel_tools11local_shell15truncate_output
FNDA:0,_RNvNtCsk9y6mteqSET_16phi_kernel_tools11local_shell18kill_process_group
FNDA:0,_RNvXs0_NtCsk9y6mteqSET_16phi_kernel_tools11local_shellNtB5_14LocalShellToolNtNtCscZ596kT2lAr_10agent_base4tool4Tool11description
FNDA:0,_RNvXs0_NtCsk9y6mteqSET_16phi_kernel_tools11local_shellNtB5_14LocalShellToolNtNtCscZ596kT2lAr_10agent_base4tool4Tool4call
FNDA:0,_RNvXs0_NtCsk9y6mteqSET_16phi_kernel_tools11local_shellNtB5_14LocalShellToolNtNtCscZ596kT2lAr_10agent_base4tool4Tool4name
FNDA:0,_RNvXs0_NtCsk9y6mteqSET_16phi_kernel_tools11local_shellNtB5_14LocalShellToolNtNtCscZ596kT2lAr_10agent_base4tool4Tool6schema
FNDA:0,_RNvXs0_NtCsk9y6mteqSET_16phi_kernel_tools11local_shellNtB5_14LocalShellToolNtNtCscZ596kT2lAr_10agent_base4tool4Tool8metadata
FNDA:0,_RNvXs_NtCsk9y6mteqSET_16phi_kernel_tools11local_shellNtB4_17ProcessGroupGuardNtNtNtCslWxY2MhVcag_4core3ops4drop4Drop4drop
FNDA:0,_RNCNCNvXs0_NtCsk9y6mteqSET_16phi_kernel_tools11local_shellNtB9_14LocalShellToolNtNtCscZ596kT2lAr_10agent_base4tool4Tool4call00Bb_
FNDA:0,_RNCNCNvXs0_NtCsk9y6mteqSET_16phi_kernel_tools11local_shellNtB9_14LocalShellToolNtNtCscZ596kT2lAr_10agent_base4tool4Tool4call0s_0Bb_
FNDA:10,_RNvMNtCslCT81iVnT6Y_16phi_kernel_tools11local_shellNtB2_14LocalShellTool3new
FNDA:268,_RNvNtCslCT81iVnT6Y_16phi_kernel_tools11local_shell13format_result
FNDA:778,_RNvNtCslCT81iVnT6Y_16phi_kernel_tools11local_shell15truncate_output
FNDA:4,_RNvNtCslCT81iVnT6Y_16phi_kernel_tools11local_shell18kill_process_group
FNDA:1,_RNvXs0_NtCslCT81iVnT6Y_16phi_kernel_tools11local_shellNtB5_14LocalShellToolNtNtCscZ596kT2lAr_10agent_base4tool4Tool11description
FNDA:7,_RNvXs0_NtCslCT81iVnT6Y_16phi_kernel_tools11local_shellNtB5_14LocalShellToolNtNtCscZ596kT2lAr_10agent_base4tool4Tool4call
FNDA:3,_RNvXs0_NtCslCT81iVnT6Y_16phi_kernel_tools11local_shellNtB5_14LocalShellToolNtNtCscZ596kT2lAr_10agent_base4tool4Tool4name
FNDA:1,_RNvXs0_NtCslCT81iVnT6Y_16phi_kernel_tools11local_shellNtB5_14LocalShellToolNtNtCscZ596kT2lAr_10agent_base4tool4Tool6schema
FNDA:1,_RNvXs0_NtCslCT81iVnT6Y_16phi_kernel_tools11local_shellNtB5_14LocalShellToolNtNtCscZ596kT2lAr_10agent_base4tool4Tool8metadata
FNDA:6,_RNCNCNvXs0_NtCslCT81iVnT6Y_16phi_kernel_tools11local_shellNtB9_14LocalShellToolNtNtCscZ596kT2lAr_10agent_base4tool4Tool4call00Bb_
FNDA:6,_RNCNCNvXs0_NtCslCT81iVnT6Y_16phi_kernel_tools11local_shellNtB9_14LocalShellToolNtNtCscZ596kT2lAr_10agent_base4tool4Tool4call0s_0Bb_
FNDA:1,_RNCNCNvNtNtCslCT81iVnT6Y_16phi_kernel_tools11local_shell5testss_35test_call_timeout_kills_descendants00B9_
FNDA:1,_RNCNvNtNtCslCT81iVnT6Y_16phi_kernel_tools11local_shell5testss_14test_call_echo0B7_
FNDA:1,_RNCNvNtNtCslCT81iVnT6Y_16phi_kernel_tools11local_shell5testss_17test_call_timeout0B7_
FNDA:1,_RNCNvNtNtCslCT81iVnT6Y_16phi_kernel_tools11local_shell5testss_21test_call_working_dir0B7_
FNDA:1,_RNCNvNtNtCslCT81iVnT6Y_16phi_kernel_tools11local_shell5testss_23test_call_empty_command0B7_
FNDA:1,_RNCNvNtNtCslCT81iVnT6Y_16phi_kernel_tools11local_shell5testss_25test_call_failing_command0B7_
FNDA:1,_RNCNvNtNtCslCT81iVnT6Y_16phi_kernel_tools11local_shell5testss_35test_call_timeout_kills_descendants0B7_
FNDA:1,_RNCNvNtNtCslCT81iVnT6Y_16phi_kernel_tools11local_shell5testss_37test_call_self_truncates_large_output0B7_
FNDA:1000,_RNCNvNtNtCslCT81iVnT6Y_16phi_kernel_tools11local_shell5testss_40test_truncate_output_keeps_head_and_tail0B7_
FNDA:1,_RNvNtNtCslCT81iVnT6Y_16phi_kernel_tools11local_shell5testss_13test_metadata
FNDA:1,_RNvNtNtCslCT81iVnT6Y_16phi_kernel_tools11local_shell5testss_14test_call_echo
FNDA:1,_RNvNtNtCslCT81iVnT6Y_16phi_kernel_tools11local_shell5testss_15test_definition
FNDA:1,_RNvNtNtCslCT81iVnT6Y_16phi_kernel_tools11local_shell5testss_17test_call_timeout
FNDA:1,_RNvNtNtCslCT81iVnT6Y_16phi_kernel_tools11local_shell5testss_21test_call_working_dir
FNDA:1,_RNvNtNtCslCT81iVnT6Y_16phi_kernel_tools11local_shell5testss_23test_call_empty_command
FNDA:1,_RNvNtNtCslCT81iVnT6Y_16phi_kernel_tools11local_shell5testss_25test_call_failing_command
FNDA:1,_RNvNtNtCslCT81iVnT6Y_16phi_kernel_tools11local_shell5testss_26test_format_result_failure
FNDA:1,_RNvNtNtCslCT81iVnT6Y_16phi_kernel_tools11local_shell5testss_26test_format_result_success
FNDA:1,_RNvNtNtCslCT81iVnT6Y_16phi_kernel_tools11local_shell5testss_26test_format_result_timeout
FNDA:1,_RNvNtNtCslCT81iVnT6Y_16phi_kernel_tools11local_shell5testss_28test_format_result_no_output
FNDA:1,_RNvNtNtCslCT81iVnT6Y_16phi_kernel_tools11local_shell5testss_29test_format_result_terminated
FNDA:1,_RNvNtNtCslCT81iVnT6Y_16phi_kernel_tools11local_shell5testss_30test_format_result_stderr_only
FNDA:1,_RNvNtNtCslCT81iVnT6Y_16phi_kernel_tools11local_shell5testss_35test_call_timeout_kills_descendants
FNDA:1,_RNvNtNtCslCT81iVnT6Y_16phi_kernel_tools11local_shell5testss_36test_format_result_stdout_and_stderr
FNDA:1,_RNvNtNtCslCT81iVnT6Y_16phi_kernel_tools11local_shell5testss_37test_call_self_truncates_large_output
FNDA:1,_RNvNtNtCslCT81iVnT6Y_16phi_kernel_tools11local_shell5testss_40test_truncate_output_keeps_head_and_tail
FNDA:1,_RNvNtNtCslCT81iVnT6Y_16phi_kernel_tools11local_shell5testss_48test_truncate_output_unchanged_when_under_budget
FNDA:1,_RNvNtNtCslCT81iVnT6Y_16phi_kernel_tools11local_shell5testss_9test_name
FNDA:6,_RNvXs_NtCslCT81iVnT6Y_16phi_kernel_tools11local_shellNtB4_17ProcessGroupGuardNtNtNtCslWxY2MhVcag_4core3ops4drop4Drop4drop
FNF:40
FNH:40
DA:18,10
DA:19,10
DA:20,10
DA:23,268
DA:24,268
DA:25,268
DA:26,268
DA:27,268
DA:28,268
DA:29,268
DA:30,268
DA:31,268
DA:33,268
DA:34,123
DA:37,123
DA:38,123
DA:40,145
DA:42,145
DA:43,7
DA:44,1
DA:45,4
DA:46,1
DA:47,1
DA:49,69
DA:53,69
DA:54,69
DA:56,69
DA:59,69
DA:60,69
DA:63,268
DA:72,778
DA:73,778
DA:74,4
DA:76,774
DA:77,774
DA:78,759
DA:79,15
DA:83,15
DA:84,15
DA:85,15
DA:87,15
DA:88,15
DA:89,15
DA:90,15
DA:91,15
DA:92,15
DA:93,15
DA:94,15
DA:95,15
DA:97,15
DA:98,778
DA:102,3
DA:103,3
DA:104,3
DA:106,1
DA:107,1
DA:108,1
DA:110,1
DA:111,1
DA:112,1
DA:113,1
DA:114,1
DA:115,1
DA:116,1
DA:118,1
DA:119,1
DA:120,1
DA:123,1
DA:125,1
DA:127,1
DA:128,1
DA:129,1
DA:130,1
DA:131,1
DA:132,1
DA:133,1
DA:134,1
DA:135,1
DA:137,7
DA:212,6
DA:213,6
DA:214,1008
DA:215,1002
DA:216,0
DA:217,1002
DA:219,4
DA:223,6
DA:224,6
DA:225,6
DA:226,0
DA:227,0
DA:228,0
DA:230,4
DA:307,7
DA:322,4
DA:323,4
DA:328,4
DA:329,4
DA:330,4
DA:331,4
DA:360,6
DA:361,6
DA:362,2
DA:363,4
DA:364,6
DA:373,1
DA:374,1
DA:375,1
DA:376,1
DA:379,1
DA:380,1
DA:381,1
DA:382,1
DA:385,1
DA:386,1
DA:387,1
DA:388,1
DA:391,1
DA:392,1
DA:393,1
DA:394,1
DA:397,1
DA:398,1
DA:399,1
DA:400,1
DA:403,1
DA:404,1
DA:405,1
DA:406,1
DA:407,1
DA:410,1
DA:411,1
DA:412,1
DA:413,1
DA:416,1
DA:417,1
DA:418,1
DA:419,1
DA:422,1
DA:423,1
DA:424,1
DA:425,1
[...]
FN:317,_RNvNtNtCslCT81iVnT6Y_16phi_kernel_tools11multi_agent5testss_30test_followup_task_nonexistent
FN:182,_RNvNtNtCslCT81iVnT6Y_16phi_kernel_tools11multi_agent5testss_30test_list_agents_tool_metadata
FN:207,_RNvNtNtCslCT81iVnT6Y_16phi_kernel_tools11multi_agent5testss_30test_spawn_agent_format_output
FN:121,_RNvNtNtCslCT81iVnT6Y_16phi_kernel_tools11multi_agent5testss_30test_spawn_agent_tool_metadata
FN:220,_RNvNtNtCslCT81iVnT6Y_16phi_kernel_tools11multi_agent5testss_31test_send_message_format_output
FN:142,_RNvNtNtCslCT81iVnT6Y_16phi_kernel_tools11multi_agent5testss_31test_send_message_tool_metadata
FN:470,_RNvNtNtCslCT81iVnT6Y_16phi_kernel_tools11multi_agent5testss_31test_spawn_agent_limit_exceeded
FN:229,_RNvNtNtCslCT81iVnT6Y_16phi_kernel_tools11multi_agent5testss_32test_followup_task_format_output
FN:157,_RNvNtNtCslCT81iVnT6Y_16phi_kernel_tools11multi_agent5testss_32test_followup_task_tool_metadata
FN:443,_RNvNtNtCslCT81iVnT6Y_16phi_kernel_tools11multi_agent5testss_32test_spawn_agent_with_agent_type
FN:538,_RNvNtNtCslCT81iVnT6Y_16phi_kernel_tools11multi_agent5testss_33test_create_all_tools_returns_six
FN:338,_RNvNtNtCslCT81iVnT6Y_16phi_kernel_tools11multi_agent5testss_45test_send_message_and_followup_task_roundtrip
FN:79,_RNvXNtNtCslCT81iVnT6Y_16phi_kernel_tools11multi_agent5testsNtB2_10StubClientNtNtCsiVpjUWqeQxu_9llm_trait8provider11LlmProvider12capabilities
FN:67,_RNvXNtNtCslCT81iVnT6Y_16phi_kernel_tools11multi_agent5testsNtB2_10StubClientNtNtCsiVpjUWqeQxu_9llm_trait8provider11LlmProvider4chat
FN:90,_RNvXNtNtCslCT81iVnT6Y_16phi_kernel_tools11multi_agent5testsNtB2_10StubClientNtNtCsiVpjUWqeQxu_9llm_trait8provider11LlmProvider4info
FN:55,_RNvXNtNtCslCT81iVnT6Y_16phi_kernel_tools11multi_agent5testsNtB2_10StubClientNtNtCsiVpjUWqeQxu_9llm_trait8provider11LlmProvider6stream
FN:409,_RNCNvNtNtCslCT81iVnT6Y_16phi_kernel_tools11multi_agent5testss_21test_spawn_agent_call0B7_
FN:272,_RNCNvNtNtCslCT81iVnT6Y_16phi_kernel_tools11multi_agent5testss_27test_list_agents_call_empty0B7_
FN:281,_RNCNvNtNtCslCT81iVnT6Y_16phi_kernel_tools11multi_agent5testss_28test_close_agent_nonexistent0B7_
FN:299,_RNCNvNtNtCslCT81iVnT6Y_16phi_kernel_tools11multi_agent5testss_29test_send_message_nonexistent0B7_
FN:317,_RNCNvNtNtCslCT81iVnT6Y_16phi_kernel_tools11multi_agent5testss_30test_followup_task_nonexistent0B7_
FN:470,_RNCNvNtNtCslCT81iVnT6Y_16phi_kernel_tools11multi_agent5testss_31test_spawn_agent_limit_exceeded0B7_
FN:443,_RNCNvNtNtCslCT81iVnT6Y_16phi_kernel_tools11multi_agent5testss_32test_spawn_agent_with_agent_type0B7_
FN:543,_RNCNvNtNtCslCT81iVnT6Y_16phi_kernel_tools11multi_agent5testss_33test_create_all_tools_returns_six0B7_
FN:338,_RNCNvNtNtCslCT81iVnT6Y_16phi_kernel_tools11multi_agent5testss_45test_send_message_and_followup_task_roundtrip0B7_
FN:28,_RNvNtCslCT81iVnT6Y_16phi_kernel_tools11multi_agent16create_all_tools
FNDA:2,_RNvNtCsk9y6mteqSET_16phi_kernel_tools11multi_agent16create_all_tools
FNDA:19,_RNvNtNtCslCT81iVnT6Y_16phi_kernel_tools11multi_agent5tests12make_runtime
FNDA:8,_RNvNtNtCslCT81iVnT6Y_16phi_kernel_tools11multi_agent5tests13make_tool_ctx
FNDA:1,_RNvNtNtCslCT81iVnT6Y_16phi_kernel_tools11multi_agent5testss_21test_spawn_agent_call
FNDA:1,_RNvNtNtCslCT81iVnT6Y_16phi_kernel_tools11multi_agent5testss_27test_list_agents_call_empty
FNDA:1,_RNvNtNtCslCT81iVnT6Y_16phi_kernel_tools11multi_agent5testss_28test_close_agent_nonexistent
FNDA:1,_RNvNtNtCslCT81iVnT6Y_16phi_kernel_tools11multi_agent5testss_29test_send_message_nonexistent
FNDA:1,_RNvNtNtCslCT81iVnT6Y_16phi_kernel_tools11multi_agent5testss_29test_wait_agent_format_output
FNDA:1,_RNvNtNtCslCT81iVnT6Y_16phi_kernel_tools11multi_agent5testss_29test_wait_agent_tool_metadata
FNDA:1,_RNvNtNtCslCT81iVnT6Y_16phi_kernel_tools11multi_agent5testss_30test_close_agent_format_output
FNDA:1,_RNvNtNtCslCT81iVnT6Y_16phi_kernel_tools11multi_agent5testss_30test_close_agent_tool_metadata
FNDA:1,_RNvNtNtCslCT81iVnT6Y_16phi_kernel_tools11multi_agent5testss_30test_followup_task_nonexistent
FNDA:1,_RNvNtNtCslCT81iVnT6Y_16phi_kernel_tools11multi_agent5testss_30test_list_agents_tool_metadata
FNDA:1,_RNvNtNtCslCT81iVnT6Y_16phi_kernel_tools11multi_agent5testss_30test_spawn_agent_format_output
FNDA:1,_RNvNtNtCslCT81iVnT6Y_16phi_kernel_tools11multi_agent5testss_30test_spawn_agent_tool_metadata
FNDA:1,_RNvNtNtCslCT81iVnT6Y_16phi_kernel_tools11multi_agent5testss_31test_send_message_format_output
FNDA:1,_RNvNtNtCslCT81iVnT6Y_16phi_kernel_tools11multi_agent5testss_31test_send_message_tool_metadata
FNDA:1,_RNvNtNtCslCT81iVnT6Y_16phi_kernel_tools11multi_agent5testss_31test_spawn_agent_limit_exceeded
FNDA:1,_RNvNtNtCslCT81iVnT6Y_16phi_kernel_tools11multi_agent5testss_32test_followup_task_format_output
FNDA:1,_RNvNtNtCslCT81iVnT6Y_16phi_kernel_tools11multi_agent5testss_32test_followup_task_tool_metadata
FNDA:1,_RNvNtNtCslCT81iVnT6Y_16phi_kernel_tools11multi_agent5testss_32test_spawn_agent_with_agent_type
FNDA:1,_RNvNtNtCslCT81iVnT6Y_16phi_kernel_tools11multi_agent5testss_33test_create_all_tools_returns_six
FNDA:1,_RNvNtNtCslCT81iVnT6Y_16phi_kernel_tools11multi_agent5testss_45test_send_message_and_followup_task_roundtrip
FNDA:0,_RNvXNtNtCslCT81iVnT6Y_16phi_kernel_tools11multi_agent5testsNtB2_10StubClientNtNtCsiVpjUWqeQxu_9llm_trait8provider11LlmProvider12capabilities
FNDA:0,_RNvXNtNtCslCT81iVnT6Y_16phi_kernel_tools11multi_agent5testsNtB2_10StubClientNtNtCsiVpjUWqeQxu_9llm_trait8provider11LlmProvider4chat
FNDA:1,_RNvXNtNtCslCT81iVnT6Y_16phi_kernel_tools11multi_agent5testsNtB2_10StubClientNtNtCsiVpjUWqeQxu_9llm_trait8provider11LlmProvider4info
FNDA:1,_RNvXNtNtCslCT81iVnT6Y_16phi_kernel_tools11multi_agent5testsNtB2_10StubClientNtNtCsiVpjUWqeQxu_9llm_trait8provider11LlmProvider6stream
FNDA:1,_RNCNvNtNtCslCT81iVnT6Y_16phi_kernel_tools11multi_agent5testss_21test_spawn_agent_call0B7_
FNDA:1,_RNCNvNtNtCslCT81iVnT6Y_16phi_kernel_tools11multi_agent5testss_27test_list_agents_call_empty0B7_
FNDA:1,_RNCNvNtNtCslCT81iVnT6Y_16phi_kernel_tools11multi_agent5testss_28test_close_agent_nonexistent0B7_
FNDA:1,_RNCNvNtNtCslCT81iVnT6Y_16phi_kernel_tools11multi_agent5testss_29test_send_message_nonexistent0B7_
FNDA:1,_RNCNvNtNtCslCT81iVnT6Y_16phi_kernel_tools11multi_agent5testss_30test_followup_task_nonexistent0B7_
FNDA:1,_RNCNvNtNtCslCT81iVnT6Y_16phi_kernel_tools11multi_agent5testss_31test_spawn_agent_limit_exceeded0B7_
FNDA:1,_RNCNvNtNtCslCT81iVnT6Y_16phi_kernel_tools11multi_agent5testss_32test_spawn_agent_with_agent_type0B7_
FNDA:6,_RNCNvNtNtCslCT81iVnT6Y_16phi_kernel_tools11multi_agent5testss_33test_create_all_tools_returns_six0B7_
FNDA:1,_RNCNvNtNtCslCT81iVnT6Y_16phi_kernel_tools11multi_agent5testss_45test_send_message_and_followup_task_roundtrip0B7_
FNDA:1,_RNvNtCslCT81iVnT6Y_16phi_kernel_tools11multi_agent16create_all_tools
FNF:36
FNH:34
DA:28,3
DA:29,3
DA:30,3
DA:31,3
DA:32,3
DA:33,3
DA:34,3
DA:35,3
DA:37,3
DA:55,1
DA:65,1
DA:67,0
DA:77,0
DA:79,0
DA:80,0
DA:81,0
DA:82,0
DA:83,0
DA:84,0
DA:85,0
DA:86,0
DA:87,0
DA:88,0
DA:90,1
DA:91,1
DA:92,1
DA:93,1
DA:94,1
DA:95,1
DA:96,1
DA:99,19
DA:100,19
DA:101,19
DA:102,19
DA:103,19
DA:104,19
DA:105,19
DA:106,19
DA:107,19
DA:108,19
DA:109,19
DA:110,19
DA:112,19
DA:114,8
DA:115,8
DA:116,8
DA:121,1
DA:122,1
DA:123,1
DA:124,1
DA:125,1
DA:126,1
DA:127,1
DA:128,1
DA:129,1
DA:130,1
DA:131,1
DA:133,1
DA:134,1
DA:135,1
DA:136,1
DA:137,1
DA:139,1
DA:142,1
DA:143,1
DA:144,1
DA:145,1
DA:146,1
DA:147,1
DA:148,1
DA:149,1
DA:150,1
DA:151,1
DA:152,1
DA:154,1
DA:157,1
DA:158,1
DA:159,1
DA:160,1
DA:161,1
DA:162,1
DA:163,1
DA:164,1
DA:165,1
DA:166,1
DA:168,1
DA:171,1
DA:172,1
DA:173,1
DA:174,1
DA:175,1
DA:176,1
DA:178,1
DA:179,1
DA:182,1
DA:183,1
DA:184,1
DA:185,1
DA:186,1
DA:187,1
DA:188,1
DA:191,1
DA:192,1
DA:193,1
DA:194,1
DA:195,1
DA:196,1
DA:197,1
DA:198,1
DA:199,1
DA:200,1
DA:202,1
DA:207,1
DA:208,1
DA:209,1
DA:210,1
DA:211,1
DA:212,1
DA:213,1
DA:214,1
DA:215,1
DA:216,1
DA:217,1
DA:220,1
DA:221,1
DA:222,1
DA:223,1
DA:224,1
DA:225,1
DA:226,1
DA:229,1
DA:230,1
DA:231,1
DA:232,1
DA:233,1
DA:234,1
DA:235,1
DA:236,1
DA:237,1
DA:238,1
DA:241,1
DA:242,1
DA:243,1
DA:244,1
DA:245,1
DA:246,1
DA:247,1
DA:248,1
DA:249,1
DA:250,1
DA:251,1
DA:252,1
DA:253,1
DA:254,1
DA:257,1
DA:258,1
DA:259,1
DA:260,1
DA:261,1
DA:262,1
DA:263,1
DA:264,1
DA:265,1
DA:266,1
DA:267,1
DA:272,1
DA:273,1
DA:274,1
DA:275,1
DA:276,1
DA:277,1
DA:278,1
DA:281,1
DA:282,1
DA:283,1
DA:284,1
DA:285,1
DA:286,1
DA:287,1
DA:288,1
DA:289,1
DA:290,1
DA:291,1
DA:292,1
DA:293,1
DA:294,1
DA:295,1
DA:296,1
DA:299,1
DA:300,1
DA:301,1
DA:302,1
DA:303,1
DA:304,1
DA:305,1
DA:306,1
DA:307,1
DA:308,1
DA:309,1
DA:310,1
DA:311,1
DA:312,1
DA:313,1
DA:314,1
DA:317,1
DA:318,1
DA:319,1
DA:320,1
DA:321,1
DA:322,1
DA:323,1
DA:324,1
DA:325,1
DA:326,1
DA:327,1
DA:328,1
DA:329,1
DA:330,1
DA:331,1
DA:332,1
DA:333,1
DA:338,1
DA:339,1
DA:342,1
DA:343,1
DA:344,1
DA:345,1
DA:348,1
DA:349,1
DA:350,1
DA:351,1
DA:352,1
DA:353,1
DA:354,1
DA:355,1
DA:356,1
DA:357,1
DA:358,1
DA:359,1
DA:360,1
DA:363,1
DA:364,1
DA:365,1
DA:366,1
DA:367,1
DA:368,1
DA:369,1
DA:370,1
DA:371,1
DA:372,1
DA:373,1
DA:374,1
DA:375,1
DA:378,1
DA:379,1
DA:380,1
DA:381,1
DA:382,1
DA:383,1
DA:384,1
DA:385,1
DA:386,1
DA:387,1
DA:388,1
DA:389,1
DA:390,1
DA:393,1
DA:394,1
DA:395,1
DA:396,1
DA:397,1
DA:398,1
DA:399,1
DA:400,1
DA:401,1
DA:402,1
DA:403,1
DA:404,1
DA:409,1
DA:410,1
DA:411,1
DA:412,1
DA:414,1
DA:415,1
DA:416,1
DA:417,1
DA:418,1
DA:419,1
DA:420,1
DA:421,1
DA:422,1
DA:423,1
DA:424,1
DA:425,1
DA:426,1
DA:427,1
DA:428,1
DA:430,1
DA:431,1
DA:434,1
DA:435,1
DA:436,1
DA:437,1
DA:438,1
DA:443,1
DA:444,1
DA:445,1
DA:446,1
DA:448,1
DA:449,1
DA:450,1
DA:451,1
DA:452,1
DA:453,1
DA:454,1
DA:455,1
DA:456,1
DA:457,1
DA:458,1
DA:459,1
DA:460,1
DA:461,1
DA:462,1
DA:464,1
DA:465,1
DA:470,1
DA:471,1
DA:472,1
DA:473,1
DA:474,1
DA:475,1
DA:476,1
DA:477,1
DA:478,1
DA:479,1
DA:480,1
DA:481,1
DA:482,1
DA:483,1
DA:484,1
DA:485,1
DA:486,1
DA:487,1
DA:488,1
DA:489,1
DA:490,1
DA:493,1
DA:494,1
DA:497,1
DA:498,1
DA:499,1
DA:500,1
DA:501,1
DA:502,1
DA:503,1
DA:504,1
DA:505,1
DA:506,1
DA:507,1
DA:508,1
DA:509,1
DA:510,1
DA:511,1
DA:512,1
DA:515,1
DA:516,1
DA:517,1
DA:518,1
DA:519,1
DA:520,1
DA:521,1
DA:522,1
DA:523,1
DA:524,1
DA:525,1
DA:526,1
DA:527,1
DA:528,1
DA:529,1
DA:531,1
DA:532,1
DA:533,1
DA:538,1
DA:539,1
DA:540,1
DA:541,1
DA:543,6
DA:544,1
DA:545,1
DA:546,1
DA:547,1
DA:548,1
DA:549,1
DA:550,1
BRF:0
BRH:0
LF:411
LH:399
end_of_record
SF:/Users/kangzengchen/source/buka/buka-works/phi-kernel-tools/src/multi_agent/send_message.rs
FN:25,_RNvMNtNtCsk9y6mteqSET_16phi_kernel_tools11multi_agent12send_messageNtB2_15SendMessageTool3new
FN:44,_RNvXs1_NtNtCsk9y6mteqSET_16phi_kernel_tools11multi_agent12send_messageNtB5_15SendMessageToolNtNtCscZ596kT2lAr_10agent_base4tool9TypedTool10call_typed
FN:39,_RNvXs1_NtNtCsk9y6mteqSET_16phi_kernel_tools11multi_agent12send_messageNtB5_15SendMessageToolNtNtCscZ596kT2lAr_10agent_base4tool9TypedTool11description
FN:35,_RNvXs1_NtNtCsk9y6mteqSET_16phi_kernel_tools11multi_agent12send_messageNtB5_15SendMessageToolNtNtCscZ596kT2lAr_10agent_base4tool9TypedTool4name
FN:25,_RNvMNtNtCslCT81iVnT6Y_16phi_kernel_tools11multi_agent12send_messageNtB2_15SendMessageTool3new
FN:44,_RNvXs1_NtNtCslCT81iVnT6Y_16phi_kernel_tools11multi_agent12send_messageNtB5_15SendMessageToolNtNtCscZ596kT2lAr_10agent_base4tool9TypedTool10call_typed
FN:39,_RNvXs1_NtNtCslCT81iVnT6Y_16phi_kernel_tools11multi_agent12send_messageNtB5_15SendMessageToolNtNtCscZ596kT2lAr_10agent_base4tool9TypedTool11description
FN:35,_RNvXs1_NtNtCslCT81iVnT6Y_16phi_kernel_tools11multi_agent12send_messageNtB5_15SendMessageToolNtNtCscZ596kT2lAr_10agent_base4tool9TypedTool4name
FNDA:2,_RNvMNtNtCsk9y6mteqSET_16phi_kernel_tools11multi_agent12send_messageNtB2_15SendMessageTool3new
FNDA:0,_RNvXs1_NtNtCsk9y6mteqSET_16phi_kernel_tools11multi_agent12send_messageNtB5_15SendMessageToolNtNtCscZ596kT2lAr_10agent_base4tool9TypedTool10call_typed
FNDA:1,_RNvXs1_NtNtCsk9y6mteqSET_16phi_kernel_tools11multi_agent12send_messageNtB5_15SendMessageToolNtNtCscZ596kT2lAr_10agent_base4tool9TypedTool11description
FNDA:4,_RNvXs1_NtNtCsk9y6mteqSET_16phi_kernel_tools11multi_agent12send_messageNtB5_15SendMessageToolNtNtCscZ596kT2lAr_10agent_base4tool9TypedTool4name
FNDA:5,_RNvMNtNtCslCT81iVnT6Y_16phi_kernel_tools11multi_agent12send_messageNtB2_15SendMessageTool3new
FNDA:2,_RNvXs1_NtNtCslCT81iVnT6Y_16phi_kernel_tools11multi_agent12send_messageNtB5_15SendMessageToolNtNtCscZ596kT2lAr_10agent_base4tool9TypedTool10call_typed
FNDA:1,_RNvXs1_NtNtCslCT81iVnT6Y_16phi_kernel_tools11multi_agent12send_messageNtB5_15SendMessageToolNtNtCscZ596kT2lAr_10agent_base4tool9TypedTool11description
FNDA:2,_RNvXs1_NtNtCslCT81iVnT6Y_16phi_kernel_tools11multi_agent12send_messageNtB5_15SendMessageToolNtNtCscZ596kT2lAr_10agent_base4tool9TypedTool4name
FNF:4
FNH:4
DA:25,7
DA:26,7
DA:27,7
DA:35,6
DA:36,6
DA:37,6
DA:39,2
DA:40,2
DA:41,2
DA:42,2
DA:44,2
DA:50,2
BRF:0
BRH:0
LF:12
LH:12
end_of_record
SF:/Users/kangzengchen/source/buka/buka-works/phi-kernel-tools/src/multi_agent/spawn_agent.rs
FN:48,_RNvMNtNtCsk9y6mteqSET_16phi_kernel_tools11multi_agent11spawn_agentNtB2_14SpawnAgentTool3new
FN:33,_RNvNtNtCsk9y6mteqSET_16phi_kernel_tools11multi_agent11spawn_agent13default_depth
FN:70,_RNvXs1_NtNtCsk9y6mteqSET_16phi_kernel_tools11multi_agent11spawn_agentNtB5_14SpawnAgentToolNtNtCscZ596kT2lAr_10agent_base4tool9TypedTool10call_typed
FN:62,_RNvXs1_NtNtCsk9y6mteqSET_16phi_kernel_tools11multi_agent11spawn_agentNtB5_14SpawnAgentToolNtNtCscZ596kT2lAr_10agent_base4tool9TypedTool11description
FN:58,_RNvXs1_NtNtCsk9y6mteqSET_16phi_kernel_tools11multi_agent11spawn_agentNtB5_14SpawnAgentToolNtNtCscZ596kT2lAr_10agent_base4tool9TypedTool4name
FN:75,_RNCNCNvXs1_NtNtCsk9y6mteqSET_16phi_kernel_tools11multi_agent11spawn_agentNtB9_14SpawnAgentToolNtNtCscZ596kT2lAr_10agent_base4tool9TypedTool10call_typed00Bd_
FN:76,_RNCNCNvXs1_NtNtCsk9y6mteqSET_16phi_kernel_tools11multi_agent11spawn_agentNtB9_14SpawnAgentToolNtNtCscZ596kT2lAr_10agent_base4tool9TypedTool10call_typed0s_0Bd_
FN:75,_RNCNCNvXs1_NtNtCslCT81iVnT6Y_16phi_kernel_tools11multi_agent11spawn_agentNtB9_14SpawnAgentToolNtNtCscZ596kT2lAr_10agent_base4tool9TypedTool10call_typed00Bd_
FN:76,_RNCNCNvXs1_NtNtCslCT81iVnT6Y_16phi_kernel_tools11multi_agent11spawn_agentNtB9_14SpawnAgentToolNtNtCscZ596kT2lAr_10agent_base4tool9TypedTool10call_typed0s_0Bd_
FN:48,_RNvMNtNtCslCT81iVnT6Y_16phi_kernel_tools11multi_agent11spawn_agentNtB2_14SpawnAgentTool3new
FN:33,_RNvNtNtCslCT81iVnT6Y_16phi_kernel_tools11multi_agent11spawn_agent13default_depth
FN:70,_RNvXs1_NtNtCslCT81iVnT6Y_16phi_kernel_tools11multi_agent11spawn_agentNtB5_14SpawnAgentToolNtNtCscZ596kT2lAr_10agent_base4tool9TypedTool10call_typed
FN:62,_RNvXs1_NtNtCslCT81iVnT6Y_16phi_kernel_tools11multi_agent11spawn_agentNtB5_14SpawnAgentToolNtNtCscZ596kT2lAr_10agent_base4tool9TypedTool11description
FN:58,_RNvXs1_NtNtCslCT81iVnT6Y_16phi_kernel_tools11multi_agent11spawn_agentNtB5_14SpawnAgentToolNtNtCscZ596kT2lAr_10agent_base4tool9TypedTool4name
FNDA:2,_RNvMNtNtCsk9y6mteqSET_16phi_kernel_tools11multi_agent11spawn_agentNtB2_14SpawnAgentTool3new
FNDA:0,_RNvNtNtCsk9y6mteqSET_16phi_kernel_tools11multi_agent11spawn_agent13default_depth
FNDA:0,_RNvXs1_NtNtCsk9y6mteqSET_16phi_kernel_tools11multi_agent11spawn_agentNtB5_14SpawnAgentToolNtNtCscZ596kT2lAr_10agent_base4tool9TypedTool10call_typed
FNDA:1,_RNvXs1_NtNtCsk9y6mteqSET_16phi_kernel_tools11multi_agent11spawn_agentNtB5_14SpawnAgentToolNtNtCscZ596kT2lAr_10agent_base4tool9TypedTool11description
FNDA:4,_RNvXs1_NtNtCsk9y6mteqSET_16phi_kernel_tools11multi_agent11spawn_agentNtB5_14SpawnAgentToolNtNtCscZ596kT2lAr_10agent_base4tool9TypedTool4name
FNDA:0,_RNCNCNvXs1_NtNtCsk9y6mteqSET_16phi_kernel_tools11multi_agent11spawn_agentNtB9_14SpawnAgentToolNtNtCscZ596kT2lAr_10agent_base4tool9TypedTool10call_typed00Bd_
FNDA:0,_RNCNCNvXs1_NtNtCsk9y6mteqSET_16phi_kernel_tools11multi_agent11spawn_agentNtB9_14SpawnAgentToolNtNtCscZ596kT2lAr_10agent_base4tool9TypedTool10call_typed0s_0Bd_
FNDA:1,_RNCNCNvXs1_NtNtCslCT81iVnT6Y_16phi_kernel_tools11multi_agent11spawn_agentNtB9_14SpawnAgentToolNtNtCscZ596kT2lAr_10agent_base4tool9TypedTool10call_typed00Bd_
FNDA:2,_RNCNCNvXs1_NtNtCslCT81iVnT6Y_16phi_kernel_tools11multi_agent11spawn_agentNtB9_14SpawnAgentToolNtNtCscZ596kT2lAr_10agent_base4tool9TypedTool10call_typed0s_0Bd_
FNDA:6,_RNvMNtNtCslCT81iVnT6Y_16phi_kernel_tools11multi_agent11spawn_agentNtB2_14SpawnAgentTool3new
FNDA:1,_RNvNtNtCslCT81iVnT6Y_16phi_kernel_tools11multi_agent11spawn_agent13default_depth
FNDA:4,_RNvXs1_NtNtCslCT81iVnT6Y_16phi_kernel_tools11multi_agent11spawn_agentNtB5_14SpawnAgentToolNtNtCscZ596kT2lAr_10agent_base4tool9TypedTool10call_typed
FNDA:1,_RNvXs1_NtNtCslCT81iVnT6Y_16phi_kernel_tools11multi_agent11spawn_agentNtB5_14SpawnAgentToolNtNtCscZ596kT2lAr_10agent_base4tool9TypedTool11description
FNDA:2,_RNvXs1_NtNtCslCT81iVnT6Y_16phi_kernel_tools11multi_agent11spawn_agentNtB5_14SpawnAgentToolNtNtCscZ596kT2lAr_10agent_base4tool9TypedTool4name
FNF:7
FNH:7
DA:33,1
DA:34,1
DA:35,1
DA:48,8
DA:49,8
DA:50,8
DA:58,6
DA:59,6
DA:60,6
DA:62,2
DA:63,2
DA:64,2
DA:65,2
DA:66,2
DA:67,2
DA:68,2
DA:70,4
DA:75,1
DA:76,2
DA:108,4
BRF:0
BRH:0
LF:20
LH:20
end_of_record
SF:/Users/kangzengchen/source/buka/buka-works/phi-kernel-tools/src/multi_agent/wait_agent.rs
FN:36,_RNvMNtNtCsk9y6mteqSET_16phi_kernel_tools11multi_agent10wait_agentNtB2_13WaitAgentTool3new
FN:17,_RNvNtNtCsk9y6mteqSET_16phi_kernel_tools11multi_agent10wait_agent18default_timeout_ms
FN:57,_RNvXs1_NtNtCsk9y6mteqSET_16phi_kernel_tools11multi_agent10wait_agentNtB5_13WaitAgentToolNtNtCscZ596kT2lAr_10agent_base4tool9TypedTool10call_typed
FN:50,_RNvXs1_NtNtCsk9y6mteqSET_16phi_kernel_tools11multi_agent10wait_agentNtB5_13WaitAgentToolNtNtCscZ596kT2lAr_10agent_base4tool9TypedTool11description
FN:46,_RNvXs1_NtNtCsk9y6mteqSET_16phi_kernel_tools11multi_agent10wait_agentNtB5_13WaitAgentToolNtNtCscZ596kT2lAr_10agent_base4tool9TypedTool4name
FN:36,_RNvMNtNtCslCT81iVnT6Y_16phi_kernel_tools11multi_agent10wait_agentNtB2_13WaitAgentTool3new
FN:17,_RNvNtNtCslCT81iVnT6Y_16phi_kernel_tools11multi_agent10wait_agent18default_timeout_ms
FN:57,_RNvXs1_NtNtCslCT81iVnT6Y_16phi_kernel_tools11multi_agent10wait_agentNtB5_13WaitAgentToolNtNtCscZ596kT2lAr_10agent_base4tool9TypedTool10call_typed
FN:50,_RNvXs1_NtNtCslCT81iVnT6Y_16phi_kernel_tools11multi_agent10wait_agentNtB5_13WaitAgentToolNtNtCscZ596kT2lAr_10agent_base4tool9TypedTool11description
FN:46,_RNvXs1_NtNtCslCT81iVnT6Y_16phi_kernel_tools11multi_agent10wait_agentNtB5_13WaitAgentToolNtNtCscZ596kT2lAr_10agent_base4tool9TypedTool4name
FNDA:2,_RNvMNtNtCsk9y6mteqSET_16phi_kernel_tools11multi_agent10wait_agentNtB2_13WaitAgentTool3new
FNDA:0,_RNvNtNtCsk9y6mteqSET_16phi_kernel_tools11multi_agent10wait_agent18default_timeout_ms
FNDA:0,_RNvXs1_NtNtCsk9y6mteqSET_16phi_kernel_tools11multi_agent10wait_agentNtB5_13WaitAgentToolNtNtCscZ596kT2lAr_10agent_base4tool9TypedTool10call_typed
FNDA:1,_RNvXs1_NtNtCsk9y6mteqSET_16phi_kernel_tools11multi_agent10wait_agentNtB5_13WaitAgentToolNtNtCscZ596kT2lAr_10agent_base4tool9TypedTool11description
FNDA:4,_RNvXs1_NtNtCsk9y6mteqSET_16phi_kernel_tools11multi_agent10wait_agentNtB5_13WaitAgentToolNtNtCscZ596kT2lAr_10agent_base4tool9TypedTool4name
FNDA:4,_RNvMNtNtCslCT81iVnT6Y_16phi_kernel_tools11multi_agent10wait_agentNtB2_13WaitAgentTool3new
FNDA:1,_RNvNtNtCslCT81iVnT6Y_16phi_kernel_tools11multi_agent10wait_agent18default_timeout_ms
FNDA:1,_RNvXs1_NtNtCslCT81iVnT6Y_16phi_kernel_tools11multi_agent10wait_agentNtB5_13WaitAgentToolNtNtCscZ596kT2lAr_10agent_base4tool9TypedTool10call_typed
FNDA:1,_RNvXs1_NtNtCslCT81iVnT6Y_16phi_kernel_tools11multi_agent10wait_agentNtB5_13WaitAgentToolNtNtCscZ596kT2lAr_10agent_base4tool9TypedTool11description
FNDA:2,_RNvXs1_NtNtCslCT81iVnT6Y_16phi_kernel_tools11multi_agent10wait_agentNtB5_13WaitAgentToolNtNtCscZ596kT2lAr_10agent_base4tool9TypedTool4name
FNF:5
FNH:5
DA:17,1
DA:18,1
DA:19,1
DA:36,6
DA:37,6
DA:38,6
DA:46,6
DA:47,6
DA:48,6
DA:50,2
DA:51,2
DA:52,2
DA:53,2
DA:54,2
DA:55,2
DA:57,1
DA:70,1
BRF:0
BRH:0
LF:17
LH:17
end_of_record